Copyright 1986-2018 Xilinx, Inc. All Rights Reserved.
--------------------------------------------------------------------------------------------------------------------------------------------------------------------------------------
| Tool Version : Vivado v.2018.2 (win64) Build 2258646 Thu Jun 14 20:03:12 MDT 2018
| Date         : Wed Sep 26 17:36:28 2018
| Host         : DESKTOP-01D8GON running 64-bit major release  (build 9200)
| Command      : report_methodology -file ElevatorEmulator_methodology_drc_routed.rpt -pb ElevatorEmulator_methodology_drc_routed.pb -rpx ElevatorEmulator_methodology_drc_routed.rpx
| Design       : ElevatorEmulator
| Device       : xc7a100tcsg324-1
| Speed File   : -1
| Design State : Routed
--------------------------------------------------------------------------------------------------------------------------------------------------------------------------------------

Report Methodology

Table of Contents
-----------------
1. REPORT SUMMARY
2. REPORT DETAILS

1. REPORT SUMMARY
-----------------
            Netlist: netlist
          Floorplan: design_1
      Design limits: <entire design considered>
             Max violations: <unlimited>
             Violations found: 66
+-----------+----------+-------------------------------+------------+
| Rule      | Severity | Description                   | Violations |
+-----------+----------+-------------------------------+------------+
| LUTAR-1   | Warning  | LUT drives async reset alert  | 8          |
| TIMING-17 | Warning  | Non-clocked sequential cell   | 24         |
| TIMING-18 | Warning  | Missing input or output delay | 21         |
| TIMING-20 | Warning  | Non-clocked latch             | 13         |
+-----------+----------+-------------------------------+------------+

2. REPORT DETAILS
-----------------
LUTAR-1#1 Warning
LUT drives async reset alert  
LUT cell EE_MotorSimMod/next_position_reg[0]_LDC_i_1, with 2 or more inputs, drives asynchronous preset/clear pin(s) EE_MotorSimMod/next_position_reg[0]_P/PRE. The LUT may glitch and trigger an unexpected reset, even if it is a properly timed path.
Related violations: <none>

LUTAR-1#2 Warning
LUT drives async reset alert  
LUT cell EE_MotorSimMod/next_position_reg[0]_LDC_i_2, with 2 or more inputs, drives asynchronous preset/clear pin(s) EE_MotorSimMod/next_position_reg[0]_C/CLR, EE_MotorSimMod/next_position_reg[0]_LDC/CLR. The LUT may glitch and trigger an unexpected reset, even if it is a properly timed path.
Related violations: <none>

LUTAR-1#3 Warning
LUT drives async reset alert  
LUT cell EE_MotorSimMod/next_position_reg[1]_LDC_i_1, with 2 or more inputs, drives asynchronous preset/clear pin(s) EE_MotorSimMod/next_position_reg[1]_P/PRE. The LUT may glitch and trigger an unexpected reset, even if it is a properly timed path.
Related violations: <none>

LUTAR-1#4 Warning
LUT drives async reset alert  
LUT cell EE_MotorSimMod/next_position_reg[1]_LDC_i_2, with 2 or more inputs, drives asynchronous preset/clear pin(s) EE_MotorSimMod/next_position_reg[1]_C/CLR, EE_MotorSimMod/next_position_reg[1]_LDC/CLR. The LUT may glitch and trigger an unexpected reset, even if it is a properly timed path.
Related violations: <none>

LUTAR-1#5 Warning
LUT drives async reset alert  
LUT cell EE_MotorSimMod/next_position_reg[2]_LDC_i_1, with 2 or more inputs, drives asynchronous preset/clear pin(s) EE_MotorSimMod/next_position_reg[2]_P/PRE. The LUT may glitch and trigger an unexpected reset, even if it is a properly timed path.
Related violations: <none>

LUTAR-1#6 Warning
LUT drives async reset alert  
LUT cell EE_MotorSimMod/next_position_reg[2]_LDC_i_2, with 2 or more inputs, drives asynchronous preset/clear pin(s) EE_MotorSimMod/next_position_reg[2]_C/CLR, EE_MotorSimMod/next_position_reg[2]_LDC/CLR. The LUT may glitch and trigger an unexpected reset, even if it is a properly timed path.
Related violations: <none>

LUTAR-1#7 Warning
LUT drives async reset alert  
LUT cell EE_MotorSimMod/next_position_reg[3]_LDC_i_1, with 2 or more inputs, drives asynchronous preset/clear pin(s) EE_MotorSimMod/next_position_reg[3]_P/PRE. The LUT may glitch and trigger an unexpected reset, even if it is a properly timed path.
Related violations: <none>

LUTAR-1#8 Warning
LUT drives async reset alert  
LUT cell EE_MotorSimMod/next_position_reg[3]_LDC_i_2, with 2 or more inputs, drives asynchronous preset/clear pin(s) EE_MotorSimMod/next_position_reg[3]_C/CLR, EE_MotorSimMod/next_position_reg[3]_LDC/CLR. The LUT may glitch and trigger an unexpected reset, even if it is a properly timed path.
Related violations: <none>

TIMING-17#1 Warning
Non-clocked sequential cell  
The clock pin EE_DispMod/ansel_reg[0]/C is not reached by a timing clock
Related violations: <none>

TIMING-17#2 Warning
Non-clocked sequential cell  
The clock pin EE_DispMod/ansel_reg[0]_lopt_replica/C is not reached by a timing clock
Related violations: <none>

TIMING-17#3 Warning
Non-clocked sequential cell  
The clock pin EE_DispMod/ansel_reg[1]/C is not reached by a timing clock
Related violations: <none>

TIMING-17#4 Warning
Non-clocked sequential cell  
The clock pin EE_DispMod/ansel_reg[1]_lopt_replica/C is not reached by a timing clock
Related violations: <none>

TIMING-17#5 Warning
Non-clocked sequential cell  
The clock pin EE_DispMod/ansel_reg[2]/C is not reached by a timing clock
Related violations: <none>

TIMING-17#6 Warning
Non-clocked sequential cell  
The clock pin EE_DispMod/ansel_reg[2]_lopt_replica/C is not reached by a timing clock
Related violations: <none>

TIMING-17#7 Warning
Non-clocked sequential cell  
The clock pin EE_DispMod/ansel_reg[3]/C is not reached by a timing clock
Related violations: <none>

TIMING-17#8 Warning
Non-clocked sequential cell  
The clock pin EE_DispMod/ansel_reg[3]_lopt_replica/C is not reached by a timing clock
Related violations: <none>

TIMING-17#9 Warning
Non-clocked sequential cell  
The clock pin EE_DispMod/ansel_reg[4]/C is not reached by a timing clock
Related violations: <none>

TIMING-17#10 Warning
Non-clocked sequential cell  
The clock pin EE_DispMod/ansel_reg[4]_lopt_replica/C is not reached by a timing clock
Related violations: <none>

TIMING-17#11 Warning
Non-clocked sequential cell  
The clock pin EE_DispMod/ansel_reg[5]/C is not reached by a timing clock
Related violations: <none>

TIMING-17#12 Warning
Non-clocked sequential cell  
The clock pin EE_DispMod/ansel_reg[5]_lopt_replica/C is not reached by a timing clock
Related violations: <none>

TIMING-17#13 Warning
Non-clocked sequential cell  
The clock pin EE_DispMod/ansel_reg[6]/C is not reached by a timing clock
Related violations: <none>

TIMING-17#14 Warning
Non-clocked sequential cell  
The clock pin EE_DispMod/ansel_reg[6]_lopt_replica/C is not reached by a timing clock
Related violations: <none>

TIMING-17#15 Warning
Non-clocked sequential cell  
The clock pin EE_DispMod/ansel_reg[7]/C is not reached by a timing clock
Related violations: <none>

TIMING-17#16 Warning
Non-clocked sequential cell  
The clock pin EE_DispMod/ansel_reg[7]_lopt_replica/C is not reached by a timing clock
Related violations: <none>

TIMING-17#17 Warning
Non-clocked sequential cell  
The clock pin EE_MotorSimMod/next_position_reg[0]_C/C is not reached by a timing clock
Related violations: <none>

TIMING-17#18 Warning
Non-clocked sequential cell  
The clock pin EE_MotorSimMod/next_position_reg[0]_P/C is not reached by a timing clock
Related violations: <none>

TIMING-17#19 Warning
Non-clocked sequential cell  
The clock pin EE_MotorSimMod/next_position_reg[1]_C/C is not reached by a timing clock
Related violations: <none>

TIMING-17#20 Warning
Non-clocked sequential cell  
The clock pin EE_MotorSimMod/next_position_reg[1]_P/C is not reached by a timing clock
Related violations: <none>

TIMING-17#21 Warning
Non-clocked sequential cell  
The clock pin EE_MotorSimMod/next_position_reg[2]_C/C is not reached by a timing clock
Related violations: <none>

TIMING-17#22 Warning
Non-clocked sequential cell  
The clock pin EE_MotorSimMod/next_position_reg[2]_P/C is not reached by a timing clock
Related violations: <none>

TIMING-17#23 Warning
Non-clocked sequential cell  
The clock pin EE_MotorSimMod/next_position_reg[3]_C/C is not reached by a timing clock
Related violations: <none>

TIMING-17#24 Warning
Non-clocked sequential cell  
The clock pin EE_MotorSimMod/next_position_reg[3]_P/C is not reached by a timing clock
Related violations: <none>

TIMING-18#1 Warning
Missing input or output delay  
An input delay is missing on btnC relative to clock(s) sys_clk_pin
Related violations: <none>

TIMING-18#2 Warning
Missing input or output delay  
An input delay is missing on btnD relative to clock(s) sys_clk_pin
Related violations: <none>

TIMING-18#3 Warning
Missing input or output delay  
An input delay is missing on btnL relative to clock(s) sys_clk_pin
Related violations: <none>

TIMING-18#4 Warning
Missing input or output delay  
An input delay is missing on btnR relative to clock(s) sys_clk_pin
Related violations: <none>

TIMING-18#5 Warning
Missing input or output delay  
An input delay is missing on btnU relative to clock(s) sys_clk_pin
Related violations: <none>

TIMING-18#6 Warning
Missing input or output delay  
An input delay is missing on sw[0] relative to clock(s) sys_clk_pin
Related violations: <none>

TIMING-18#7 Warning
Missing input or output delay  
An input delay is missing on sw[10] relative to clock(s) sys_clk_pin
Related violations: <none>

TIMING-18#8 Warning
Missing input or output delay  
An input delay is missing on sw[11] relative to clock(s) sys_clk_pin
Related violations: <none>

TIMING-18#9 Warning
Missing input or output delay  
An input delay is missing on sw[12] relative to clock(s) sys_clk_pin
Related violations: <none>

TIMING-18#10 Warning
Missing input or output delay  
An input delay is missing on sw[13] relative to clock(s) sys_clk_pin
Related violations: <none>

TIMING-18#11 Warning
Missing input or output delay  
An input delay is missing on sw[14] relative to clock(s) sys_clk_pin
Related violations: <none>

TIMING-18#12 Warning
Missing input or output delay  
An input delay is missing on sw[15] relative to clock(s) sys_clk_pin
Related violations: <none>

TIMING-18#13 Warning
Missing input or output delay  
An input delay is missing on sw[1] relative to clock(s) sys_clk_pin
Related violations: <none>

TIMING-18#14 Warning
Missing input or output delay  
An input delay is missing on sw[2] relative to clock(s) sys_clk_pin
Related violations: <none>

TIMING-18#15 Warning
Missing input or output delay  
An input delay is missing on sw[3] relative to clock(s) sys_clk_pin
Related violations: <none>

TIMING-18#16 Warning
Missing input or output delay  
An input delay is missing on sw[4] relative to clock(s) sys_clk_pin
Related violations: <none>

TIMING-18#17 Warning
Missing input or output delay  
An input delay is missing on sw[5] relative to clock(s) sys_clk_pin
Related violations: <none>

TIMING-18#18 Warning
Missing input or output delay  
An input delay is missing on sw[6] relative to clock(s) sys_clk_pin
Related violations: <none>

TIMING-18#19 Warning
Missing input or output delay  
An input delay is missing on sw[7] relative to clock(s) sys_clk_pin
Related violations: <none>

TIMING-18#20 Warning
Missing input or output delay  
An input delay is missing on sw[8] relative to clock(s) sys_clk_pin
Related violations: <none>

TIMING-18#21 Warning
Missing input or output delay  
An input delay is missing on sw[9] relative to clock(s) sys_clk_pin
Related violations: <none>

TIMING-20#1 Warning
Non-clocked latch  
The latch EE_DispMod/segments_reg[1] cannot be properly analyzed as its control pin EE_DispMod/segments_reg[1]/G is not reached by a timing clock
Related violations: <none>

TIMING-20#2 Warning
Non-clocked latch  
The latch EE_DispMod/segments_reg[2] cannot be properly analyzed as its control pin EE_DispMod/segments_reg[2]/G is not reached by a timing clock
Related violations: <none>

TIMING-20#3 Warning
Non-clocked latch  
The latch EE_DispMod/segments_reg[3] cannot be properly analyzed as its control pin EE_DispMod/segments_reg[3]/G is not reached by a timing clock
Related violations: <none>

TIMING-20#4 Warning
Non-clocked latch  
The latch EE_DispMod/segments_reg[4] cannot be properly analyzed as its control pin EE_DispMod/segments_reg[4]/G is not reached by a timing clock
Related violations: <none>

TIMING-20#5 Warning
Non-clocked latch  
The latch EE_DispMod/segments_reg[5] cannot be properly analyzed as its control pin EE_DispMod/segments_reg[5]/G is not reached by a timing clock
Related violations: <none>

TIMING-20#6 Warning
Non-clocked latch  
The latch EE_DispMod/segments_reg[6] cannot be properly analyzed as its control pin EE_DispMod/segments_reg[6]/G is not reached by a timing clock
Related violations: <none>

TIMING-20#7 Warning
Non-clocked latch  
The latch EE_DispMod/segments_reg[7] cannot be properly analyzed as its control pin EE_DispMod/segments_reg[7]/G is not reached by a timing clock
Related violations: <none>

TIMING-20#8 Warning
Non-clocked latch  
The latch EE_FSMMod/door_ctl_reg cannot be properly analyzed as its control pin EE_FSMMod/door_ctl_reg/G is not reached by a timing clock
Related violations: <none>

TIMING-20#9 Warning
Non-clocked latch  
The latch EE_FSMMod/last_move_reg cannot be properly analyzed as its control pin EE_FSMMod/last_move_reg/G is not reached by a timing clock
Related violations: <none>

TIMING-20#10 Warning
Non-clocked latch  
The latch EE_MotorSimMod/next_position_reg[0]_LDC cannot be properly analyzed as its control pin EE_MotorSimMod/next_position_reg[0]_LDC/G is not reached by a timing clock
Related violations: <none>

TIMING-20#11 Warning
Non-clocked latch  
The latch EE_MotorSimMod/next_position_reg[1]_LDC cannot be properly analyzed as its control pin EE_MotorSimMod/next_position_reg[1]_LDC/G is not reached by a timing clock
Related violations: <none>

TIMING-20#12 Warning
Non-clocked latch  
The latch EE_MotorSimMod/next_position_reg[2]_LDC cannot be properly analyzed as its control pin EE_MotorSimMod/next_position_reg[2]_LDC/G is not reached by a timing clock
Related violations: <none>

TIMING-20#13 Warning
Non-clocked latch  
The latch EE_MotorSimMod/next_position_reg[3]_LDC cannot be properly analyzed as its control pin EE_MotorSimMod/next_position_reg[3]_LDC/G is not reached by a timing clock
Related violations: <none>


