
*** Running vivado
    with args -log ElevatorEmulator.vdi -applog -m64 -product Vivado -messageDb vivado.pb -mode batch -source ElevatorEmulator.tcl -notrace


****** Vivado v2018.2 (64-bit)
  **** SW Build 2258646 on Thu Jun 14 20:03:12 MDT 2018
  **** IP Build 2256618 on Thu Jun 14 22:10:49 MDT 2018
    ** Copyright 1986-2018 Xilinx, Inc. All Rights Reserved.

source ElevatorEmulator.tcl -notrace
Command: link_design -top ElevatorEmulator -part xc7a100tcsg324-1
Design is defaulting to srcset: sources_1
Design is defaulting to constrset: constrs_1
INFO: [Netlist 29-17] Analyzing 39 Unisim elements for replacement
INFO: [Netlist 29-28] Unisim Transformation completed in 0 CPU seconds
INFO: [Project 1-479] Netlist was created with Vivado 2018.2
INFO: [Device 21-403] Loading part xc7a100tcsg324-1
INFO: [Project 1-570] Preparing netlist for logic optimization
Parsing XDC File [C:/Users/smdsbz/Projects/WasherController/WasherController.srcs/constrs_1/imports/实验1 - Vivado 设计流程_v3_2/Nexys4_Master.xdc]
WARNING: [Vivado 12-507] No nets matched 'sw_IBUF[0]'. [C:/Users/smdsbz/Projects/WasherController/WasherController.srcs/constrs_1/imports/实验1 - Vivado 设计流程_v3_2/Nexys4_Master.xdc:10]
CRITICAL WARNING: [Common 17-55] 'set_property' expects at least one object. [C:/Users/smdsbz/Projects/WasherController/WasherController.srcs/constrs_1/imports/实验1 - Vivado 设计流程_v3_2/Nexys4_Master.xdc:10]
Resolution: If [get_<value>] was used to populate the object, check to make sure this command returns at least one valid object.
WARNING: [Vivado 12-584] No ports matched 'btnCpuReset'. [C:/Users/smdsbz/Projects/WasherController/WasherController.srcs/constrs_1/imports/实验1 - Vivado 设计流程_v3_2/Nexys4_Master.xdc:65]
CRITICAL WARNING: [Common 17-55] 'set_property' expects at least one object. [C:/Users/smdsbz/Projects/WasherController/WasherController.srcs/constrs_1/imports/实验1 - Vivado 设计流程_v3_2/Nexys4_Master.xdc:65]
Resolution: If [get_<value>] was used to populate the object, check to make sure this command returns at least one valid object.
WARNING: [Vivado 12-584] No ports matched 'btnCpuReset'. [C:/Users/smdsbz/Projects/WasherController/WasherController.srcs/constrs_1/imports/实验1 - Vivado 设计流程_v3_2/Nexys4_Master.xdc:66]
CRITICAL WARNING: [Common 17-55] 'set_property' expects at least one object. [C:/Users/smdsbz/Projects/WasherController/WasherController.srcs/constrs_1/imports/实验1 - Vivado 设计流程_v3_2/Nexys4_Master.xdc:66]
Resolution: If [get_<value>] was used to populate the object, check to make sure this command returns at least one valid object.
WARNING: [Vivado 12-584] No ports matched 'RGB1_Blue'. [C:/Users/smdsbz/Projects/WasherController/WasherController.srcs/constrs_1/imports/实验1 - Vivado 设计流程_v3_2/Nexys4_Master.xdc:147]
CRITICAL WARNING: [Common 17-55] 'set_property' expects at least one object. [C:/Users/smdsbz/Projects/WasherController/WasherController.srcs/constrs_1/imports/实验1 - Vivado 设计流程_v3_2/Nexys4_Master.xdc:147]
Resolution: If [get_<value>] was used to populate the object, check to make sure this command returns at least one valid object.
WARNING: [Vivado 12-584] No ports matched 'RGB1_Blue'. [C:/Users/smdsbz/Projects/WasherController/WasherController.srcs/constrs_1/imports/实验1 - Vivado 设计流程_v3_2/Nexys4_Master.xdc:148]
CRITICAL WARNING: [Common 17-55] 'set_property' expects at least one object. [C:/Users/smdsbz/Projects/WasherController/WasherController.srcs/constrs_1/imports/实验1 - Vivado 设计流程_v3_2/Nexys4_Master.xdc:148]
Resolution: If [get_<value>] was used to populate the object, check to make sure this command returns at least one valid object.
WARNING: [Vivado 12-584] No ports matched 'RGB2_Red'. [C:/Users/smdsbz/Projects/WasherController/WasherController.srcs/constrs_1/imports/实验1 - Vivado 设计流程_v3_2/Nexys4_Master.xdc:150]
CRITICAL WARNING: [Common 17-55] 'set_property' expects at least one object. [C:/Users/smdsbz/Projects/WasherController/WasherController.srcs/constrs_1/imports/实验1 - Vivado 设计流程_v3_2/Nexys4_Master.xdc:150]
Resolution: If [get_<value>] was used to populate the object, check to make sure this command returns at least one valid object.
WARNING: [Vivado 12-584] No ports matched 'RGB2_Red'. [C:/Users/smdsbz/Projects/WasherController/WasherController.srcs/constrs_1/imports/实验1 - Vivado 设计流程_v3_2/Nexys4_Master.xdc:151]
CRITICAL WARNING: [Common 17-55] 'set_property' expects at least one object. [C:/Users/smdsbz/Projects/WasherController/WasherController.srcs/constrs_1/imports/实验1 - Vivado 设计流程_v3_2/Nexys4_Master.xdc:151]
Resolution: If [get_<value>] was used to populate the object, check to make sure this command returns at least one valid object.
WARNING: [Vivado 12-584] No ports matched 'JA[0]'. [C:/Users/smdsbz/Projects/WasherController/WasherController.srcs/constrs_1/imports/实验1 - Vivado 设计流程_v3_2/Nexys4_Master.xdc:220]
CRITICAL WARNING: [Common 17-55] 'set_property' expects at least one object. [C:/Users/smdsbz/Projects/WasherController/WasherController.srcs/constrs_1/imports/实验1 - Vivado 设计流程_v3_2/Nexys4_Master.xdc:220]
Resolution: If [get_<value>] was used to populate the object, check to make sure this command returns at least one valid object.
WARNING: [Vivado 12-584] No ports matched 'JA[0]'. [C:/Users/smdsbz/Projects/WasherController/WasherController.srcs/constrs_1/imports/实验1 - Vivado 设计流程_v3_2/Nexys4_Master.xdc:221]
CRITICAL WARNING: [Common 17-55] 'set_property' expects at least one object. [C:/Users/smdsbz/Projects/WasherController/WasherController.srcs/constrs_1/imports/实验1 - Vivado 设计流程_v3_2/Nexys4_Master.xdc:221]
Resolution: If [get_<value>] was used to populate the object, check to make sure this command returns at least one valid object.
WARNING: [Vivado 12-584] No ports matched 'JA[1]'. [C:/Users/smdsbz/Projects/WasherController/WasherController.srcs/constrs_1/imports/实验1 - Vivado 设计流程_v3_2/Nexys4_Master.xdc:223]
CRITICAL WARNING: [Common 17-55] 'set_property' expects at least one object. [C:/Users/smdsbz/Projects/WasherController/WasherController.srcs/constrs_1/imports/实验1 - Vivado 设计流程_v3_2/Nexys4_Master.xdc:223]
Resolution: If [get_<value>] was used to populate the object, check to make sure this command returns at least one valid object.
WARNING: [Vivado 12-584] No ports matched 'JA[1]'. [C:/Users/smdsbz/Projects/WasherController/WasherController.srcs/constrs_1/imports/实验1 - Vivado 设计流程_v3_2/Nexys4_Master.xdc:224]
CRITICAL WARNING: [Common 17-55] 'set_property' expects at least one object. [C:/Users/smdsbz/Projects/WasherController/WasherController.srcs/constrs_1/imports/实验1 - Vivado 设计流程_v3_2/Nexys4_Master.xdc:224]
Resolution: If [get_<value>] was used to populate the object, check to make sure this command returns at least one valid object.
WARNING: [Vivado 12-584] No ports matched 'JA[2]'. [C:/Users/smdsbz/Projects/WasherController/WasherController.srcs/constrs_1/imports/实验1 - Vivado 设计流程_v3_2/Nexys4_Master.xdc:226]
CRITICAL WARNING: [Common 17-55] 'set_property' expects at least one object. [C:/Users/smdsbz/Projects/WasherController/WasherController.srcs/constrs_1/imports/实验1 - Vivado 设计流程_v3_2/Nexys4_Master.xdc:226]
Resolution: If [get_<value>] was used to populate the object, check to make sure this command returns at least one valid object.
WARNING: [Vivado 12-584] No ports matched 'JA[2]'. [C:/Users/smdsbz/Projects/WasherController/WasherController.srcs/constrs_1/imports/实验1 - Vivado 设计流程_v3_2/Nexys4_Master.xdc:227]
CRITICAL WARNING: [Common 17-55] 'set_property' expects at least one object. [C:/Users/smdsbz/Projects/WasherController/WasherController.srcs/constrs_1/imports/实验1 - Vivado 设计流程_v3_2/Nexys4_Master.xdc:227]
Resolution: If [get_<value>] was used to populate the object, check to make sure this command returns at least one valid object.
WARNING: [Vivado 12-584] No ports matched 'JA[3]'. [C:/Users/smdsbz/Projects/WasherController/WasherController.srcs/constrs_1/imports/实验1 - Vivado 设计流程_v3_2/Nexys4_Master.xdc:229]
CRITICAL WARNING: [Common 17-55] 'set_property' expects at least one object. [C:/Users/smdsbz/Projects/WasherController/WasherController.srcs/constrs_1/imports/实验1 - Vivado 设计流程_v3_2/Nexys4_Master.xdc:229]
Resolution: If [get_<value>] was used to populate the object, check to make sure this command returns at least one valid object.
WARNING: [Vivado 12-584] No ports matched 'JA[3]'. [C:/Users/smdsbz/Projects/WasherController/WasherController.srcs/constrs_1/imports/实验1 - Vivado 设计流程_v3_2/Nexys4_Master.xdc:230]
CRITICAL WARNING: [Common 17-55] 'set_property' expects at least one object. [C:/Users/smdsbz/Projects/WasherController/WasherController.srcs/constrs_1/imports/实验1 - Vivado 设计流程_v3_2/Nexys4_Master.xdc:230]
Resolution: If [get_<value>] was used to populate the object, check to make sure this command returns at least one valid object.
WARNING: [Vivado 12-584] No ports matched 'JA[4]'. [C:/Users/smdsbz/Projects/WasherController/WasherController.srcs/constrs_1/imports/实验1 - Vivado 设计流程_v3_2/Nexys4_Master.xdc:232]
CRITICAL WARNING: [Common 17-55] 'set_property' expects at least one object. [C:/Users/smdsbz/Projects/WasherController/WasherController.srcs/constrs_1/imports/实验1 - Vivado 设计流程_v3_2/Nexys4_Master.xdc:232]
Resolution: If [get_<value>] was used to populate the object, check to make sure this command returns at least one valid object.
WARNING: [Vivado 12-584] No ports matched 'JA[4]'. [C:/Users/smdsbz/Projects/WasherController/WasherController.srcs/constrs_1/imports/实验1 - Vivado 设计流程_v3_2/Nexys4_Master.xdc:233]
CRITICAL WARNING: [Common 17-55] 'set_property' expects at least one object. [C:/Users/smdsbz/Projects/WasherController/WasherController.srcs/constrs_1/imports/实验1 - Vivado 设计流程_v3_2/Nexys4_Master.xdc:233]
Resolution: If [get_<value>] was used to populate the object, check to make sure this command returns at least one valid object.
WARNING: [Vivado 12-584] No ports matched 'JA[5]'. [C:/Users/smdsbz/Projects/WasherController/WasherController.srcs/constrs_1/imports/实验1 - Vivado 设计流程_v3_2/Nexys4_Master.xdc:235]
CRITICAL WARNING: [Common 17-55] 'set_property' expects at least one object. [C:/Users/smdsbz/Projects/WasherController/WasherController.srcs/constrs_1/imports/实验1 - Vivado 设计流程_v3_2/Nexys4_Master.xdc:235]
Resolution: If [get_<value>] was used to populate the object, check to make sure this command returns at least one valid object.
WARNING: [Vivado 12-584] No ports matched 'JA[5]'. [C:/Users/smdsbz/Projects/WasherController/WasherController.srcs/constrs_1/imports/实验1 - Vivado 设计流程_v3_2/Nexys4_Master.xdc:236]
CRITICAL WARNING: [Common 17-55] 'set_property' expects at least one object. [C:/Users/smdsbz/Projects/WasherController/WasherController.srcs/constrs_1/imports/实验1 - Vivado 设计流程_v3_2/Nexys4_Master.xdc:236]
Resolution: If [get_<value>] was used to populate the object, check to make sure this command returns at least one valid object.
WARNING: [Vivado 12-584] No ports matched 'JA[6]'. [C:/Users/smdsbz/Projects/WasherController/WasherController.srcs/constrs_1/imports/实验1 - Vivado 设计流程_v3_2/Nexys4_Master.xdc:238]
CRITICAL WARNING: [Common 17-55] 'set_property' expects at least one object. [C:/Users/smdsbz/Projects/WasherController/WasherController.srcs/constrs_1/imports/实验1 - Vivado 设计流程_v3_2/Nexys4_Master.xdc:238]
Resolution: If [get_<value>] was used to populate the object, check to make sure this command returns at least one valid object.
WARNING: [Vivado 12-584] No ports matched 'JA[6]'. [C:/Users/smdsbz/Projects/WasherController/WasherController.srcs/constrs_1/imports/实验1 - Vivado 设计流程_v3_2/Nexys4_Master.xdc:239]
CRITICAL WARNING: [Common 17-55] 'set_property' expects at least one object. [C:/Users/smdsbz/Projects/WasherController/WasherController.srcs/constrs_1/imports/实验1 - Vivado 设计流程_v3_2/Nexys4_Master.xdc:239]
Resolution: If [get_<value>] was used to populate the object, check to make sure this command returns at least one valid object.
WARNING: [Vivado 12-584] No ports matched 'JA[7]'. [C:/Users/smdsbz/Projects/WasherController/WasherController.srcs/constrs_1/imports/实验1 - Vivado 设计流程_v3_2/Nexys4_Master.xdc:241]
CRITICAL WARNING: [Common 17-55] 'set_property' expects at least one object. [C:/Users/smdsbz/Projects/WasherController/WasherController.srcs/constrs_1/imports/实验1 - Vivado 设计流程_v3_2/Nexys4_Master.xdc:241]
Resolution: If [get_<value>] was used to populate the object, check to make sure this command returns at least one valid object.
WARNING: [Vivado 12-584] No ports matched 'JA[7]'. [C:/Users/smdsbz/Projects/WasherController/WasherController.srcs/constrs_1/imports/实验1 - Vivado 设计流程_v3_2/Nexys4_Master.xdc:242]
CRITICAL WARNING: [Common 17-55] 'set_property' expects at least one object. [C:/Users/smdsbz/Projects/WasherController/WasherController.srcs/constrs_1/imports/实验1 - Vivado 设计流程_v3_2/Nexys4_Master.xdc:242]
Resolution: If [get_<value>] was used to populate the object, check to make sure this command returns at least one valid object.
WARNING: [Vivado 12-584] No ports matched 'JB[0]'. [C:/Users/smdsbz/Projects/WasherController/WasherController.srcs/constrs_1/imports/实验1 - Vivado 设计流程_v3_2/Nexys4_Master.xdc:248]
CRITICAL WARNING: [Common 17-55] 'set_property' expects at least one object. [C:/Users/smdsbz/Projects/WasherController/WasherController.srcs/constrs_1/imports/实验1 - Vivado 设计流程_v3_2/Nexys4_Master.xdc:248]
Resolution: If [get_<value>] was used to populate the object, check to make sure this command returns at least one valid object.
WARNING: [Vivado 12-584] No ports matched 'JB[0]'. [C:/Users/smdsbz/Projects/WasherController/WasherController.srcs/constrs_1/imports/实验1 - Vivado 设计流程_v3_2/Nexys4_Master.xdc:249]
CRITICAL WARNING: [Common 17-55] 'set_property' expects at least one object. [C:/Users/smdsbz/Projects/WasherController/WasherController.srcs/constrs_1/imports/实验1 - Vivado 设计流程_v3_2/Nexys4_Master.xdc:249]
Resolution: If [get_<value>] was used to populate the object, check to make sure this command returns at least one valid object.
WARNING: [Vivado 12-584] No ports matched 'JB[1]'. [C:/Users/smdsbz/Projects/WasherController/WasherController.srcs/constrs_1/imports/实验1 - Vivado 设计流程_v3_2/Nexys4_Master.xdc:251]
CRITICAL WARNING: [Common 17-55] 'set_property' expects at least one object. [C:/Users/smdsbz/Projects/WasherController/WasherController.srcs/constrs_1/imports/实验1 - Vivado 设计流程_v3_2/Nexys4_Master.xdc:251]
Resolution: If [get_<value>] was used to populate the object, check to make sure this command returns at least one valid object.
WARNING: [Vivado 12-584] No ports matched 'JB[1]'. [C:/Users/smdsbz/Projects/WasherController/WasherController.srcs/constrs_1/imports/实验1 - Vivado 设计流程_v3_2/Nexys4_Master.xdc:252]
CRITICAL WARNING: [Common 17-55] 'set_property' expects at least one object. [C:/Users/smdsbz/Projects/WasherController/WasherController.srcs/constrs_1/imports/实验1 - Vivado 设计流程_v3_2/Nexys4_Master.xdc:252]
Resolution: If [get_<value>] was used to populate the object, check to make sure this command returns at least one valid object.
WARNING: [Vivado 12-584] No ports matched 'JB[2]'. [C:/Users/smdsbz/Projects/WasherController/WasherController.srcs/constrs_1/imports/实验1 - Vivado 设计流程_v3_2/Nexys4_Master.xdc:254]
CRITICAL WARNING: [Common 17-55] 'set_property' expects at least one object. [C:/Users/smdsbz/Projects/WasherController/WasherController.srcs/constrs_1/imports/实验1 - Vivado 设计流程_v3_2/Nexys4_Master.xdc:254]
Resolution: If [get_<value>] was used to populate the object, check to make sure this command returns at least one valid object.
WARNING: [Vivado 12-584] No ports matched 'JB[2]'. [C:/Users/smdsbz/Projects/WasherController/WasherController.srcs/constrs_1/imports/实验1 - Vivado 设计流程_v3_2/Nexys4_Master.xdc:255]
CRITICAL WARNING: [Common 17-55] 'set_property' expects at least one object. [C:/Users/smdsbz/Projects/WasherController/WasherController.srcs/constrs_1/imports/实验1 - Vivado 设计流程_v3_2/Nexys4_Master.xdc:255]
Resolution: If [get_<value>] was used to populate the object, check to make sure this command returns at least one valid object.
WARNING: [Vivado 12-584] No ports matched 'JB[3]'. [C:/Users/smdsbz/Projects/WasherController/WasherController.srcs/constrs_1/imports/实验1 - Vivado 设计流程_v3_2/Nexys4_Master.xdc:257]
CRITICAL WARNING: [Common 17-55] 'set_property' expects at least one object. [C:/Users/smdsbz/Projects/WasherController/WasherController.srcs/constrs_1/imports/实验1 - Vivado 设计流程_v3_2/Nexys4_Master.xdc:257]
Resolution: If [get_<value>] was used to populate the object, check to make sure this command returns at least one valid object.
WARNING: [Vivado 12-584] No ports matched 'JB[3]'. [C:/Users/smdsbz/Projects/WasherController/WasherController.srcs/constrs_1/imports/实验1 - Vivado 设计流程_v3_2/Nexys4_Master.xdc:258]
CRITICAL WARNING: [Common 17-55] 'set_property' expects at least one object. [C:/Users/smdsbz/Projects/WasherController/WasherController.srcs/constrs_1/imports/实验1 - Vivado 设计流程_v3_2/Nexys4_Master.xdc:258]
Resolution: If [get_<value>] was used to populate the object, check to make sure this command returns at least one valid object.
WARNING: [Vivado 12-584] No ports matched 'JB[4]'. [C:/Users/smdsbz/Projects/WasherController/WasherController.srcs/constrs_1/imports/实验1 - Vivado 设计流程_v3_2/Nexys4_Master.xdc:260]
CRITICAL WARNING: [Common 17-55] 'set_property' expects at least one object. [C:/Users/smdsbz/Projects/WasherController/WasherController.srcs/constrs_1/imports/实验1 - Vivado 设计流程_v3_2/Nexys4_Master.xdc:260]
Resolution: If [get_<value>] was used to populate the object, check to make sure this command returns at least one valid object.
WARNING: [Vivado 12-584] No ports matched 'JB[4]'. [C:/Users/smdsbz/Projects/WasherController/WasherController.srcs/constrs_1/imports/实验1 - Vivado 设计流程_v3_2/Nexys4_Master.xdc:261]
CRITICAL WARNING: [Common 17-55] 'set_property' expects at least one object. [C:/Users/smdsbz/Projects/WasherController/WasherController.srcs/constrs_1/imports/实验1 - Vivado 设计流程_v3_2/Nexys4_Master.xdc:261]
Resolution: If [get_<value>] was used to populate the object, check to make sure this command returns at least one valid object.
WARNING: [Vivado 12-584] No ports matched 'JB[5]'. [C:/Users/smdsbz/Projects/WasherController/WasherController.srcs/constrs_1/imports/实验1 - Vivado 设计流程_v3_2/Nexys4_Master.xdc:263]
CRITICAL WARNING: [Common 17-55] 'set_property' expects at least one object. [C:/Users/smdsbz/Projects/WasherController/WasherController.srcs/constrs_1/imports/实验1 - Vivado 设计流程_v3_2/Nexys4_Master.xdc:263]
Resolution: If [get_<value>] was used to populate the object, check to make sure this command returns at least one valid object.
WARNING: [Vivado 12-584] No ports matched 'JB[5]'. [C:/Users/smdsbz/Projects/WasherController/WasherController.srcs/constrs_1/imports/实验1 - Vivado 设计流程_v3_2/Nexys4_Master.xdc:264]
CRITICAL WARNING: [Common 17-55] 'set_property' expects at least one object. [C:/Users/smdsbz/Projects/WasherController/WasherController.srcs/constrs_1/imports/实验1 - Vivado 设计流程_v3_2/Nexys4_Master.xdc:264]
Resolution: If [get_<value>] was used to populate the object, check to make sure this command returns at least one valid object.
WARNING: [Vivado 12-584] No ports matched 'JB[6]'. [C:/Users/smdsbz/Projects/WasherController/WasherController.srcs/constrs_1/imports/实验1 - Vivado 设计流程_v3_2/Nexys4_Master.xdc:266]
CRITICAL WARNING: [Common 17-55] 'set_property' expects at least one object. [C:/Users/smdsbz/Projects/WasherController/WasherController.srcs/constrs_1/imports/实验1 - Vivado 设计流程_v3_2/Nexys4_Master.xdc:266]
Resolution: If [get_<value>] was used to populate the object, check to make sure this command returns at least one valid object.
WARNING: [Vivado 12-584] No ports matched 'JB[6]'. [C:/Users/smdsbz/Projects/WasherController/WasherController.srcs/constrs_1/imports/实验1 - Vivado 设计流程_v3_2/Nexys4_Master.xdc:267]
CRITICAL WARNING: [Common 17-55] 'set_property' expects at least one object. [C:/Users/smdsbz/Projects/WasherController/WasherController.srcs/constrs_1/imports/实验1 - Vivado 设计流程_v3_2/Nexys4_Master.xdc:267]
Resolution: If [get_<value>] was used to populate the object, check to make sure this command returns at least one valid object.
WARNING: [Vivado 12-584] No ports matched 'JB[7]'. [C:/Users/smdsbz/Projects/WasherController/WasherController.srcs/constrs_1/imports/实验1 - Vivado 设计流程_v3_2/Nexys4_Master.xdc:269]
CRITICAL WARNING: [Common 17-55] 'set_property' expects at least one object. [C:/Users/smdsbz/Projects/WasherController/WasherController.srcs/constrs_1/imports/实验1 - Vivado 设计流程_v3_2/Nexys4_Master.xdc:269]
Resolution: If [get_<value>] was used to populate the object, check to make sure this command returns at least one valid object.
WARNING: [Vivado 12-584] No ports matched 'JB[7]'. [C:/Users/smdsbz/Projects/WasherController/WasherController.srcs/constrs_1/imports/实验1 - Vivado 设计流程_v3_2/Nexys4_Master.xdc:270]
CRITICAL WARNING: [Common 17-55] 'set_property' expects at least one object. [C:/Users/smdsbz/Projects/WasherController/WasherController.srcs/constrs_1/imports/实验1 - Vivado 设计流程_v3_2/Nexys4_Master.xdc:270]
Resolution: If [get_<value>] was used to populate the object, check to make sure this command returns at least one valid object.
WARNING: [Vivado 12-584] No ports matched 'JC[0]'. [C:/Users/smdsbz/Projects/WasherController/WasherController.srcs/constrs_1/imports/实验1 - Vivado 设计流程_v3_2/Nexys4_Master.xdc:276]
CRITICAL WARNING: [Common 17-55] 'set_property' expects at least one object. [C:/Users/smdsbz/Projects/WasherController/WasherController.srcs/constrs_1/imports/实验1 - Vivado 设计流程_v3_2/Nexys4_Master.xdc:276]
Resolution: If [get_<value>] was used to populate the object, check to make sure this command returns at least one valid object.
WARNING: [Vivado 12-584] No ports matched 'JC[0]'. [C:/Users/smdsbz/Projects/WasherController/WasherController.srcs/constrs_1/imports/实验1 - Vivado 设计流程_v3_2/Nexys4_Master.xdc:277]
CRITICAL WARNING: [Common 17-55] 'set_property' expects at least one object. [C:/Users/smdsbz/Projects/WasherController/WasherController.srcs/constrs_1/imports/实验1 - Vivado 设计流程_v3_2/Nexys4_Master.xdc:277]
Resolution: If [get_<value>] was used to populate the object, check to make sure this command returns at least one valid object.
WARNING: [Vivado 12-584] No ports matched 'JC[1]'. [C:/Users/smdsbz/Projects/WasherController/WasherController.srcs/constrs_1/imports/实验1 - Vivado 设计流程_v3_2/Nexys4_Master.xdc:279]
CRITICAL WARNING: [Common 17-55] 'set_property' expects at least one object. [C:/Users/smdsbz/Projects/WasherController/WasherController.srcs/constrs_1/imports/实验1 - Vivado 设计流程_v3_2/Nexys4_Master.xdc:279]
Resolution: If [get_<value>] was used to populate the object, check to make sure this command returns at least one valid object.
WARNING: [Vivado 12-584] No ports matched 'JC[1]'. [C:/Users/smdsbz/Projects/WasherController/WasherController.srcs/constrs_1/imports/实验1 - Vivado 设计流程_v3_2/Nexys4_Master.xdc:280]
CRITICAL WARNING: [Common 17-55] 'set_property' expects at least one object. [C:/Users/smdsbz/Projects/WasherController/WasherController.srcs/constrs_1/imports/实验1 - Vivado 设计流程_v3_2/Nexys4_Master.xdc:280]
Resolution: If [get_<value>] was used to populate the object, check to make sure this command returns at least one valid object.
WARNING: [Vivado 12-584] No ports matched 'JC[2]'. [C:/Users/smdsbz/Projects/WasherController/WasherController.srcs/constrs_1/imports/实验1 - Vivado 设计流程_v3_2/Nexys4_Master.xdc:282]
CRITICAL WARNING: [Common 17-55] 'set_property' expects at least one object. [C:/Users/smdsbz/Projects/WasherController/WasherController.srcs/constrs_1/imports/实验1 - Vivado 设计流程_v3_2/Nexys4_Master.xdc:282]
Resolution: If [get_<value>] was used to populate the object, check to make sure this command returns at least one valid object.
WARNING: [Vivado 12-584] No ports matched 'JC[2]'. [C:/Users/smdsbz/Projects/WasherController/WasherController.srcs/constrs_1/imports/实验1 - Vivado 设计流程_v3_2/Nexys4_Master.xdc:283]
CRITICAL WARNING: [Common 17-55] 'set_property' expects at least one object. [C:/Users/smdsbz/Projects/WasherController/WasherController.srcs/constrs_1/imports/实验1 - Vivado 设计流程_v3_2/Nexys4_Master.xdc:283]
Resolution: If [get_<value>] was used to populate the object, check to make sure this command returns at least one valid object.
WARNING: [Vivado 12-584] No ports matched 'JC[3]'. [C:/Users/smdsbz/Projects/WasherController/WasherController.srcs/constrs_1/imports/实验1 - Vivado 设计流程_v3_2/Nexys4_Master.xdc:285]
CRITICAL WARNING: [Common 17-55] 'set_property' expects at least one object. [C:/Users/smdsbz/Projects/WasherController/WasherController.srcs/constrs_1/imports/实验1 - Vivado 设计流程_v3_2/Nexys4_Master.xdc:285]
Resolution: If [get_<value>] was used to populate the object, check to make sure this command returns at least one valid object.
WARNING: [Vivado 12-584] No ports matched 'JC[3]'. [C:/Users/smdsbz/Projects/WasherController/WasherController.srcs/constrs_1/imports/实验1 - Vivado 设计流程_v3_2/Nexys4_Master.xdc:286]
CRITICAL WARNING: [Common 17-55] 'set_property' expects at least one object. [C:/Users/smdsbz/Projects/WasherController/WasherController.srcs/constrs_1/imports/实验1 - Vivado 设计流程_v3_2/Nexys4_Master.xdc:286]
Resolution: If [get_<value>] was used to populate the object, check to make sure this command returns at least one valid object.
WARNING: [Vivado 12-584] No ports matched 'JC[4]'. [C:/Users/smdsbz/Projects/WasherController/WasherController.srcs/constrs_1/imports/实验1 - Vivado 设计流程_v3_2/Nexys4_Master.xdc:288]
CRITICAL WARNING: [Common 17-55] 'set_property' expects at least one object. [C:/Users/smdsbz/Projects/WasherController/WasherController.srcs/constrs_1/imports/实验1 - Vivado 设计流程_v3_2/Nexys4_Master.xdc:288]
Resolution: If [get_<value>] was used to populate the object, check to make sure this command returns at least one valid object.
WARNING: [Vivado 12-584] No ports matched 'JC[4]'. [C:/Users/smdsbz/Projects/WasherController/WasherController.srcs/constrs_1/imports/实验1 - Vivado 设计流程_v3_2/Nexys4_Master.xdc:289]
CRITICAL WARNING: [Common 17-55] 'set_property' expects at least one object. [C:/Users/smdsbz/Projects/WasherController/WasherController.srcs/constrs_1/imports/实验1 - Vivado 设计流程_v3_2/Nexys4_Master.xdc:289]
Resolution: If [get_<value>] was used to populate the object, check to make sure this command returns at least one valid object.
WARNING: [Vivado 12-584] No ports matched 'JC[5]'. [C:/Users/smdsbz/Projects/WasherController/WasherController.srcs/constrs_1/imports/实验1 - Vivado 设计流程_v3_2/Nexys4_Master.xdc:291]
CRITICAL WARNING: [Common 17-55] 'set_property' expects at least one object. [C:/Users/smdsbz/Projects/WasherController/WasherController.srcs/constrs_1/imports/实验1 - Vivado 设计流程_v3_2/Nexys4_Master.xdc:291]
Resolution: If [get_<value>] was used to populate the object, check to make sure this command returns at least one valid object.
WARNING: [Vivado 12-584] No ports matched 'JC[5]'. [C:/Users/smdsbz/Projects/WasherController/WasherController.srcs/constrs_1/imports/实验1 - Vivado 设计流程_v3_2/Nexys4_Master.xdc:292]
CRITICAL WARNING: [Common 17-55] 'set_property' expects at least one object. [C:/Users/smdsbz/Projects/WasherController/WasherController.srcs/constrs_1/imports/实验1 - Vivado 设计流程_v3_2/Nexys4_Master.xdc:292]
Resolution: If [get_<value>] was used to populate the object, check to make sure this command returns at least one valid object.
WARNING: [Vivado 12-584] No ports matched 'JC[6]'. [C:/Users/smdsbz/Projects/WasherController/WasherController.srcs/constrs_1/imports/实验1 - Vivado 设计流程_v3_2/Nexys4_Master.xdc:294]
CRITICAL WARNING: [Common 17-55] 'set_property' expects at least one object. [C:/Users/smdsbz/Projects/WasherController/WasherController.srcs/constrs_1/imports/实验1 - Vivado 设计流程_v3_2/Nexys4_Master.xdc:294]
Resolution: If [get_<value>] was used to populate the object, check to make sure this command returns at least one valid object.
WARNING: [Vivado 12-584] No ports matched 'JC[6]'. [C:/Users/smdsbz/Projects/WasherController/WasherController.srcs/constrs_1/imports/实验1 - Vivado 设计流程_v3_2/Nexys4_Master.xdc:295]
CRITICAL WARNING: [Common 17-55] 'set_property' expects at least one object. [C:/Users/smdsbz/Projects/WasherController/WasherController.srcs/constrs_1/imports/实验1 - Vivado 设计流程_v3_2/Nexys4_Master.xdc:295]
Resolution: If [get_<value>] was used to populate the object, check to make sure this command returns at least one valid object.
WARNING: [Vivado 12-584] No ports matched 'JC[7]'. [C:/Users/smdsbz/Projects/WasherController/WasherController.srcs/constrs_1/imports/实验1 - Vivado 设计流程_v3_2/Nexys4_Master.xdc:297]
CRITICAL WARNING: [Common 17-55] 'set_property' expects at least one object. [C:/Users/smdsbz/Projects/WasherController/WasherController.srcs/constrs_1/imports/实验1 - Vivado 设计流程_v3_2/Nexys4_Master.xdc:297]
Resolution: If [get_<value>] was used to populate the object, check to make sure this command returns at least one valid object.
WARNING: [Vivado 12-584] No ports matched 'JC[7]'. [C:/Users/smdsbz/Projects/WasherController/WasherController.srcs/constrs_1/imports/实验1 - Vivado 设计流程_v3_2/Nexys4_Master.xdc:298]
CRITICAL WARNING: [Common 17-55] 'set_property' expects at least one object. [C:/Users/smdsbz/Projects/WasherController/WasherController.srcs/constrs_1/imports/实验1 - Vivado 设计流程_v3_2/Nexys4_Master.xdc:298]
Resolution: If [get_<value>] was used to populate the object, check to make sure this command returns at least one valid object.
WARNING: [Vivado 12-584] No ports matched 'JD[0]'. [C:/Users/smdsbz/Projects/WasherController/WasherController.srcs/constrs_1/imports/实验1 - Vivado 设计流程_v3_2/Nexys4_Master.xdc:304]
CRITICAL WARNING: [Common 17-55] 'set_property' expects at least one object. [C:/Users/smdsbz/Projects/WasherController/WasherController.srcs/constrs_1/imports/实验1 - Vivado 设计流程_v3_2/Nexys4_Master.xdc:304]
Resolution: If [get_<value>] was used to populate the object, check to make sure this command returns at least one valid object.
WARNING: [Vivado 12-584] No ports matched 'JD[0]'. [C:/Users/smdsbz/Projects/WasherController/WasherController.srcs/constrs_1/imports/实验1 - Vivado 设计流程_v3_2/Nexys4_Master.xdc:305]
CRITICAL WARNING: [Common 17-55] 'set_property' expects at least one object. [C:/Users/smdsbz/Projects/WasherController/WasherController.srcs/constrs_1/imports/实验1 - Vivado 设计流程_v3_2/Nexys4_Master.xdc:305]
Resolution: If [get_<value>] was used to populate the object, check to make sure this command returns at least one valid object.
WARNING: [Vivado 12-584] No ports matched 'JD[1]'. [C:/Users/smdsbz/Projects/WasherController/WasherController.srcs/constrs_1/imports/实验1 - Vivado 设计流程_v3_2/Nexys4_Master.xdc:307]
CRITICAL WARNING: [Common 17-55] 'set_property' expects at least one object. [C:/Users/smdsbz/Projects/WasherController/WasherController.srcs/constrs_1/imports/实验1 - Vivado 设计流程_v3_2/Nexys4_Master.xdc:307]
Resolution: If [get_<value>] was used to populate the object, check to make sure this command returns at least one valid object.
WARNING: [Vivado 12-584] No ports matched 'JD[1]'. [C:/Users/smdsbz/Projects/WasherController/WasherController.srcs/constrs_1/imports/实验1 - Vivado 设计流程_v3_2/Nexys4_Master.xdc:308]
CRITICAL WARNING: [Common 17-55] 'set_property' expects at least one object. [C:/Users/smdsbz/Projects/WasherController/WasherController.srcs/constrs_1/imports/实验1 - Vivado 设计流程_v3_2/Nexys4_Master.xdc:308]
Resolution: If [get_<value>] was used to populate the object, check to make sure this command returns at least one valid object.
WARNING: [Vivado 12-584] No ports matched 'JD[2]'. [C:/Users/smdsbz/Projects/WasherController/WasherController.srcs/constrs_1/imports/实验1 - Vivado 设计流程_v3_2/Nexys4_Master.xdc:310]
CRITICAL WARNING: [Common 17-55] 'set_property' expects at least one object. [C:/Users/smdsbz/Projects/WasherController/WasherController.srcs/constrs_1/imports/实验1 - Vivado 设计流程_v3_2/Nexys4_Master.xdc:310]
Resolution: If [get_<value>] was used to populate the object, check to make sure this command returns at least one valid object.
WARNING: [Vivado 12-584] No ports matched 'JD[2]'. [C:/Users/smdsbz/Projects/WasherController/WasherController.srcs/constrs_1/imports/实验1 - Vivado 设计流程_v3_2/Nexys4_Master.xdc:311]
CRITICAL WARNING: [Common 17-55] 'set_property' expects at least one object. [C:/Users/smdsbz/Projects/WasherController/WasherController.srcs/constrs_1/imports/实验1 - Vivado 设计流程_v3_2/Nexys4_Master.xdc:311]
Resolution: If [get_<value>] was used to populate the object, check to make sure this command returns at least one valid object.
WARNING: [Vivado 12-584] No ports matched 'JD[3]'. [C:/Users/smdsbz/Projects/WasherController/WasherController.srcs/constrs_1/imports/实验1 - Vivado 设计流程_v3_2/Nexys4_Master.xdc:313]
CRITICAL WARNING: [Common 17-55] 'set_property' expects at least one object. [C:/Users/smdsbz/Projects/WasherController/WasherController.srcs/constrs_1/imports/实验1 - Vivado 设计流程_v3_2/Nexys4_Master.xdc:313]
Resolution: If [get_<value>] was used to populate the object, check to make sure this command returns at least one valid object.
WARNING: [Vivado 12-584] No ports matched 'JD[3]'. [C:/Users/smdsbz/Projects/WasherController/WasherController.srcs/constrs_1/imports/实验1 - Vivado 设计流程_v3_2/Nexys4_Master.xdc:314]
CRITICAL WARNING: [Common 17-55] 'set_property' expects at least one object. [C:/Users/smdsbz/Projects/WasherController/WasherController.srcs/constrs_1/imports/实验1 - Vivado 设计流程_v3_2/Nexys4_Master.xdc:314]
Resolution: If [get_<value>] was used to populate the object, check to make sure this command returns at least one valid object.
WARNING: [Vivado 12-584] No ports matched 'JD[4]'. [C:/Users/smdsbz/Projects/WasherController/WasherController.srcs/constrs_1/imports/实验1 - Vivado 设计流程_v3_2/Nexys4_Master.xdc:316]
CRITICAL WARNING: [Common 17-55] 'set_property' expects at least one object. [C:/Users/smdsbz/Projects/WasherController/WasherController.srcs/constrs_1/imports/实验1 - Vivado 设计流程_v3_2/Nexys4_Master.xdc:316]
Resolution: If [get_<value>] was used to populate the object, check to make sure this command returns at least one valid object.
WARNING: [Vivado 12-584] No ports matched 'JD[4]'. [C:/Users/smdsbz/Projects/WasherController/WasherController.srcs/constrs_1/imports/实验1 - Vivado 设计流程_v3_2/Nexys4_Master.xdc:317]
CRITICAL WARNING: [Common 17-55] 'set_property' expects at least one object. [C:/Users/smdsbz/Projects/WasherController/WasherController.srcs/constrs_1/imports/实验1 - Vivado 设计流程_v3_2/Nexys4_Master.xdc:317]
Resolution: If [get_<value>] was used to populate the object, check to make sure this command returns at least one valid object.
WARNING: [Vivado 12-584] No ports matched 'JD[5]'. [C:/Users/smdsbz/Projects/WasherController/WasherController.srcs/constrs_1/imports/实验1 - Vivado 设计流程_v3_2/Nexys4_Master.xdc:319]
CRITICAL WARNING: [Common 17-55] 'set_property' expects at least one object. [C:/Users/smdsbz/Projects/WasherController/WasherController.srcs/constrs_1/imports/实验1 - Vivado 设计流程_v3_2/Nexys4_Master.xdc:319]
Resolution: If [get_<value>] was used to populate the object, check to make sure this command returns at least one valid object.
WARNING: [Vivado 12-584] No ports matched 'JD[5]'. [C:/Users/smdsbz/Projects/WasherController/WasherController.srcs/constrs_1/imports/实验1 - Vivado 设计流程_v3_2/Nexys4_Master.xdc:320]
CRITICAL WARNING: [Common 17-55] 'set_property' expects at least one object. [C:/Users/smdsbz/Projects/WasherController/WasherController.srcs/constrs_1/imports/实验1 - Vivado 设计流程_v3_2/Nexys4_Master.xdc:320]
Resolution: If [get_<value>] was used to populate the object, check to make sure this command returns at least one valid object.
WARNING: [Vivado 12-584] No ports matched 'JD[6]'. [C:/Users/smdsbz/Projects/WasherController/WasherController.srcs/constrs_1/imports/实验1 - Vivado 设计流程_v3_2/Nexys4_Master.xdc:322]
CRITICAL WARNING: [Common 17-55] 'set_property' expects at least one object. [C:/Users/smdsbz/Projects/WasherController/WasherController.srcs/constrs_1/imports/实验1 - Vivado 设计流程_v3_2/Nexys4_Master.xdc:322]
Resolution: If [get_<value>] was used to populate the object, check to make sure this command returns at least one valid object.
WARNING: [Vivado 12-584] No ports matched 'JD[6]'. [C:/Users/smdsbz/Projects/WasherController/WasherController.srcs/constrs_1/imports/实验1 - Vivado 设计流程_v3_2/Nexys4_Master.xdc:323]
CRITICAL WARNING: [Common 17-55] 'set_property' expects at least one object. [C:/Users/smdsbz/Projects/WasherController/WasherController.srcs/constrs_1/imports/实验1 - Vivado 设计流程_v3_2/Nexys4_Master.xdc:323]
Resolution: If [get_<value>] was used to populate the object, check to make sure this command returns at least one valid object.
WARNING: [Vivado 12-584] No ports matched 'JD[7]'. [C:/Users/smdsbz/Projects/WasherController/WasherController.srcs/constrs_1/imports/实验1 - Vivado 设计流程_v3_2/Nexys4_Master.xdc:325]
CRITICAL WARNING: [Common 17-55] 'set_property' expects at least one object. [C:/Users/smdsbz/Projects/WasherController/WasherController.srcs/constrs_1/imports/实验1 - Vivado 设计流程_v3_2/Nexys4_Master.xdc:325]
Resolution: If [get_<value>] was used to populate the object, check to make sure this command returns at least one valid object.
WARNING: [Vivado 12-584] No ports matched 'JD[7]'. [C:/Users/smdsbz/Projects/WasherController/WasherController.srcs/constrs_1/imports/实验1 - Vivado 设计流程_v3_2/Nexys4_Master.xdc:326]
CRITICAL WARNING: [Common 17-55] 'set_property' expects at least one object. [C:/Users/smdsbz/Projects/WasherController/WasherController.srcs/constrs_1/imports/实验1 - Vivado 设计流程_v3_2/Nexys4_Master.xdc:326]
Resolution: If [get_<value>] was used to populate the object, check to make sure this command returns at least one valid object.
WARNING: [Vivado 12-584] No ports matched 'JXADC[0]'. [C:/Users/smdsbz/Projects/WasherController/WasherController.srcs/constrs_1/imports/实验1 - Vivado 设计流程_v3_2/Nexys4_Master.xdc:332]
CRITICAL WARNING: [Common 17-55] 'set_property' expects at least one object. [C:/Users/smdsbz/Projects/WasherController/WasherController.srcs/constrs_1/imports/实验1 - Vivado 设计流程_v3_2/Nexys4_Master.xdc:332]
Resolution: If [get_<value>] was used to populate the object, check to make sure this command returns at least one valid object.
WARNING: [Vivado 12-584] No ports matched 'JXADC[0]'. [C:/Users/smdsbz/Projects/WasherController/WasherController.srcs/constrs_1/imports/实验1 - Vivado 设计流程_v3_2/Nexys4_Master.xdc:333]
CRITICAL WARNING: [Common 17-55] 'set_property' expects at least one object. [C:/Users/smdsbz/Projects/WasherController/WasherController.srcs/constrs_1/imports/实验1 - Vivado 设计流程_v3_2/Nexys4_Master.xdc:333]
Resolution: If [get_<value>] was used to populate the object, check to make sure this command returns at least one valid object.
WARNING: [Vivado 12-584] No ports matched 'JXADC[1]'. [C:/Users/smdsbz/Projects/WasherController/WasherController.srcs/constrs_1/imports/实验1 - Vivado 设计流程_v3_2/Nexys4_Master.xdc:335]
CRITICAL WARNING: [Common 17-55] 'set_property' expects at least one object. [C:/Users/smdsbz/Projects/WasherController/WasherController.srcs/constrs_1/imports/实验1 - Vivado 设计流程_v3_2/Nexys4_Master.xdc:335]
Resolution: If [get_<value>] was used to populate the object, check to make sure this command returns at least one valid object.
WARNING: [Vivado 12-584] No ports matched 'JXADC[1]'. [C:/Users/smdsbz/Projects/WasherController/WasherController.srcs/constrs_1/imports/实验1 - Vivado 设计流程_v3_2/Nexys4_Master.xdc:336]
CRITICAL WARNING: [Common 17-55] 'set_property' expects at least one object. [C:/Users/smdsbz/Projects/WasherController/WasherController.srcs/constrs_1/imports/实验1 - Vivado 设计流程_v3_2/Nexys4_Master.xdc:336]
Resolution: If [get_<value>] was used to populate the object, check to make sure this command returns at least one valid object.
WARNING: [Vivado 12-584] No ports matched 'JXADC[2]'. [C:/Users/smdsbz/Projects/WasherController/WasherController.srcs/constrs_1/imports/实验1 - Vivado 设计流程_v3_2/Nexys4_Master.xdc:338]
CRITICAL WARNING: [Common 17-55] 'set_property' expects at least one object. [C:/Users/smdsbz/Projects/WasherController/WasherController.srcs/constrs_1/imports/实验1 - Vivado 设计流程_v3_2/Nexys4_Master.xdc:338]
Resolution: If [get_<value>] was used to populate the object, check to make sure this command returns at least one valid object.
WARNING: [Vivado 12-584] No ports matched 'JXADC[2]'. [C:/Users/smdsbz/Projects/WasherController/WasherController.srcs/constrs_1/imports/实验1 - Vivado 设计流程_v3_2/Nexys4_Master.xdc:339]
CRITICAL WARNING: [Common 17-55] 'set_property' expects at least one object. [C:/Users/smdsbz/Projects/WasherController/WasherController.srcs/constrs_1/imports/实验1 - Vivado 设计流程_v3_2/Nexys4_Master.xdc:339]
Resolution: If [get_<value>] was used to populate the object, check to make sure this command returns at least one valid object.
WARNING: [Vivado 12-584] No ports matched 'JXADC[3]'. [C:/Users/smdsbz/Projects/WasherController/WasherController.srcs/constrs_1/imports/实验1 - Vivado 设计流程_v3_2/Nexys4_Master.xdc:341]
CRITICAL WARNING: [Common 17-55] 'set_property' expects at least one object. [C:/Users/smdsbz/Projects/WasherController/WasherController.srcs/constrs_1/imports/实验1 - Vivado 设计流程_v3_2/Nexys4_Master.xdc:341]
Resolution: If [get_<value>] was used to populate the object, check to make sure this command returns at least one valid object.
WARNING: [Vivado 12-584] No ports matched 'JXADC[3]'. [C:/Users/smdsbz/Projects/WasherController/WasherController.srcs/constrs_1/imports/实验1 - Vivado 设计流程_v3_2/Nexys4_Master.xdc:342]
CRITICAL WARNING: [Common 17-55] 'set_property' expects at least one object. [C:/Users/smdsbz/Projects/WasherController/WasherController.srcs/constrs_1/imports/实验1 - Vivado 设计流程_v3_2/Nexys4_Master.xdc:342]
Resolution: If [get_<value>] was used to populate the object, check to make sure this command returns at least one valid object.
WARNING: [Vivado 12-584] No ports matched 'JXADC[4]'. [C:/Users/smdsbz/Projects/WasherController/WasherController.srcs/constrs_1/imports/实验1 - Vivado 设计流程_v3_2/Nexys4_Master.xdc:344]
CRITICAL WARNING: [Common 17-55] 'set_property' expects at least one object. [C:/Users/smdsbz/Projects/WasherController/WasherController.srcs/constrs_1/imports/实验1 - Vivado 设计流程_v3_2/Nexys4_Master.xdc:344]
Resolution: If [get_<value>] was used to populate the object, check to make sure this command returns at least one valid object.
WARNING: [Vivado 12-584] No ports matched 'JXADC[4]'. [C:/Users/smdsbz/Projects/WasherController/WasherController.srcs/constrs_1/imports/实验1 - Vivado 设计流程_v3_2/Nexys4_Master.xdc:345]
CRITICAL WARNING: [Common 17-55] 'set_property' expects at least one object. [C:/Users/smdsbz/Projects/WasherController/WasherController.srcs/constrs_1/imports/实验1 - Vivado 设计流程_v3_2/Nexys4_Master.xdc:345]
Resolution: If [get_<value>] was used to populate the object, check to make sure this command returns at least one valid object.
WARNING: [Vivado 12-584] No ports matched 'JXADC[5]'. [C:/Users/smdsbz/Projects/WasherController/WasherController.srcs/constrs_1/imports/实验1 - Vivado 设计流程_v3_2/Nexys4_Master.xdc:347]
CRITICAL WARNING: [Common 17-55] 'set_property' expects at least one object. [C:/Users/smdsbz/Projects/WasherController/WasherController.srcs/constrs_1/imports/实验1 - Vivado 设计流程_v3_2/Nexys4_Master.xdc:347]
Resolution: If [get_<value>] was used to populate the object, check to make sure this command returns at least one valid object.
WARNING: [Vivado 12-584] No ports matched 'JXADC[5]'. [C:/Users/smdsbz/Projects/WasherController/WasherController.srcs/constrs_1/imports/实验1 - Vivado 设计流程_v3_2/Nexys4_Master.xdc:348]
CRITICAL WARNING: [Common 17-55] 'set_property' expects at least one object. [C:/Users/smdsbz/Projects/WasherController/WasherController.srcs/constrs_1/imports/实验1 - Vivado 设计流程_v3_2/Nexys4_Master.xdc:348]
Resolution: If [get_<value>] was used to populate the object, check to make sure this command returns at least one valid object.
WARNING: [Vivado 12-584] No ports matched 'JXADC[6]'. [C:/Users/smdsbz/Projects/WasherController/WasherController.srcs/constrs_1/imports/实验1 - Vivado 设计流程_v3_2/Nexys4_Master.xdc:350]
CRITICAL WARNING: [Common 17-55] 'set_property' expects at least one object. [C:/Users/smdsbz/Projects/WasherController/WasherController.srcs/constrs_1/imports/实验1 - Vivado 设计流程_v3_2/Nexys4_Master.xdc:350]
Resolution: If [get_<value>] was used to populate the object, check to make sure this command returns at least one valid object.
WARNING: [Vivado 12-584] No ports matched 'JXADC[6]'. [C:/Users/smdsbz/Projects/WasherController/WasherController.srcs/constrs_1/imports/实验1 - Vivado 设计流程_v3_2/Nexys4_Master.xdc:351]
CRITICAL WARNING: [Common 17-55] 'set_property' expects at least one object. [C:/Users/smdsbz/Projects/WasherController/WasherController.srcs/constrs_1/imports/实验1 - Vivado 设计流程_v3_2/Nexys4_Master.xdc:351]
Resolution: If [get_<value>] was used to populate the object, check to make sure this command returns at least one valid object.
WARNING: [Vivado 12-584] No ports matched 'JXADC[7]'. [C:/Users/smdsbz/Projects/WasherController/WasherController.srcs/constrs_1/imports/实验1 - Vivado 设计流程_v3_2/Nexys4_Master.xdc:353]
CRITICAL WARNING: [Common 17-55] 'set_property' expects at least one object. [C:/Users/smdsbz/Projects/WasherController/WasherController.srcs/constrs_1/imports/实验1 - Vivado 设计流程_v3_2/Nexys4_Master.xdc:353]
Resolution: If [get_<value>] was used to populate the object, check to make sure this command returns at least one valid object.
WARNING: [Vivado 12-584] No ports matched 'JXADC[7]'. [C:/Users/smdsbz/Projects/WasherController/WasherController.srcs/constrs_1/imports/实验1 - Vivado 设计流程_v3_2/Nexys4_Master.xdc:354]
CRITICAL WARNING: [Common 17-55] 'set_property' expects at least one object. [C:/Users/smdsbz/Projects/WasherController/WasherController.srcs/constrs_1/imports/实验1 - Vivado 设计流程_v3_2/Nexys4_Master.xdc:354]
Resolution: If [get_<value>] was used to populate the object, check to make sure this command returns at least one valid object.
WARNING: [Vivado 12-584] No ports matched 'vgaRed[0]'. [C:/Users/smdsbz/Projects/WasherController/WasherController.srcs/constrs_1/imports/实验1 - Vivado 设计流程_v3_2/Nexys4_Master.xdc:360]
CRITICAL WARNING: [Common 17-55] 'set_property' expects at least one object. [C:/Users/smdsbz/Projects/WasherController/WasherController.srcs/constrs_1/imports/实验1 - Vivado 设计流程_v3_2/Nexys4_Master.xdc:360]
Resolution: If [get_<value>] was used to populate the object, check to make sure this command returns at least one valid object.
WARNING: [Vivado 12-584] No ports matched 'vgaRed[0]'. [C:/Users/smdsbz/Projects/WasherController/WasherController.srcs/constrs_1/imports/实验1 - Vivado 设计流程_v3_2/Nexys4_Master.xdc:361]
CRITICAL WARNING: [Common 17-55] 'set_property' expects at least one object. [C:/Users/smdsbz/Projects/WasherController/WasherController.srcs/constrs_1/imports/实验1 - Vivado 设计流程_v3_2/Nexys4_Master.xdc:361]
Resolution: If [get_<value>] was used to populate the object, check to make sure this command returns at least one valid object.
WARNING: [Vivado 12-584] No ports matched 'vgaRed[1]'. [C:/Users/smdsbz/Projects/WasherController/WasherController.srcs/constrs_1/imports/实验1 - Vivado 设计流程_v3_2/Nexys4_Master.xdc:363]
CRITICAL WARNING: [Common 17-55] 'set_property' expects at least one object. [C:/Users/smdsbz/Projects/WasherController/WasherController.srcs/constrs_1/imports/实验1 - Vivado 设计流程_v3_2/Nexys4_Master.xdc:363]
Resolution: If [get_<value>] was used to populate the object, check to make sure this command returns at least one valid object.
WARNING: [Vivado 12-584] No ports matched 'vgaRed[1]'. [C:/Users/smdsbz/Projects/WasherController/WasherController.srcs/constrs_1/imports/实验1 - Vivado 设计流程_v3_2/Nexys4_Master.xdc:364]
CRITICAL WARNING: [Common 17-55] 'set_property' expects at least one object. [C:/Users/smdsbz/Projects/WasherController/WasherController.srcs/constrs_1/imports/实验1 - Vivado 设计流程_v3_2/Nexys4_Master.xdc:364]
Resolution: If [get_<value>] was used to populate the object, check to make sure this command returns at least one valid object.
WARNING: [Vivado 12-584] No ports matched 'vgaRed[2]'. [C:/Users/smdsbz/Projects/WasherController/WasherController.srcs/constrs_1/imports/实验1 - Vivado 设计流程_v3_2/Nexys4_Master.xdc:366]
CRITICAL WARNING: [Common 17-55] 'set_property' expects at least one object. [C:/Users/smdsbz/Projects/WasherController/WasherController.srcs/constrs_1/imports/实验1 - Vivado 设计流程_v3_2/Nexys4_Master.xdc:366]
Resolution: If [get_<value>] was used to populate the object, check to make sure this command returns at least one valid object.
WARNING: [Vivado 12-584] No ports matched 'vgaRed[2]'. [C:/Users/smdsbz/Projects/WasherController/WasherController.srcs/constrs_1/imports/实验1 - Vivado 设计流程_v3_2/Nexys4_Master.xdc:367]
CRITICAL WARNING: [Common 17-55] 'set_property' expects at least one object. [C:/Users/smdsbz/Projects/WasherController/WasherController.srcs/constrs_1/imports/实验1 - Vivado 设计流程_v3_2/Nexys4_Master.xdc:367]
Resolution: If [get_<value>] was used to populate the object, check to make sure this command returns at least one valid object.
WARNING: [Vivado 12-584] No ports matched 'vgaRed[3]'. [C:/Users/smdsbz/Projects/WasherController/WasherController.srcs/constrs_1/imports/实验1 - Vivado 设计流程_v3_2/Nexys4_Master.xdc:369]
CRITICAL WARNING: [Common 17-55] 'set_property' expects at least one object. [C:/Users/smdsbz/Projects/WasherController/WasherController.srcs/constrs_1/imports/实验1 - Vivado 设计流程_v3_2/Nexys4_Master.xdc:369]
Resolution: If [get_<value>] was used to populate the object, check to make sure this command returns at least one valid object.
WARNING: [Vivado 12-584] No ports matched 'vgaRed[3]'. [C:/Users/smdsbz/Projects/WasherController/WasherController.srcs/constrs_1/imports/实验1 - Vivado 设计流程_v3_2/Nexys4_Master.xdc:370]
CRITICAL WARNING: [Common 17-55] 'set_property' expects at least one object. [C:/Users/smdsbz/Projects/WasherController/WasherController.srcs/constrs_1/imports/实验1 - Vivado 设计流程_v3_2/Nexys4_Master.xdc:370]
Resolution: If [get_<value>] was used to populate the object, check to make sure this command returns at least one valid object.
WARNING: [Vivado 12-584] No ports matched 'vgaBlue[0]'. [C:/Users/smdsbz/Projects/WasherController/WasherController.srcs/constrs_1/imports/实验1 - Vivado 设计流程_v3_2/Nexys4_Master.xdc:372]
CRITICAL WARNING: [Common 17-55] 'set_property' expects at least one object. [C:/Users/smdsbz/Projects/WasherController/WasherController.srcs/constrs_1/imports/实验1 - Vivado 设计流程_v3_2/Nexys4_Master.xdc:372]
Resolution: If [get_<value>] was used to populate the object, check to make sure this command returns at least one valid object.
WARNING: [Vivado 12-584] No ports matched 'vgaBlue[0]'. [C:/Users/smdsbz/Projects/WasherController/WasherController.srcs/constrs_1/imports/实验1 - Vivado 设计流程_v3_2/Nexys4_Master.xdc:373]
CRITICAL WARNING: [Common 17-55] 'set_property' expects at least one object. [C:/Users/smdsbz/Projects/WasherController/WasherController.srcs/constrs_1/imports/实验1 - Vivado 设计流程_v3_2/Nexys4_Master.xdc:373]
Resolution: If [get_<value>] was used to populate the object, check to make sure this command returns at least one valid object.
WARNING: [Vivado 12-584] No ports matched 'vgaBlue[1]'. [C:/Users/smdsbz/Projects/WasherController/WasherController.srcs/constrs_1/imports/实验1 - Vivado 设计流程_v3_2/Nexys4_Master.xdc:375]
CRITICAL WARNING: [Common 17-55] 'set_property' expects at least one object. [C:/Users/smdsbz/Projects/WasherController/WasherController.srcs/constrs_1/imports/实验1 - Vivado 设计流程_v3_2/Nexys4_Master.xdc:375]
Resolution: If [get_<value>] was used to populate the object, check to make sure this command returns at least one valid object.
WARNING: [Vivado 12-584] No ports matched 'vgaBlue[1]'. [C:/Users/smdsbz/Projects/WasherController/WasherController.srcs/constrs_1/imports/实验1 - Vivado 设计流程_v3_2/Nexys4_Master.xdc:376]
CRITICAL WARNING: [Common 17-55] 'set_property' expects at least one object. [C:/Users/smdsbz/Projects/WasherController/WasherController.srcs/constrs_1/imports/实验1 - Vivado 设计流程_v3_2/Nexys4_Master.xdc:376]
Resolution: If [get_<value>] was used to populate the object, check to make sure this command returns at least one valid object.
WARNING: [Vivado 12-584] No ports matched 'vgaBlue[2]'. [C:/Users/smdsbz/Projects/WasherController/WasherController.srcs/constrs_1/imports/实验1 - Vivado 设计流程_v3_2/Nexys4_Master.xdc:378]
CRITICAL WARNING: [Common 17-55] 'set_property' expects at least one object. [C:/Users/smdsbz/Projects/WasherController/WasherController.srcs/constrs_1/imports/实验1 - Vivado 设计流程_v3_2/Nexys4_Master.xdc:378]
Resolution: If [get_<value>] was used to populate the object, check to make sure this command returns at least one valid object.
INFO: [Common 17-14] Message 'Common 17-55' appears 100 times and further instances of the messages will be disabled. Use the Tcl command set_msg_config to change the current settings. [C:/Users/smdsbz/Projects/WasherController/WasherController.srcs/constrs_1/imports/实验1 - Vivado 设计流程_v3_2/Nexys4_Master.xdc:378]
WARNING: [Vivado 12-584] No ports matched 'vgaBlue[2]'. [C:/Users/smdsbz/Projects/WasherController/WasherController.srcs/constrs_1/imports/实验1 - Vivado 设计流程_v3_2/Nexys4_Master.xdc:379]
INFO: [Common 17-14] Message 'Vivado 12-584' appears 100 times and further instances of the messages will be disabled. Use the Tcl command set_msg_config to change the current settings. [C:/Users/smdsbz/Projects/WasherController/WasherController.srcs/constrs_1/imports/实验1 - Vivado 设计流程_v3_2/Nexys4_Master.xdc:379]
Finished Parsing XDC File [C:/Users/smdsbz/Projects/WasherController/WasherController.srcs/constrs_1/imports/实验1 - Vivado 设计流程_v3_2/Nexys4_Master.xdc]
INFO: [Opt 31-138] Pushed 0 inverter(s) to 0 load pin(s).
INFO: [Project 1-111] Unisim Transformation Summary:
No Unisim elements were transformed.

9 Infos, 101 Warnings, 100 Critical Warnings and 0 Errors encountered.
link_design completed successfully
link_design: Time (s): cpu = 00:00:06 ; elapsed = 00:00:08 . Memory (MB): peak = 587.383 ; gain = 337.082
Command: opt_design
Attempting to get a license for feature 'Implementation' and/or device 'xc7a100t'
INFO: [Common 17-349] Got license for feature 'Implementation' and/or device 'xc7a100t'
Running DRC as a precondition to command opt_design

Starting DRC Task
INFO: [DRC 23-27] Running DRC with 2 threads
INFO: [Project 1-461] DRC finished with 0 Errors
INFO: [Project 1-462] Please refer to the DRC report (report_drc) for more information.

Time (s): cpu = 00:00:01 ; elapsed = 00:00:00.646 . Memory (MB): peak = 599.043 ; gain = 11.660

Starting Cache Timing Information Task
INFO: [Timing 38-35] Done setting XDC timing constraints.
Ending Cache Timing Information Task | Checksum: c99276a9

Time (s): cpu = 00:00:10 ; elapsed = 00:00:12 . Memory (MB): peak = 1161.008 ; gain = 561.965

Starting Logic Optimization Task

Phase 1 Retarget
INFO: [Opt 31-138] Pushed 0 inverter(s) to 0 load pin(s).
INFO: [Opt 31-49] Retargeted 0 cell(s).
Phase 1 Retarget | Checksum: c99276a9

Time (s): cpu = 00:00:00 ; elapsed = 00:00:00.031 . Memory (MB): peak = 1161.008 ; gain = 0.000
INFO: [Opt 31-389] Phase Retarget created 0 cells and removed 0 cells

Phase 2 Constant propagation
INFO: [Opt 31-138] Pushed 0 inverter(s) to 0 load pin(s).
Phase 2 Constant propagation | Checksum: c99276a9

Time (s): cpu = 00:00:00 ; elapsed = 00:00:00.040 . Memory (MB): peak = 1161.008 ; gain = 0.000
INFO: [Opt 31-389] Phase Constant propagation created 0 cells and removed 0 cells

Phase 3 Sweep
Phase 3 Sweep | Checksum: a106a45a

Time (s): cpu = 00:00:00 ; elapsed = 00:00:00.052 . Memory (MB): peak = 1161.008 ; gain = 0.000
INFO: [Opt 31-389] Phase Sweep created 8 cells and removed 0 cells

Phase 4 BUFG optimization
Phase 4 BUFG optimization | Checksum: a106a45a

Time (s): cpu = 00:00:00 ; elapsed = 00:00:00.064 . Memory (MB): peak = 1161.008 ; gain = 0.000
INFO: [Opt 31-662] Phase BUFG optimization created 0 cells of which 0 are BUFGs and removed 0 cells.

Phase 5 Shift Register Optimization
Phase 5 Shift Register Optimization | Checksum: 197f66542

Time (s): cpu = 00:00:00 ; elapsed = 00:00:00.081 . Memory (MB): peak = 1161.008 ; gain = 0.000
INFO: [Opt 31-389] Phase Shift Register Optimization created 0 cells and removed 0 cells

Phase 6 Post Processing Netlist
Phase 6 Post Processing Netlist | Checksum: 1aa9cad7b

Time (s): cpu = 00:00:00 ; elapsed = 00:00:00.085 . Memory (MB): peak = 1161.008 ; gain = 0.000
INFO: [Opt 31-389] Phase Post Processing Netlist created 0 cells and removed 0 cells

Starting Connectivity Check Task

Time (s): cpu = 00:00:00 ; elapsed = 00:00:00.001 . Memory (MB): peak = 1161.008 ; gain = 0.000
Ending Logic Optimization Task | Checksum: 1aa9cad7b

Time (s): cpu = 00:00:00 ; elapsed = 00:00:00.089 . Memory (MB): peak = 1161.008 ; gain = 0.000

Starting Power Optimization Task
INFO: [Pwropt 34-132] Skipping clock gating for clocks with a period < 2.00 ns.
Ending Power Optimization Task | Checksum: 1aa9cad7b

Time (s): cpu = 00:00:00 ; elapsed = 00:00:00.008 . Memory (MB): peak = 1161.008 ; gain = 0.000

Starting Final Cleanup Task
Ending Final Cleanup Task | Checksum: 1aa9cad7b

Time (s): cpu = 00:00:00 ; elapsed = 00:00:00.001 . Memory (MB): peak = 1161.008 ; gain = 0.000
INFO: [Common 17-83] Releasing license: Implementation
25 Infos, 101 Warnings, 100 Critical Warnings and 0 Errors encountered.
opt_design completed successfully
opt_design: Time (s): cpu = 00:00:11 ; elapsed = 00:00:12 . Memory (MB): peak = 1161.008 ; gain = 573.625
INFO: [Timing 38-480] Writing timing data to binary archive.
Writing placer database...
Writing XDEF routing.
Writing XDEF routing logical nets.
Writing XDEF routing special nets.
Write XDEF Complete: Time (s): cpu = 00:00:00 ; elapsed = 00:00:00.037 . Memory (MB): peak = 1161.008 ; gain = 0.000
INFO: [Common 17-1381] The checkpoint 'C:/Users/smdsbz/Projects/WasherController/WasherController.runs/impl_1/ElevatorEmulator_opt.dcp' has been generated.
INFO: [runtcl-4] Executing : report_drc -file ElevatorEmulator_drc_opted.rpt -pb ElevatorEmulator_drc_opted.pb -rpx ElevatorEmulator_drc_opted.rpx
Command: report_drc -file ElevatorEmulator_drc_opted.rpt -pb ElevatorEmulator_drc_opted.pb -rpx ElevatorEmulator_drc_opted.rpx
INFO: [IP_Flow 19-234] Refreshing IP repositories
INFO: [IP_Flow 19-1704] No user IP repositories specified
INFO: [IP_Flow 19-2313] Loaded Vivado IP repository 'C:/Xilinx/Vivado/2018.2/data/ip'.
INFO: [DRC 23-27] Running DRC with 2 threads
INFO: [Coretcl 2-168] The results of DRC are in file C:/Users/smdsbz/Projects/WasherController/WasherController.runs/impl_1/ElevatorEmulator_drc_opted.rpt.
report_drc completed successfully
Command: place_design
Attempting to get a license for feature 'Implementation' and/or device 'xc7a100t'
INFO: [Common 17-349] Got license for feature 'Implementation' and/or device 'xc7a100t'
INFO: [DRC 23-27] Running DRC with 2 threads
INFO: [Vivado_Tcl 4-198] DRC finished with 0 Errors
INFO: [Vivado_Tcl 4-199] Please refer to the DRC report (report_drc) for more information.
Running DRC as a precondition to command place_design
INFO: [DRC 23-27] Running DRC with 2 threads
INFO: [Vivado_Tcl 4-198] DRC finished with 0 Errors
INFO: [Vivado_Tcl 4-199] Please refer to the DRC report (report_drc) for more information.

Starting Placer Task
INFO: [Place 30-611] Multithreading enabled for place_design using a maximum of 2 CPUs

Phase 1 Placer Initialization

Phase 1.1 Placer Initialization Netlist Sorting
Netlist sorting complete. Time (s): cpu = 00:00:00 ; elapsed = 00:00:00.001 . Memory (MB): peak = 1161.008 ; gain = 0.000
Phase 1.1 Placer Initialization Netlist Sorting | Checksum: d241c11d

Time (s): cpu = 00:00:00 ; elapsed = 00:00:00.004 . Memory (MB): peak = 1161.008 ; gain = 0.000
Netlist sorting complete. Time (s): cpu = 00:00:00 ; elapsed = 00:00:00.001 . Memory (MB): peak = 1161.008 ; gain = 0.000

Phase 1.2 IO Placement/ Clock Placement/ Build Placer Device
INFO: [Timing 38-35] Done setting XDC timing constraints.
WARNING: [Place 30-574] Poor placement for routing between an IO pin and BUFG. This is normally an ERROR but the CLOCK_DEDICATED_ROUTE constraint is set to FALSE allowing your design to continue. The use of this override is highly discouraged as it may lead to very poor timing results. It is recommended that this error condition be corrected in the design.

	sw_IBUF[2]_inst (IBUF.O) is locked to IOB_X1Y54
	sw_IBUF_BUFG[2]_inst (BUFG.I) is provisionally placed by clockplacer on BUFGCTRL_X0Y0
Resolution: Poor placement of an IO pin and a BUFG has resulted in the router using a non-dedicated path between the two.  There are several things that could trigger this DRC, each of which can cause unpredictable clock insertion delays that result in poor timing.  This DRC could be caused by any of the following: (a) a clock port was placed on a pin that is not a CCIO-pin (b)the BUFG has not been placed in the same half of the device or SLR as the CCIO-pin (c) a single ended clock has been placed on the N-Side of a differential pair CCIO-pin.
Phase 1.2 IO Placement/ Clock Placement/ Build Placer Device | Checksum: 677c0488

Time (s): cpu = 00:00:03 ; elapsed = 00:00:02 . Memory (MB): peak = 1162.469 ; gain = 1.461

Phase 1.3 Build Placer Netlist Model
Phase 1.3 Build Placer Netlist Model | Checksum: 13cf6a3d7

Time (s): cpu = 00:00:03 ; elapsed = 00:00:02 . Memory (MB): peak = 1162.469 ; gain = 1.461

Phase 1.4 Constrain Clocks/Macros
Phase 1.4 Constrain Clocks/Macros | Checksum: 13cf6a3d7

Time (s): cpu = 00:00:03 ; elapsed = 00:00:02 . Memory (MB): peak = 1162.469 ; gain = 1.461
Phase 1 Placer Initialization | Checksum: 13cf6a3d7

Time (s): cpu = 00:00:03 ; elapsed = 00:00:02 . Memory (MB): peak = 1162.469 ; gain = 1.461

Phase 2 Global Placement

Phase 2.1 Floorplanning
Phase 2.1 Floorplanning | Checksum: 120cca153

Time (s): cpu = 00:00:03 ; elapsed = 00:00:02 . Memory (MB): peak = 1162.469 ; gain = 1.461

Phase 2.2 Physical Synthesis In Placer
INFO: [Physopt 32-65] No nets found for high-fanout optimization.
INFO: [Physopt 32-232] Optimized 0 net. Created 0 new instance.
INFO: [Physopt 32-775] End 1 Pass. Optimized 0 net or cell. Created 0 new cell, deleted 0 existing cell and moved 0 existing cell
Netlist sorting complete. Time (s): cpu = 00:00:00 ; elapsed = 00:00:00 . Memory (MB): peak = 1162.469 ; gain = 0.000

Summary of Physical Synthesis Optimizations
============================================


-----------------------------------------------------------------------------------------------------------------------------
|  Optimization       |  Added Cells  |  Removed Cells  |  Optimized Cells/Nets  |  Dont Touch  |  Iterations  |  Elapsed   |
-----------------------------------------------------------------------------------------------------------------------------
|  Very High Fanout   |            0  |              0  |                     0  |           0  |           1  |  00:00:00  |
|  Total              |            0  |              0  |                     0  |           0  |           1  |  00:00:00  |
-----------------------------------------------------------------------------------------------------------------------------


Phase 2.2 Physical Synthesis In Placer | Checksum: ef098c0d

Time (s): cpu = 00:00:05 ; elapsed = 00:00:03 . Memory (MB): peak = 1162.469 ; gain = 1.461
Phase 2 Global Placement | Checksum: 12707a267

Time (s): cpu = 00:00:05 ; elapsed = 00:00:03 . Memory (MB): peak = 1162.469 ; gain = 1.461

Phase 3 Detail Placement

Phase 3.1 Commit Multi Column Macros
Phase 3.1 Commit Multi Column Macros | Checksum: 12707a267

Time (s): cpu = 00:00:05 ; elapsed = 00:00:03 . Memory (MB): peak = 1162.469 ; gain = 1.461

Phase 3.2 Commit Most Macros & LUTRAMs
Phase 3.2 Commit Most Macros & LUTRAMs | Checksum: 16929e214

Time (s): cpu = 00:00:05 ; elapsed = 00:00:03 . Memory (MB): peak = 1162.469 ; gain = 1.461

Phase 3.3 Area Swap Optimization
Phase 3.3 Area Swap Optimization | Checksum: 1f2ed8805

Time (s): cpu = 00:00:05 ; elapsed = 00:00:03 . Memory (MB): peak = 1162.469 ; gain = 1.461

Phase 3.4 Pipeline Register Optimization
Phase 3.4 Pipeline Register Optimization | Checksum: 1f2ed8805

Time (s): cpu = 00:00:05 ; elapsed = 00:00:03 . Memory (MB): peak = 1162.469 ; gain = 1.461

Phase 3.5 Small Shape Detail Placement
Phase 3.5 Small Shape Detail Placement | Checksum: 195bd5df3

Time (s): cpu = 00:00:05 ; elapsed = 00:00:03 . Memory (MB): peak = 1162.469 ; gain = 1.461

Phase 3.6 Re-assign LUT pins
Phase 3.6 Re-assign LUT pins | Checksum: 122fe949f

Time (s): cpu = 00:00:05 ; elapsed = 00:00:03 . Memory (MB): peak = 1162.469 ; gain = 1.461

Phase 3.7 Pipeline Register Optimization
Phase 3.7 Pipeline Register Optimization | Checksum: 122fe949f

Time (s): cpu = 00:00:05 ; elapsed = 00:00:03 . Memory (MB): peak = 1162.469 ; gain = 1.461
Phase 3 Detail Placement | Checksum: 122fe949f

Time (s): cpu = 00:00:05 ; elapsed = 00:00:03 . Memory (MB): peak = 1162.469 ; gain = 1.461

Phase 4 Post Placement Optimization and Clean-Up

Phase 4.1 Post Commit Optimization
INFO: [Timing 38-35] Done setting XDC timing constraints.

Phase 4.1.1 Post Placement Optimization
Post Placement Optimization Initialization | Checksum: 1e6688712

Phase 4.1.1.1 BUFG Insertion
INFO: [Place 46-31] BUFG insertion identified 0 candidate nets, 0 success, 0 skipped for placement/routing, 0 skipped for timing, 0 skipped for netlist change reason.
Phase 4.1.1.1 BUFG Insertion | Checksum: 1e6688712

Time (s): cpu = 00:00:06 ; elapsed = 00:00:03 . Memory (MB): peak = 1192.012 ; gain = 31.004
INFO: [Place 30-746] Post Placement Timing Summary WNS=5.342. For the most accurate timing information please run report_timing.
Phase 4.1.1 Post Placement Optimization | Checksum: 1e04d11fa

Time (s): cpu = 00:00:06 ; elapsed = 00:00:03 . Memory (MB): peak = 1192.012 ; gain = 31.004
Phase 4.1 Post Commit Optimization | Checksum: 1e04d11fa

Time (s): cpu = 00:00:06 ; elapsed = 00:00:03 . Memory (MB): peak = 1192.012 ; gain = 31.004

Phase 4.2 Post Placement Cleanup
Phase 4.2 Post Placement Cleanup | Checksum: 1e04d11fa

Time (s): cpu = 00:00:06 ; elapsed = 00:00:03 . Memory (MB): peak = 1192.012 ; gain = 31.004

Phase 4.3 Placer Reporting
Phase 4.3 Placer Reporting | Checksum: 1e04d11fa

Time (s): cpu = 00:00:06 ; elapsed = 00:00:03 . Memory (MB): peak = 1192.012 ; gain = 31.004

Phase 4.4 Final Placement Cleanup
Phase 4.4 Final Placement Cleanup | Checksum: 16fa8a2f9

Time (s): cpu = 00:00:06 ; elapsed = 00:00:03 . Memory (MB): peak = 1192.012 ; gain = 31.004
Phase 4 Post Placement Optimization and Clean-Up | Checksum: 16fa8a2f9

Time (s): cpu = 00:00:06 ; elapsed = 00:00:03 . Memory (MB): peak = 1192.012 ; gain = 31.004
Ending Placer Task | Checksum: aba6bc0b

Time (s): cpu = 00:00:06 ; elapsed = 00:00:03 . Memory (MB): peak = 1192.012 ; gain = 31.004
INFO: [Common 17-83] Releasing license: Implementation
49 Infos, 102 Warnings, 100 Critical Warnings and 0 Errors encountered.
place_design completed successfully
INFO: [Timing 38-480] Writing timing data to binary archive.
Writing placer database...
Writing XDEF routing.
Writing XDEF routing logical nets.
Writing XDEF routing special nets.
Write XDEF Complete: Time (s): cpu = 00:00:00 ; elapsed = 00:00:00.078 . Memory (MB): peak = 1199.629 ; gain = 7.617
INFO: [Common 17-1381] The checkpoint 'C:/Users/smdsbz/Projects/WasherController/WasherController.runs/impl_1/ElevatorEmulator_placed.dcp' has been generated.
INFO: [runtcl-4] Executing : report_io -file ElevatorEmulator_io_placed.rpt
report_io: Time (s): cpu = 00:00:00 ; elapsed = 00:00:00.054 . Memory (MB): peak = 1199.629 ; gain = 0.000
INFO: [runtcl-4] Executing : report_utilization -file ElevatorEmulator_utilization_placed.rpt -pb ElevatorEmulator_utilization_placed.pb
report_utilization: Time (s): cpu = 00:00:00 ; elapsed = 00:00:00.045 . Memory (MB): peak = 1199.629 ; gain = 0.000
INFO: [runtcl-4] Executing : report_control_sets -verbose -file ElevatorEmulator_control_sets_placed.rpt
report_control_sets: Time (s): cpu = 00:00:00 ; elapsed = 00:00:00.007 . Memory (MB): peak = 1199.629 ; gain = 0.000
Command: route_design
Attempting to get a license for feature 'Implementation' and/or device 'xc7a100t'
INFO: [Common 17-349] Got license for feature 'Implementation' and/or device 'xc7a100t'
Running DRC as a precondition to command route_design
INFO: [DRC 23-27] Running DRC with 2 threads
WARNING: [DRC PLCK-12] Clock Placer Checks: Poor placement for routing between an IO pin and BUFG. 
Resolution: Poor placement of an IO pin and a BUFG has resulted in the router using a non-dedicated path between the two.  There are several things that could trigger this DRC, each of which can cause unpredictable clock insertion delays that result in poor timing.  This DRC could be caused by any of the following: (a) a clock port was placed on a pin that is not a CCIO-pin (b)the BUFG has not been placed in the same half of the device or SLR as the CCIO-pin (c) a single ended clock has been placed on the N-Side of a differential pair CCIO-pin.
 This is normally an ERROR but the CLOCK_DEDICATED_ROUTE constraint is set to FALSE allowing your design to continue. The use of this override is highly discouraged as it may lead to very poor timing results. It is recommended that this error condition be corrected in the design.

	sw_IBUF[2]_inst (IBUF.O) is locked to IOB_X1Y54
	sw_IBUF_BUFG[2]_inst (BUFG.I) is provisionally placed by clockplacer on BUFGCTRL_X0Y0
INFO: [Vivado_Tcl 4-198] DRC finished with 0 Errors, 1 Warnings
INFO: [Vivado_Tcl 4-199] Please refer to the DRC report (report_drc) for more information.


Starting Routing Task
INFO: [Route 35-254] Multithreading enabled for route_design using a maximum of 2 CPUs
Checksum: PlaceDB: 8243886d ConstDB: 0 ShapeSum: 2963339e RouteDB: 0

Phase 1 Build RT Design
Phase 1 Build RT Design | Checksum: 938edb51

Time (s): cpu = 00:00:30 ; elapsed = 00:00:26 . Memory (MB): peak = 1327.973 ; gain = 128.344
Post Restoration Checksum: NetGraph: 57839c5a NumContArr: 3c0b3ef7 Constraints: 0 Timing: 0

Phase 2 Router Initialization

Phase 2.1 Create Timer
Phase 2.1 Create Timer | Checksum: 938edb51

Time (s): cpu = 00:00:30 ; elapsed = 00:00:26 . Memory (MB): peak = 1327.973 ; gain = 128.344

Phase 2.2 Fix Topology Constraints
Phase 2.2 Fix Topology Constraints | Checksum: 938edb51

Time (s): cpu = 00:00:30 ; elapsed = 00:00:26 . Memory (MB): peak = 1334.203 ; gain = 134.574

Phase 2.3 Pre Route Cleanup
Phase 2.3 Pre Route Cleanup | Checksum: 938edb51

Time (s): cpu = 00:00:30 ; elapsed = 00:00:26 . Memory (MB): peak = 1334.203 ; gain = 134.574
 Number of Nodes with overlaps = 0

Phase 2.4 Update Timing
Phase 2.4 Update Timing | Checksum: 164de1045

Time (s): cpu = 00:00:30 ; elapsed = 00:00:26 . Memory (MB): peak = 1341.277 ; gain = 141.648
INFO: [Route 35-416] Intermediate Timing Summary | WNS=5.338  | TNS=0.000  | WHS=-0.069 | THS=-0.505 |

Phase 2 Router Initialization | Checksum: 129102081

Time (s): cpu = 00:00:30 ; elapsed = 00:00:27 . Memory (MB): peak = 1341.277 ; gain = 141.648

Phase 3 Initial Routing
Phase 3 Initial Routing | Checksum: 1325ba936

Time (s): cpu = 00:00:30 ; elapsed = 00:00:27 . Memory (MB): peak = 1341.277 ; gain = 141.648

Phase 4 Rip-up And Reroute

Phase 4.1 Global Iteration 0
 Number of Nodes with overlaps = 17
 Number of Nodes with overlaps = 0
INFO: [Route 35-416] Intermediate Timing Summary | WNS=5.091  | TNS=0.000  | WHS=N/A    | THS=N/A    |

Phase 4.1 Global Iteration 0 | Checksum: 1b39d4d71

Time (s): cpu = 00:00:31 ; elapsed = 00:00:27 . Memory (MB): peak = 1341.277 ; gain = 141.648
Phase 4 Rip-up And Reroute | Checksum: 1b39d4d71

Time (s): cpu = 00:00:31 ; elapsed = 00:00:27 . Memory (MB): peak = 1341.277 ; gain = 141.648

Phase 5 Delay and Skew Optimization

Phase 5.1 Delay CleanUp
Phase 5.1 Delay CleanUp | Checksum: 1b39d4d71

Time (s): cpu = 00:00:31 ; elapsed = 00:00:27 . Memory (MB): peak = 1341.277 ; gain = 141.648

Phase 5.2 Clock Skew Optimization
Phase 5.2 Clock Skew Optimization | Checksum: 1b39d4d71

Time (s): cpu = 00:00:31 ; elapsed = 00:00:27 . Memory (MB): peak = 1341.277 ; gain = 141.648
Phase 5 Delay and Skew Optimization | Checksum: 1b39d4d71

Time (s): cpu = 00:00:31 ; elapsed = 00:00:27 . Memory (MB): peak = 1341.277 ; gain = 141.648

Phase 6 Post Hold Fix

Phase 6.1 Hold Fix Iter

Phase 6.1.1 Update Timing
Phase 6.1.1 Update Timing | Checksum: 15478e6f0

Time (s): cpu = 00:00:31 ; elapsed = 00:00:27 . Memory (MB): peak = 1341.277 ; gain = 141.648
INFO: [Route 35-416] Intermediate Timing Summary | WNS=5.186  | TNS=0.000  | WHS=0.195  | THS=0.000  |

Phase 6.1 Hold Fix Iter | Checksum: 15478e6f0

Time (s): cpu = 00:00:31 ; elapsed = 00:00:27 . Memory (MB): peak = 1341.277 ; gain = 141.648
Phase 6 Post Hold Fix | Checksum: 15478e6f0

Time (s): cpu = 00:00:31 ; elapsed = 00:00:27 . Memory (MB): peak = 1341.277 ; gain = 141.648

Phase 7 Route finalize

Router Utilization Summary
  Global Vertical Routing Utilization    = 0.0638465 %
  Global Horizontal Routing Utilization  = 0.0605996 %
  Routable Net Status*
  *Does not include unroutable nets such as driverless and loadless.
  Run report_route_status for detailed report.
  Number of Failed Nets               = 0
  Number of Unrouted Nets             = 0
  Number of Partially Routed Nets     = 0
  Number of Node Overlaps             = 0

Phase 7 Route finalize | Checksum: 1bf4e0b76

Time (s): cpu = 00:00:31 ; elapsed = 00:00:27 . Memory (MB): peak = 1341.277 ; gain = 141.648

Phase 8 Verifying routed nets

 Verification completed successfully
Phase 8 Verifying routed nets | Checksum: 1bf4e0b76

Time (s): cpu = 00:00:31 ; elapsed = 00:00:27 . Memory (MB): peak = 1341.277 ; gain = 141.648

Phase 9 Depositing Routes
Phase 9 Depositing Routes | Checksum: 208454c50

Time (s): cpu = 00:00:31 ; elapsed = 00:00:27 . Memory (MB): peak = 1341.277 ; gain = 141.648

Phase 10 Post Router Timing
INFO: [Route 35-57] Estimated Timing Summary | WNS=5.186  | TNS=0.000  | WHS=0.195  | THS=0.000  |

INFO: [Route 35-327] The final timing numbers are based on the router estimated timing analysis. For a complete and accurate timing signoff, please run report_timing_summary.
Phase 10 Post Router Timing | Checksum: 208454c50

Time (s): cpu = 00:00:31 ; elapsed = 00:00:27 . Memory (MB): peak = 1341.277 ; gain = 141.648
INFO: [Route 35-16] Router Completed Successfully

Time (s): cpu = 00:00:31 ; elapsed = 00:00:27 . Memory (MB): peak = 1341.277 ; gain = 141.648

Routing Is Done.
INFO: [Common 17-83] Releasing license: Implementation
66 Infos, 103 Warnings, 100 Critical Warnings and 0 Errors encountered.
route_design completed successfully
route_design: Time (s): cpu = 00:00:32 ; elapsed = 00:00:28 . Memory (MB): peak = 1341.277 ; gain = 141.648
INFO: [Timing 38-480] Writing timing data to binary archive.
Writing placer database...
Writing XDEF routing.
Writing XDEF routing logical nets.
Writing XDEF routing special nets.
Write XDEF Complete: Time (s): cpu = 00:00:00 ; elapsed = 00:00:00.087 . Memory (MB): peak = 1341.277 ; gain = 0.000
INFO: [Common 17-1381] The checkpoint 'C:/Users/smdsbz/Projects/WasherController/WasherController.runs/impl_1/ElevatorEmulator_routed.dcp' has been generated.
INFO: [runtcl-4] Executing : report_drc -file ElevatorEmulator_drc_routed.rpt -pb ElevatorEmulator_drc_routed.pb -rpx ElevatorEmulator_drc_routed.rpx
Command: report_drc -file ElevatorEmulator_drc_routed.rpt -pb ElevatorEmulator_drc_routed.pb -rpx ElevatorEmulator_drc_routed.rpx
INFO: [DRC 23-27] Running DRC with 2 threads
INFO: [Coretcl 2-168] The results of DRC are in file C:/Users/smdsbz/Projects/WasherController/WasherController.runs/impl_1/ElevatorEmulator_drc_routed.rpt.
report_drc completed successfully
INFO: [runtcl-4] Executing : report_methodology -file ElevatorEmulator_methodology_drc_routed.rpt -pb ElevatorEmulator_methodology_drc_routed.pb -rpx ElevatorEmulator_methodology_drc_routed.rpx
Command: report_methodology -file ElevatorEmulator_methodology_drc_routed.rpt -pb ElevatorEmulator_methodology_drc_routed.pb -rpx ElevatorEmulator_methodology_drc_routed.rpx
INFO: [Timing 38-35] Done setting XDC timing constraints.
INFO: [Timing 38-35] Done setting XDC timing constraints.
INFO: [DRC 23-133] Running Methodology with 2 threads
INFO: [Coretcl 2-1520] The results of Report Methodology are in file C:/Users/smdsbz/Projects/WasherController/WasherController.runs/impl_1/ElevatorEmulator_methodology_drc_routed.rpt.
report_methodology completed successfully
INFO: [runtcl-4] Executing : report_power -file ElevatorEmulator_power_routed.rpt -pb ElevatorEmulator_power_summary_routed.pb -rpx ElevatorEmulator_power_routed.rpx
Command: report_power -file ElevatorEmulator_power_routed.rpt -pb ElevatorEmulator_power_summary_routed.pb -rpx ElevatorEmulator_power_routed.rpx
INFO: [Timing 38-35] Done setting XDC timing constraints.
Running Vector-less Activity Propagation...

Finished Running Vector-less Activity Propagation
78 Infos, 103 Warnings, 100 Critical Warnings and 0 Errors encountered.
report_power completed successfully
INFO: [runtcl-4] Executing : report_route_status -file ElevatorEmulator_route_status.rpt -pb ElevatorEmulator_route_status.pb
INFO: [runtcl-4] Executing : report_timing_summary -max_paths 10 -file ElevatorEmulator_timing_summary_routed.rpt -pb ElevatorEmulator_timing_summary_routed.pb -rpx ElevatorEmulator_timing_summary_routed.rpx -warn_on_violation 
INFO: [Timing 38-91] UpdateTimingParams: Speed grade: -1, Delay Type: min_max, Timing Stage: Requireds.
INFO: [Timing 38-191] Multithreading enabled for timing update using a maximum of 2 CPUs
INFO: [runtcl-4] Executing : report_incremental_reuse -file ElevatorEmulator_incremental_reuse_routed.rpt
INFO: [Vivado_Tcl 4-545] No incremental reuse to report, no incremental placement and routing data was found.
INFO: [runtcl-4] Executing : report_clock_utilization -file ElevatorEmulator_clock_utilization_routed.rpt
INFO: [runtcl-4] Executing : report_bus_skew -warn_on_violation -file ElevatorEmulator_bus_skew_routed.rpt -pb ElevatorEmulator_bus_skew_routed.pb -rpx ElevatorEmulator_bus_skew_routed.rpx
INFO: [Timing 38-91] UpdateTimingParams: Speed grade: -1, Delay Type: min_max, Timing Stage: Requireds.
INFO: [Timing 38-191] Multithreading enabled for timing update using a maximum of 2 CPUs
Command: write_bitstream -force ElevatorEmulator.bit
Attempting to get a license for feature 'Implementation' and/or device 'xc7a100t'
INFO: [Common 17-349] Got license for feature 'Implementation' and/or device 'xc7a100t'
Running DRC as a precondition to command write_bitstream
INFO: [DRC 23-27] Running DRC with 2 threads
WARNING: [DRC CFGBVS-1] Missing CFGBVS and CONFIG_VOLTAGE Design Properties: Neither the CFGBVS nor CONFIG_VOLTAGE voltage property is set in the current_design.  Configuration bank voltage select (CFGBVS) must be set to VCCO or GND, and CONFIG_VOLTAGE must be set to the correct configuration voltage, in order to determine the I/O voltage support for the pins in bank 0.  It is suggested to specify these either using the 'Edit Device Properties' function in the GUI or directly in the XDC file using the following syntax:

 set_property CFGBVS value1 [current_design]
 #where value1 is either VCCO or GND

 set_property CONFIG_VOLTAGE value2 [current_design]
 #where value2 is the voltage provided to configuration bank 0

Refer to the device configuration user guide for more information.
WARNING: [DRC PDRC-153] Gated clock check: Net EE_FSMMod/E[0] is a gated clock net sourced by a combinational pin EE_FSMMod/stop_requests_reg[7]_i_2/O, cell EE_FSMMod/stop_requests_reg[7]_i_2. This is not good design practice and will likely impact performance. For SLICE registers, for example, use the CE pin to control the loading of data.
WARNING: [DRC PDRC-153] Gated clock check: Net EE_FSMMod/current_state_reg[0]_1 is a gated clock net sourced by a combinational pin EE_FSMMod/curr_floor_reg_i_2/O, cell EE_FSMMod/curr_floor_reg_i_2. This is not good design practice and will likely impact performance. For SLICE registers, for example, use the CE pin to control the loading of data.
WARNING: [DRC PDRC-153] Gated clock check: Net EE_FSMMod/current_state_reg[0]_2[0] is a gated clock net sourced by a combinational pin EE_FSMMod/stop_requests_reg[0]_i_2/O, cell EE_FSMMod/stop_requests_reg[0]_i_2. This is not good design practice and will likely impact performance. For SLICE registers, for example, use the CE pin to control the loading of data.
WARNING: [DRC PDRC-153] Gated clock check: Net EE_FSMMod/door_ctl_reg_i_2_n_0 is a gated clock net sourced by a combinational pin EE_FSMMod/door_ctl_reg_i_2/O, cell EE_FSMMod/door_ctl_reg_i_2. This is not good design practice and will likely impact performance. For SLICE registers, for example, use the CE pin to control the loading of data.
WARNING: [DRC PDRC-153] Gated clock check: Net EE_FSMMod/moving0_out is a gated clock net sourced by a combinational pin EE_FSMMod/moving_reg_i_2/O, cell EE_FSMMod/moving_reg_i_2. This is not good design practice and will likely impact performance. For SLICE registers, for example, use the CE pin to control the loading of data.
WARNING: [DRC PDRC-153] Gated clock check: Net EE_FileMod/up_requests_reg[0]_i_2_n_0 is a gated clock net sourced by a combinational pin EE_FileMod/up_requests_reg[0]_i_2/O, cell EE_FileMod/up_requests_reg[0]_i_2. This is not good design practice and will likely impact performance. For SLICE registers, for example, use the CE pin to control the loading of data.
INFO: [Vivado 12-3199] DRC finished with 0 Errors, 7 Warnings
INFO: [Vivado 12-3200] Please refer to the DRC report (report_drc) for more information.
INFO: [Designutils 20-2272] Running write_bitstream with 2 threads.
Loading data files...
Loading site data...
Loading route data...
Processing options...
Creating bitmap...
Creating bitstream...
Writing bitstream ./ElevatorEmulator.bit...
INFO: [Vivado 12-1842] Bitgen Completed Successfully.
INFO: [Project 1-120] WebTalk data collection is mandatory when using a WebPACK part without a full Vivado license. To see the specific WebTalk data collected for your design, open the usage_statistics_webtalk.html or usage_statistics_webtalk.xml file in the implementation directory.
INFO: [Common 17-186] 'C:/Users/smdsbz/Projects/WasherController/WasherController.runs/impl_1/usage_statistics_webtalk.xml' has been successfully sent to Xilinx on Thu Sep 20 18:04:15 2018. For additional details about this file, please refer to the WebTalk help file at C:/Xilinx/Vivado/2018.2/doc/webtalk_introduction.html.
INFO: [Common 17-83] Releasing license: Implementation
97 Infos, 110 Warnings, 100 Critical Warnings and 0 Errors encountered.
write_bitstream completed successfully
write_bitstream: Time (s): cpu = 00:00:13 ; elapsed = 00:00:17 . Memory (MB): peak = 1777.852 ; gain = 408.168
INFO: [Common 17-206] Exiting Vivado at Thu Sep 20 18:04:15 2018...
