
*** Running vivado
    with args -log ElevatorEmulator.vds -m64 -product Vivado -mode batch -messageDb vivado.pb -notrace -source ElevatorEmulator.tcl


****** Vivado v2018.2 (64-bit)
  **** SW Build 2258646 on Thu Jun 14 20:03:12 MDT 2018
  **** IP Build 2256618 on Thu Jun 14 22:10:49 MDT 2018
    ** Copyright 1986-2018 Xilinx, Inc. All Rights Reserved.

source ElevatorEmulator.tcl -notrace
Command: synth_design -top ElevatorEmulator -part xc7a100tcsg324-1
Starting synth_design
Attempting to get a license for feature 'Synthesis' and/or device 'xc7a100t'
INFO: [Common 17-349] Got license for feature 'Synthesis' and/or device 'xc7a100t'
INFO: Launching helper process for spawning children vivado processes
INFO: Helper process launched with PID 6540 
---------------------------------------------------------------------------------
Starting RTL Elaboration : Time (s): cpu = 00:00:02 ; elapsed = 00:00:02 . Memory (MB): peak = 357.883 ; gain = 99.496
---------------------------------------------------------------------------------
INFO: [Synth 8-6157] synthesizing module 'ElevatorEmulator' [C:/Users/smdsbz/Projects/WasherController/WasherController.srcs/sources_1/new/ElevatorEmulator.v:4]
	Parameter __half_sec_scale bound to: 49999999 - type: integer 
INFO: [Synth 8-6157] synthesizing module 'MotorSimulator' [C:/Users/smdsbz/Projects/WasherController/WasherController.srcs/sources_1/new/MotorSimulator.v:4]
	Parameter move_delay bound to: 12 - type: integer 
	Parameter __half_sec_scale bound to: 49999999 - type: integer 
INFO: [Synth 8-6157] synthesizing module 'DelaySignalNS' [C:/Users/smdsbz/Projects/WasherController/WasherController.srcs/sources_1/imports/sources_1/new/Clock.v:27]
	Parameter n_sec bound to: 12 - type: integer 
	Parameter __half_sec_scale bound to: 49999999 - type: integer 
INFO: [Synth 8-6155] done synthesizing module 'DelaySignalNS' (1#1) [C:/Users/smdsbz/Projects/WasherController/WasherController.srcs/sources_1/imports/sources_1/new/Clock.v:27]
WARNING: [Synth 8-350] instance '__MS_MotorDelayMod' of module 'DelaySignalNS' requires 5 connections, but only 4 given [C:/Users/smdsbz/Projects/WasherController/WasherController.srcs/sources_1/new/MotorSimulator.v:22]
INFO: [Synth 8-4471] merging register 'delay_enable_reg' into 'moving_reg' [C:/Users/smdsbz/Projects/WasherController/WasherController.srcs/sources_1/new/MotorSimulator.v:23]
WARNING: [Synth 8-6014] Unused sequential element delay_enable_reg was removed.  [C:/Users/smdsbz/Projects/WasherController/WasherController.srcs/sources_1/new/MotorSimulator.v:23]
WARNING: [Synth 8-5788] Register next_position_reg in module MotorSimulator is has both Set and reset with same priority. This may cause simulation mismatches. Consider rewriting code  [C:/Users/smdsbz/Projects/WasherController/WasherController.srcs/sources_1/new/MotorSimulator.v:40]
INFO: [Synth 8-6155] done synthesizing module 'MotorSimulator' (2#1) [C:/Users/smdsbz/Projects/WasherController/WasherController.srcs/sources_1/new/MotorSimulator.v:4]
INFO: [Synth 8-6157] synthesizing module 'ClockSignal1S' [C:/Users/smdsbz/Projects/WasherController/WasherController.srcs/sources_1/imports/sources_1/new/Clock.v:4]
	Parameter __half_sec_scale bound to: 49999 - type: integer 
INFO: [Synth 8-6155] done synthesizing module 'ClockSignal1S' (3#1) [C:/Users/smdsbz/Projects/WasherController/WasherController.srcs/sources_1/imports/sources_1/new/Clock.v:4]
INFO: [Synth 8-6157] synthesizing module 'DisplayInterfaceDriver' [C:/Users/smdsbz/Projects/WasherController/WasherController.srcs/sources_1/new/SevenSegDisplay.v:34]
INFO: [Synth 8-6157] synthesizing module 'SevenSegDecoder' [C:/Users/smdsbz/Projects/WasherController/WasherController.srcs/sources_1/new/SevenSegDisplay.v:4]
INFO: [Synth 8-226] default block is never used [C:/Users/smdsbz/Projects/WasherController/WasherController.srcs/sources_1/new/SevenSegDisplay.v:9]
INFO: [Synth 8-6155] done synthesizing module 'SevenSegDecoder' (4#1) [C:/Users/smdsbz/Projects/WasherController/WasherController.srcs/sources_1/new/SevenSegDisplay.v:4]
INFO: [Synth 8-6157] synthesizing module 'BinaryToBCDConverter' [C:/Users/smdsbz/Projects/WasherController/WasherController.srcs/sources_1/new/BinaryToBCDConverter.v:4]
INFO: [Synth 8-6155] done synthesizing module 'BinaryToBCDConverter' (5#1) [C:/Users/smdsbz/Projects/WasherController/WasherController.srcs/sources_1/new/BinaryToBCDConverter.v:4]
INFO: [Synth 8-6155] done synthesizing module 'DisplayInterfaceDriver' (6#1) [C:/Users/smdsbz/Projects/WasherController/WasherController.srcs/sources_1/new/SevenSegDisplay.v:34]
INFO: [Synth 8-6157] synthesizing module 'ElevatorFSM' [C:/Users/smdsbz/Projects/WasherController/WasherController.srcs/sources_1/new/ElevatorFSM.v:4]
	Parameter n_floors bound to: 8 - type: integer 
	Parameter __half_sec_scale bound to: 49999999 - type: integer 
	Parameter S_PowerOff bound to: 0 - type: integer 
	Parameter S_DoorOpened bound to: 1 - type: integer 
	Parameter S_DoorClosed bound to: 2 - type: integer 
	Parameter S_Moving bound to: 3 - type: integer 
INFO: [Synth 8-6157] synthesizing module 'DelaySignalNS__parameterized0' [C:/Users/smdsbz/Projects/WasherController/WasherController.srcs/sources_1/imports/sources_1/new/Clock.v:27]
	Parameter n_sec bound to: 5 - type: integer 
	Parameter __half_sec_scale bound to: 49999999 - type: integer 
INFO: [Synth 8-6155] done synthesizing module 'DelaySignalNS__parameterized0' (6#1) [C:/Users/smdsbz/Projects/WasherController/WasherController.srcs/sources_1/imports/sources_1/new/Clock.v:27]
WARNING: [Synth 8-350] instance 'FSM_DelayMod' of module 'DelaySignalNS' requires 5 connections, but only 3 given [C:/Users/smdsbz/Projects/WasherController/WasherController.srcs/sources_1/new/ElevatorFSM.v:44]
INFO: [Synth 8-6155] done synthesizing module 'ElevatorFSM' (7#1) [C:/Users/smdsbz/Projects/WasherController/WasherController.srcs/sources_1/new/ElevatorFSM.v:4]
INFO: [Synth 8-6157] synthesizing module 'ElevatorFiles' [C:/Users/smdsbz/Projects/WasherController/WasherController.srcs/sources_1/new/ElevatorFiles.v:4]
	Parameter n_floors bound to: 8 - type: integer 
	Parameter btnOutDown bound to: 3'b001 
	Parameter btnIn bound to: 3'b010 
	Parameter btnOutUp bound to: 3'b100 
INFO: [Synth 8-6155] done synthesizing module 'ElevatorFiles' (8#1) [C:/Users/smdsbz/Projects/WasherController/WasherController.srcs/sources_1/new/ElevatorFiles.v:4]
WARNING: [Synth 8-3848] Net seg in module/entity ElevatorEmulator does not have driver. [C:/Users/smdsbz/Projects/WasherController/WasherController.srcs/sources_1/new/ElevatorEmulator.v:16]
INFO: [Synth 8-6155] done synthesizing module 'ElevatorEmulator' (9#1) [C:/Users/smdsbz/Projects/WasherController/WasherController.srcs/sources_1/new/ElevatorEmulator.v:4]
WARNING: [Synth 8-3331] design ElevatorEmulator has unconnected port sw[14]
WARNING: [Synth 8-3331] design ElevatorEmulator has unconnected port sw[12]
WARNING: [Synth 8-3331] design ElevatorEmulator has unconnected port sw[10]
WARNING: [Synth 8-3331] design ElevatorEmulator has unconnected port sw[8]
WARNING: [Synth 8-3331] design ElevatorEmulator has unconnected port sw[6]
WARNING: [Synth 8-3331] design ElevatorEmulator has unconnected port sw[4]
WARNING: [Synth 8-3331] design ElevatorEmulator has unconnected port sw[0]
---------------------------------------------------------------------------------
Finished RTL Elaboration : Time (s): cpu = 00:00:03 ; elapsed = 00:00:03 . Memory (MB): peak = 412.961 ; gain = 154.574
---------------------------------------------------------------------------------

Report Check Netlist: 
+------+------------------+-------+---------+-------+------------------+
|      |Item              |Errors |Warnings |Status |Description       |
+------+------------------+-------+---------+-------+------------------+
|1     |multi_driven_nets |      0|        0|Passed |Multi driven nets |
+------+------------------+-------+---------+-------+------------------+
---------------------------------------------------------------------------------
Start Handling Custom Attributes
---------------------------------------------------------------------------------
---------------------------------------------------------------------------------
Finished Handling Custom Attributes : Time (s): cpu = 00:00:03 ; elapsed = 00:00:03 . Memory (MB): peak = 412.961 ; gain = 154.574
---------------------------------------------------------------------------------
---------------------------------------------------------------------------------
Finished RTL Optimization Phase 1 : Time (s): cpu = 00:00:03 ; elapsed = 00:00:03 . Memory (MB): peak = 412.961 ; gain = 154.574
---------------------------------------------------------------------------------
INFO: [Device 21-403] Loading part xc7a100tcsg324-1
INFO: [Project 1-570] Preparing netlist for logic optimization

Processing XDC Constraints
Initializing timing engine
Parsing XDC File [C:/Users/smdsbz/Projects/WasherController/WasherController.srcs/constrs_1/imports/实验1 - Vivado 设计流程_v3_2/Nexys4_Master.xdc]
WARNING: [Vivado 12-507] No nets matched 'sw_IBUF[0]'. [C:/Users/smdsbz/Projects/WasherController/WasherController.srcs/constrs_1/imports/实验1 - Vivado 设计流程_v3_2/Nexys4_Master.xdc:10]
CRITICAL WARNING: [Common 17-55] 'set_property' expects at least one object. [C:/Users/smdsbz/Projects/WasherController/WasherController.srcs/constrs_1/imports/实验1 - Vivado 设计流程_v3_2/Nexys4_Master.xdc:10]
Resolution: If [get_<value>] was used to populate the object, check to make sure this command returns at least one valid object.
WARNING: [Vivado 12-507] No nets matched 'sw_IBUF[2]'. [C:/Users/smdsbz/Projects/WasherController/WasherController.srcs/constrs_1/imports/实验1 - Vivado 设计流程_v3_2/Nexys4_Master.xdc:11]
CRITICAL WARNING: [Common 17-55] 'set_property' expects at least one object. [C:/Users/smdsbz/Projects/WasherController/WasherController.srcs/constrs_1/imports/实验1 - Vivado 设计流程_v3_2/Nexys4_Master.xdc:11]
Resolution: If [get_<value>] was used to populate the object, check to make sure this command returns at least one valid object.
WARNING: [Vivado 12-584] No ports matched 'btnCpuReset'. [C:/Users/smdsbz/Projects/WasherController/WasherController.srcs/constrs_1/imports/实验1 - Vivado 设计流程_v3_2/Nexys4_Master.xdc:65]
CRITICAL WARNING: [Common 17-55] 'set_property' expects at least one object. [C:/Users/smdsbz/Projects/WasherController/WasherController.srcs/constrs_1/imports/实验1 - Vivado 设计流程_v3_2/Nexys4_Master.xdc:65]
Resolution: If [get_<value>] was used to populate the object, check to make sure this command returns at least one valid object.
WARNING: [Vivado 12-584] No ports matched 'btnCpuReset'. [C:/Users/smdsbz/Projects/WasherController/WasherController.srcs/constrs_1/imports/实验1 - Vivado 设计流程_v3_2/Nexys4_Master.xdc:66]
CRITICAL WARNING: [Common 17-55] 'set_property' expects at least one object. [C:/Users/smdsbz/Projects/WasherController/WasherController.srcs/constrs_1/imports/实验1 - Vivado 设计流程_v3_2/Nexys4_Master.xdc:66]
Resolution: If [get_<value>] was used to populate the object, check to make sure this command returns at least one valid object.
WARNING: [Vivado 12-507] No nets matched 'btnL_IBUF'. [C:/Users/smdsbz/Projects/WasherController/WasherController.srcs/constrs_1/imports/实验1 - Vivado 设计流程_v3_2/Nexys4_Master.xdc:84]
CRITICAL WARNING: [Common 17-55] 'set_property' expects at least one object. [C:/Users/smdsbz/Projects/WasherController/WasherController.srcs/constrs_1/imports/实验1 - Vivado 设计流程_v3_2/Nexys4_Master.xdc:84]
Resolution: If [get_<value>] was used to populate the object, check to make sure this command returns at least one valid object.
WARNING: [Vivado 12-584] No ports matched 'RGB1_Blue'. [C:/Users/smdsbz/Projects/WasherController/WasherController.srcs/constrs_1/imports/实验1 - Vivado 设计流程_v3_2/Nexys4_Master.xdc:147]
CRITICAL WARNING: [Common 17-55] 'set_property' expects at least one object. [C:/Users/smdsbz/Projects/WasherController/WasherController.srcs/constrs_1/imports/实验1 - Vivado 设计流程_v3_2/Nexys4_Master.xdc:147]
Resolution: If [get_<value>] was used to populate the object, check to make sure this command returns at least one valid object.
WARNING: [Vivado 12-584] No ports matched 'RGB1_Blue'. [C:/Users/smdsbz/Projects/WasherController/WasherController.srcs/constrs_1/imports/实验1 - Vivado 设计流程_v3_2/Nexys4_Master.xdc:148]
CRITICAL WARNING: [Common 17-55] 'set_property' expects at least one object. [C:/Users/smdsbz/Projects/WasherController/WasherController.srcs/constrs_1/imports/实验1 - Vivado 设计流程_v3_2/Nexys4_Master.xdc:148]
Resolution: If [get_<value>] was used to populate the object, check to make sure this command returns at least one valid object.
WARNING: [Vivado 12-584] No ports matched 'RGB2_Red'. [C:/Users/smdsbz/Projects/WasherController/WasherController.srcs/constrs_1/imports/实验1 - Vivado 设计流程_v3_2/Nexys4_Master.xdc:150]
CRITICAL WARNING: [Common 17-55] 'set_property' expects at least one object. [C:/Users/smdsbz/Projects/WasherController/WasherController.srcs/constrs_1/imports/实验1 - Vivado 设计流程_v3_2/Nexys4_Master.xdc:150]
Resolution: If [get_<value>] was used to populate the object, check to make sure this command returns at least one valid object.
WARNING: [Vivado 12-584] No ports matched 'RGB2_Red'. [C:/Users/smdsbz/Projects/WasherController/WasherController.srcs/constrs_1/imports/实验1 - Vivado 设计流程_v3_2/Nexys4_Master.xdc:151]
CRITICAL WARNING: [Common 17-55] 'set_property' expects at least one object. [C:/Users/smdsbz/Projects/WasherController/WasherController.srcs/constrs_1/imports/实验1 - Vivado 设计流程_v3_2/Nexys4_Master.xdc:151]
Resolution: If [get_<value>] was used to populate the object, check to make sure this command returns at least one valid object.
WARNING: [Vivado 12-584] No ports matched 'JA[0]'. [C:/Users/smdsbz/Projects/WasherController/WasherController.srcs/constrs_1/imports/实验1 - Vivado 设计流程_v3_2/Nexys4_Master.xdc:220]
CRITICAL WARNING: [Common 17-55] 'set_property' expects at least one object. [C:/Users/smdsbz/Projects/WasherController/WasherController.srcs/constrs_1/imports/实验1 - Vivado 设计流程_v3_2/Nexys4_Master.xdc:220]
Resolution: If [get_<value>] was used to populate the object, check to make sure this command returns at least one valid object.
WARNING: [Vivado 12-584] No ports matched 'JA[0]'. [C:/Users/smdsbz/Projects/WasherController/WasherController.srcs/constrs_1/imports/实验1 - Vivado 设计流程_v3_2/Nexys4_Master.xdc:221]
CRITICAL WARNING: [Common 17-55] 'set_property' expects at least one object. [C:/Users/smdsbz/Projects/WasherController/WasherController.srcs/constrs_1/imports/实验1 - Vivado 设计流程_v3_2/Nexys4_Master.xdc:221]
Resolution: If [get_<value>] was used to populate the object, check to make sure this command returns at least one valid object.
WARNING: [Vivado 12-584] No ports matched 'JA[1]'. [C:/Users/smdsbz/Projects/WasherController/WasherController.srcs/constrs_1/imports/实验1 - Vivado 设计流程_v3_2/Nexys4_Master.xdc:223]
CRITICAL WARNING: [Common 17-55] 'set_property' expects at least one object. [C:/Users/smdsbz/Projects/WasherController/WasherController.srcs/constrs_1/imports/实验1 - Vivado 设计流程_v3_2/Nexys4_Master.xdc:223]
Resolution: If [get_<value>] was used to populate the object, check to make sure this command returns at least one valid object.
WARNING: [Vivado 12-584] No ports matched 'JA[1]'. [C:/Users/smdsbz/Projects/WasherController/WasherController.srcs/constrs_1/imports/实验1 - Vivado 设计流程_v3_2/Nexys4_Master.xdc:224]
CRITICAL WARNING: [Common 17-55] 'set_property' expects at least one object. [C:/Users/smdsbz/Projects/WasherController/WasherController.srcs/constrs_1/imports/实验1 - Vivado 设计流程_v3_2/Nexys4_Master.xdc:224]
Resolution: If [get_<value>] was used to populate the object, check to make sure this command returns at least one valid object.
WARNING: [Vivado 12-584] No ports matched 'JA[2]'. [C:/Users/smdsbz/Projects/WasherController/WasherController.srcs/constrs_1/imports/实验1 - Vivado 设计流程_v3_2/Nexys4_Master.xdc:226]
CRITICAL WARNING: [Common 17-55] 'set_property' expects at least one object. [C:/Users/smdsbz/Projects/WasherController/WasherController.srcs/constrs_1/imports/实验1 - Vivado 设计流程_v3_2/Nexys4_Master.xdc:226]
Resolution: If [get_<value>] was used to populate the object, check to make sure this command returns at least one valid object.
WARNING: [Vivado 12-584] No ports matched 'JA[2]'. [C:/Users/smdsbz/Projects/WasherController/WasherController.srcs/constrs_1/imports/实验1 - Vivado 设计流程_v3_2/Nexys4_Master.xdc:227]
CRITICAL WARNING: [Common 17-55] 'set_property' expects at least one object. [C:/Users/smdsbz/Projects/WasherController/WasherController.srcs/constrs_1/imports/实验1 - Vivado 设计流程_v3_2/Nexys4_Master.xdc:227]
Resolution: If [get_<value>] was used to populate the object, check to make sure this command returns at least one valid object.
WARNING: [Vivado 12-584] No ports matched 'JA[3]'. [C:/Users/smdsbz/Projects/WasherController/WasherController.srcs/constrs_1/imports/实验1 - Vivado 设计流程_v3_2/Nexys4_Master.xdc:229]
CRITICAL WARNING: [Common 17-55] 'set_property' expects at least one object. [C:/Users/smdsbz/Projects/WasherController/WasherController.srcs/constrs_1/imports/实验1 - Vivado 设计流程_v3_2/Nexys4_Master.xdc:229]
Resolution: If [get_<value>] was used to populate the object, check to make sure this command returns at least one valid object.
WARNING: [Vivado 12-584] No ports matched 'JA[3]'. [C:/Users/smdsbz/Projects/WasherController/WasherController.srcs/constrs_1/imports/实验1 - Vivado 设计流程_v3_2/Nexys4_Master.xdc:230]
CRITICAL WARNING: [Common 17-55] 'set_property' expects at least one object. [C:/Users/smdsbz/Projects/WasherController/WasherController.srcs/constrs_1/imports/实验1 - Vivado 设计流程_v3_2/Nexys4_Master.xdc:230]
Resolution: If [get_<value>] was used to populate the object, check to make sure this command returns at least one valid object.
WARNING: [Vivado 12-584] No ports matched 'JA[4]'. [C:/Users/smdsbz/Projects/WasherController/WasherController.srcs/constrs_1/imports/实验1 - Vivado 设计流程_v3_2/Nexys4_Master.xdc:232]
CRITICAL WARNING: [Common 17-55] 'set_property' expects at least one object. [C:/Users/smdsbz/Projects/WasherController/WasherController.srcs/constrs_1/imports/实验1 - Vivado 设计流程_v3_2/Nexys4_Master.xdc:232]
Resolution: If [get_<value>] was used to populate the object, check to make sure this command returns at least one valid object.
WARNING: [Vivado 12-584] No ports matched 'JA[4]'. [C:/Users/smdsbz/Projects/WasherController/WasherController.srcs/constrs_1/imports/实验1 - Vivado 设计流程_v3_2/Nexys4_Master.xdc:233]
CRITICAL WARNING: [Common 17-55] 'set_property' expects at least one object. [C:/Users/smdsbz/Projects/WasherController/WasherController.srcs/constrs_1/imports/实验1 - Vivado 设计流程_v3_2/Nexys4_Master.xdc:233]
Resolution: If [get_<value>] was used to populate the object, check to make sure this command returns at least one valid object.
WARNING: [Vivado 12-584] No ports matched 'JA[5]'. [C:/Users/smdsbz/Projects/WasherController/WasherController.srcs/constrs_1/imports/实验1 - Vivado 设计流程_v3_2/Nexys4_Master.xdc:235]
CRITICAL WARNING: [Common 17-55] 'set_property' expects at least one object. [C:/Users/smdsbz/Projects/WasherController/WasherController.srcs/constrs_1/imports/实验1 - Vivado 设计流程_v3_2/Nexys4_Master.xdc:235]
Resolution: If [get_<value>] was used to populate the object, check to make sure this command returns at least one valid object.
WARNING: [Vivado 12-584] No ports matched 'JA[5]'. [C:/Users/smdsbz/Projects/WasherController/WasherController.srcs/constrs_1/imports/实验1 - Vivado 设计流程_v3_2/Nexys4_Master.xdc:236]
CRITICAL WARNING: [Common 17-55] 'set_property' expects at least one object. [C:/Users/smdsbz/Projects/WasherController/WasherController.srcs/constrs_1/imports/实验1 - Vivado 设计流程_v3_2/Nexys4_Master.xdc:236]
Resolution: If [get_<value>] was used to populate the object, check to make sure this command returns at least one valid object.
WARNING: [Vivado 12-584] No ports matched 'JA[6]'. [C:/Users/smdsbz/Projects/WasherController/WasherController.srcs/constrs_1/imports/实验1 - Vivado 设计流程_v3_2/Nexys4_Master.xdc:238]
CRITICAL WARNING: [Common 17-55] 'set_property' expects at least one object. [C:/Users/smdsbz/Projects/WasherController/WasherController.srcs/constrs_1/imports/实验1 - Vivado 设计流程_v3_2/Nexys4_Master.xdc:238]
Resolution: If [get_<value>] was used to populate the object, check to make sure this command returns at least one valid object.
WARNING: [Vivado 12-584] No ports matched 'JA[6]'. [C:/Users/smdsbz/Projects/WasherController/WasherController.srcs/constrs_1/imports/实验1 - Vivado 设计流程_v3_2/Nexys4_Master.xdc:239]
CRITICAL WARNING: [Common 17-55] 'set_property' expects at least one object. [C:/Users/smdsbz/Projects/WasherController/WasherController.srcs/constrs_1/imports/实验1 - Vivado 设计流程_v3_2/Nexys4_Master.xdc:239]
Resolution: If [get_<value>] was used to populate the object, check to make sure this command returns at least one valid object.
WARNING: [Vivado 12-584] No ports matched 'JA[7]'. [C:/Users/smdsbz/Projects/WasherController/WasherController.srcs/constrs_1/imports/实验1 - Vivado 设计流程_v3_2/Nexys4_Master.xdc:241]
CRITICAL WARNING: [Common 17-55] 'set_property' expects at least one object. [C:/Users/smdsbz/Projects/WasherController/WasherController.srcs/constrs_1/imports/实验1 - Vivado 设计流程_v3_2/Nexys4_Master.xdc:241]
Resolution: If [get_<value>] was used to populate the object, check to make sure this command returns at least one valid object.
WARNING: [Vivado 12-584] No ports matched 'JA[7]'. [C:/Users/smdsbz/Projects/WasherController/WasherController.srcs/constrs_1/imports/实验1 - Vivado 设计流程_v3_2/Nexys4_Master.xdc:242]
CRITICAL WARNING: [Common 17-55] 'set_property' expects at least one object. [C:/Users/smdsbz/Projects/WasherController/WasherController.srcs/constrs_1/imports/实验1 - Vivado 设计流程_v3_2/Nexys4_Master.xdc:242]
Resolution: If [get_<value>] was used to populate the object, check to make sure this command returns at least one valid object.
WARNING: [Vivado 12-584] No ports matched 'JB[0]'. [C:/Users/smdsbz/Projects/WasherController/WasherController.srcs/constrs_1/imports/实验1 - Vivado 设计流程_v3_2/Nexys4_Master.xdc:248]
CRITICAL WARNING: [Common 17-55] 'set_property' expects at least one object. [C:/Users/smdsbz/Projects/WasherController/WasherController.srcs/constrs_1/imports/实验1 - Vivado 设计流程_v3_2/Nexys4_Master.xdc:248]
Resolution: If [get_<value>] was used to populate the object, check to make sure this command returns at least one valid object.
WARNING: [Vivado 12-584] No ports matched 'JB[0]'. [C:/Users/smdsbz/Projects/WasherController/WasherController.srcs/constrs_1/imports/实验1 - Vivado 设计流程_v3_2/Nexys4_Master.xdc:249]
CRITICAL WARNING: [Common 17-55] 'set_property' expects at least one object. [C:/Users/smdsbz/Projects/WasherController/WasherController.srcs/constrs_1/imports/实验1 - Vivado 设计流程_v3_2/Nexys4_Master.xdc:249]
Resolution: If [get_<value>] was used to populate the object, check to make sure this command returns at least one valid object.
WARNING: [Vivado 12-584] No ports matched 'JB[1]'. [C:/Users/smdsbz/Projects/WasherController/WasherController.srcs/constrs_1/imports/实验1 - Vivado 设计流程_v3_2/Nexys4_Master.xdc:251]
CRITICAL WARNING: [Common 17-55] 'set_property' expects at least one object. [C:/Users/smdsbz/Projects/WasherController/WasherController.srcs/constrs_1/imports/实验1 - Vivado 设计流程_v3_2/Nexys4_Master.xdc:251]
Resolution: If [get_<value>] was used to populate the object, check to make sure this command returns at least one valid object.
WARNING: [Vivado 12-584] No ports matched 'JB[1]'. [C:/Users/smdsbz/Projects/WasherController/WasherController.srcs/constrs_1/imports/实验1 - Vivado 设计流程_v3_2/Nexys4_Master.xdc:252]
CRITICAL WARNING: [Common 17-55] 'set_property' expects at least one object. [C:/Users/smdsbz/Projects/WasherController/WasherController.srcs/constrs_1/imports/实验1 - Vivado 设计流程_v3_2/Nexys4_Master.xdc:252]
Resolution: If [get_<value>] was used to populate the object, check to make sure this command returns at least one valid object.
WARNING: [Vivado 12-584] No ports matched 'JB[2]'. [C:/Users/smdsbz/Projects/WasherController/WasherController.srcs/constrs_1/imports/实验1 - Vivado 设计流程_v3_2/Nexys4_Master.xdc:254]
CRITICAL WARNING: [Common 17-55] 'set_property' expects at least one object. [C:/Users/smdsbz/Projects/WasherController/WasherController.srcs/constrs_1/imports/实验1 - Vivado 设计流程_v3_2/Nexys4_Master.xdc:254]
Resolution: If [get_<value>] was used to populate the object, check to make sure this command returns at least one valid object.
WARNING: [Vivado 12-584] No ports matched 'JB[2]'. [C:/Users/smdsbz/Projects/WasherController/WasherController.srcs/constrs_1/imports/实验1 - Vivado 设计流程_v3_2/Nexys4_Master.xdc:255]
CRITICAL WARNING: [Common 17-55] 'set_property' expects at least one object. [C:/Users/smdsbz/Projects/WasherController/WasherController.srcs/constrs_1/imports/实验1 - Vivado 设计流程_v3_2/Nexys4_Master.xdc:255]
Resolution: If [get_<value>] was used to populate the object, check to make sure this command returns at least one valid object.
WARNING: [Vivado 12-584] No ports matched 'JB[3]'. [C:/Users/smdsbz/Projects/WasherController/WasherController.srcs/constrs_1/imports/实验1 - Vivado 设计流程_v3_2/Nexys4_Master.xdc:257]
CRITICAL WARNING: [Common 17-55] 'set_property' expects at least one object. [C:/Users/smdsbz/Projects/WasherController/WasherController.srcs/constrs_1/imports/实验1 - Vivado 设计流程_v3_2/Nexys4_Master.xdc:257]
Resolution: If [get_<value>] was used to populate the object, check to make sure this command returns at least one valid object.
WARNING: [Vivado 12-584] No ports matched 'JB[3]'. [C:/Users/smdsbz/Projects/WasherController/WasherController.srcs/constrs_1/imports/实验1 - Vivado 设计流程_v3_2/Nexys4_Master.xdc:258]
CRITICAL WARNING: [Common 17-55] 'set_property' expects at least one object. [C:/Users/smdsbz/Projects/WasherController/WasherController.srcs/constrs_1/imports/实验1 - Vivado 设计流程_v3_2/Nexys4_Master.xdc:258]
Resolution: If [get_<value>] was used to populate the object, check to make sure this command returns at least one valid object.
WARNING: [Vivado 12-584] No ports matched 'JB[4]'. [C:/Users/smdsbz/Projects/WasherController/WasherController.srcs/constrs_1/imports/实验1 - Vivado 设计流程_v3_2/Nexys4_Master.xdc:260]
CRITICAL WARNING: [Common 17-55] 'set_property' expects at least one object. [C:/Users/smdsbz/Projects/WasherController/WasherController.srcs/constrs_1/imports/实验1 - Vivado 设计流程_v3_2/Nexys4_Master.xdc:260]
Resolution: If [get_<value>] was used to populate the object, check to make sure this command returns at least one valid object.
WARNING: [Vivado 12-584] No ports matched 'JB[4]'. [C:/Users/smdsbz/Projects/WasherController/WasherController.srcs/constrs_1/imports/实验1 - Vivado 设计流程_v3_2/Nexys4_Master.xdc:261]
CRITICAL WARNING: [Common 17-55] 'set_property' expects at least one object. [C:/Users/smdsbz/Projects/WasherController/WasherController.srcs/constrs_1/imports/实验1 - Vivado 设计流程_v3_2/Nexys4_Master.xdc:261]
Resolution: If [get_<value>] was used to populate the object, check to make sure this command returns at least one valid object.
WARNING: [Vivado 12-584] No ports matched 'JB[5]'. [C:/Users/smdsbz/Projects/WasherController/WasherController.srcs/constrs_1/imports/实验1 - Vivado 设计流程_v3_2/Nexys4_Master.xdc:263]
CRITICAL WARNING: [Common 17-55] 'set_property' expects at least one object. [C:/Users/smdsbz/Projects/WasherController/WasherController.srcs/constrs_1/imports/实验1 - Vivado 设计流程_v3_2/Nexys4_Master.xdc:263]
Resolution: If [get_<value>] was used to populate the object, check to make sure this command returns at least one valid object.
WARNING: [Vivado 12-584] No ports matched 'JB[5]'. [C:/Users/smdsbz/Projects/WasherController/WasherController.srcs/constrs_1/imports/实验1 - Vivado 设计流程_v3_2/Nexys4_Master.xdc:264]
CRITICAL WARNING: [Common 17-55] 'set_property' expects at least one object. [C:/Users/smdsbz/Projects/WasherController/WasherController.srcs/constrs_1/imports/实验1 - Vivado 设计流程_v3_2/Nexys4_Master.xdc:264]
Resolution: If [get_<value>] was used to populate the object, check to make sure this command returns at least one valid object.
WARNING: [Vivado 12-584] No ports matched 'JB[6]'. [C:/Users/smdsbz/Projects/WasherController/WasherController.srcs/constrs_1/imports/实验1 - Vivado 设计流程_v3_2/Nexys4_Master.xdc:266]
CRITICAL WARNING: [Common 17-55] 'set_property' expects at least one object. [C:/Users/smdsbz/Projects/WasherController/WasherController.srcs/constrs_1/imports/实验1 - Vivado 设计流程_v3_2/Nexys4_Master.xdc:266]
Resolution: If [get_<value>] was used to populate the object, check to make sure this command returns at least one valid object.
WARNING: [Vivado 12-584] No ports matched 'JB[6]'. [C:/Users/smdsbz/Projects/WasherController/WasherController.srcs/constrs_1/imports/实验1 - Vivado 设计流程_v3_2/Nexys4_Master.xdc:267]
CRITICAL WARNING: [Common 17-55] 'set_property' expects at least one object. [C:/Users/smdsbz/Projects/WasherController/WasherController.srcs/constrs_1/imports/实验1 - Vivado 设计流程_v3_2/Nexys4_Master.xdc:267]
Resolution: If [get_<value>] was used to populate the object, check to make sure this command returns at least one valid object.
WARNING: [Vivado 12-584] No ports matched 'JB[7]'. [C:/Users/smdsbz/Projects/WasherController/WasherController.srcs/constrs_1/imports/实验1 - Vivado 设计流程_v3_2/Nexys4_Master.xdc:269]
CRITICAL WARNING: [Common 17-55] 'set_property' expects at least one object. [C:/Users/smdsbz/Projects/WasherController/WasherController.srcs/constrs_1/imports/实验1 - Vivado 设计流程_v3_2/Nexys4_Master.xdc:269]
Resolution: If [get_<value>] was used to populate the object, check to make sure this command returns at least one valid object.
WARNING: [Vivado 12-584] No ports matched 'JB[7]'. [C:/Users/smdsbz/Projects/WasherController/WasherController.srcs/constrs_1/imports/实验1 - Vivado 设计流程_v3_2/Nexys4_Master.xdc:270]
CRITICAL WARNING: [Common 17-55] 'set_property' expects at least one object. [C:/Users/smdsbz/Projects/WasherController/WasherController.srcs/constrs_1/imports/实验1 - Vivado 设计流程_v3_2/Nexys4_Master.xdc:270]
Resolution: If [get_<value>] was used to populate the object, check to make sure this command returns at least one valid object.
WARNING: [Vivado 12-584] No ports matched 'JC[0]'. [C:/Users/smdsbz/Projects/WasherController/WasherController.srcs/constrs_1/imports/实验1 - Vivado 设计流程_v3_2/Nexys4_Master.xdc:276]
CRITICAL WARNING: [Common 17-55] 'set_property' expects at least one object. [C:/Users/smdsbz/Projects/WasherController/WasherController.srcs/constrs_1/imports/实验1 - Vivado 设计流程_v3_2/Nexys4_Master.xdc:276]
Resolution: If [get_<value>] was used to populate the object, check to make sure this command returns at least one valid object.
WARNING: [Vivado 12-584] No ports matched 'JC[0]'. [C:/Users/smdsbz/Projects/WasherController/WasherController.srcs/constrs_1/imports/实验1 - Vivado 设计流程_v3_2/Nexys4_Master.xdc:277]
CRITICAL WARNING: [Common 17-55] 'set_property' expects at least one object. [C:/Users/smdsbz/Projects/WasherController/WasherController.srcs/constrs_1/imports/实验1 - Vivado 设计流程_v3_2/Nexys4_Master.xdc:277]
Resolution: If [get_<value>] was used to populate the object, check to make sure this command returns at least one valid object.
WARNING: [Vivado 12-584] No ports matched 'JC[1]'. [C:/Users/smdsbz/Projects/WasherController/WasherController.srcs/constrs_1/imports/实验1 - Vivado 设计流程_v3_2/Nexys4_Master.xdc:279]
CRITICAL WARNING: [Common 17-55] 'set_property' expects at least one object. [C:/Users/smdsbz/Projects/WasherController/WasherController.srcs/constrs_1/imports/实验1 - Vivado 设计流程_v3_2/Nexys4_Master.xdc:279]
Resolution: If [get_<value>] was used to populate the object, check to make sure this command returns at least one valid object.
WARNING: [Vivado 12-584] No ports matched 'JC[1]'. [C:/Users/smdsbz/Projects/WasherController/WasherController.srcs/constrs_1/imports/实验1 - Vivado 设计流程_v3_2/Nexys4_Master.xdc:280]
CRITICAL WARNING: [Common 17-55] 'set_property' expects at least one object. [C:/Users/smdsbz/Projects/WasherController/WasherController.srcs/constrs_1/imports/实验1 - Vivado 设计流程_v3_2/Nexys4_Master.xdc:280]
Resolution: If [get_<value>] was used to populate the object, check to make sure this command returns at least one valid object.
WARNING: [Vivado 12-584] No ports matched 'JC[2]'. [C:/Users/smdsbz/Projects/WasherController/WasherController.srcs/constrs_1/imports/实验1 - Vivado 设计流程_v3_2/Nexys4_Master.xdc:282]
CRITICAL WARNING: [Common 17-55] 'set_property' expects at least one object. [C:/Users/smdsbz/Projects/WasherController/WasherController.srcs/constrs_1/imports/实验1 - Vivado 设计流程_v3_2/Nexys4_Master.xdc:282]
Resolution: If [get_<value>] was used to populate the object, check to make sure this command returns at least one valid object.
WARNING: [Vivado 12-584] No ports matched 'JC[2]'. [C:/Users/smdsbz/Projects/WasherController/WasherController.srcs/constrs_1/imports/实验1 - Vivado 设计流程_v3_2/Nexys4_Master.xdc:283]
CRITICAL WARNING: [Common 17-55] 'set_property' expects at least one object. [C:/Users/smdsbz/Projects/WasherController/WasherController.srcs/constrs_1/imports/实验1 - Vivado 设计流程_v3_2/Nexys4_Master.xdc:283]
Resolution: If [get_<value>] was used to populate the object, check to make sure this command returns at least one valid object.
WARNING: [Vivado 12-584] No ports matched 'JC[3]'. [C:/Users/smdsbz/Projects/WasherController/WasherController.srcs/constrs_1/imports/实验1 - Vivado 设计流程_v3_2/Nexys4_Master.xdc:285]
CRITICAL WARNING: [Common 17-55] 'set_property' expects at least one object. [C:/Users/smdsbz/Projects/WasherController/WasherController.srcs/constrs_1/imports/实验1 - Vivado 设计流程_v3_2/Nexys4_Master.xdc:285]
Resolution: If [get_<value>] was used to populate the object, check to make sure this command returns at least one valid object.
WARNING: [Vivado 12-584] No ports matched 'JC[3]'. [C:/Users/smdsbz/Projects/WasherController/WasherController.srcs/constrs_1/imports/实验1 - Vivado 设计流程_v3_2/Nexys4_Master.xdc:286]
CRITICAL WARNING: [Common 17-55] 'set_property' expects at least one object. [C:/Users/smdsbz/Projects/WasherController/WasherController.srcs/constrs_1/imports/实验1 - Vivado 设计流程_v3_2/Nexys4_Master.xdc:286]
Resolution: If [get_<value>] was used to populate the object, check to make sure this command returns at least one valid object.
WARNING: [Vivado 12-584] No ports matched 'JC[4]'. [C:/Users/smdsbz/Projects/WasherController/WasherController.srcs/constrs_1/imports/实验1 - Vivado 设计流程_v3_2/Nexys4_Master.xdc:288]
CRITICAL WARNING: [Common 17-55] 'set_property' expects at least one object. [C:/Users/smdsbz/Projects/WasherController/WasherController.srcs/constrs_1/imports/实验1 - Vivado 设计流程_v3_2/Nexys4_Master.xdc:288]
Resolution: If [get_<value>] was used to populate the object, check to make sure this command returns at least one valid object.
WARNING: [Vivado 12-584] No ports matched 'JC[4]'. [C:/Users/smdsbz/Projects/WasherController/WasherController.srcs/constrs_1/imports/实验1 - Vivado 设计流程_v3_2/Nexys4_Master.xdc:289]
CRITICAL WARNING: [Common 17-55] 'set_property' expects at least one object. [C:/Users/smdsbz/Projects/WasherController/WasherController.srcs/constrs_1/imports/实验1 - Vivado 设计流程_v3_2/Nexys4_Master.xdc:289]
Resolution: If [get_<value>] was used to populate the object, check to make sure this command returns at least one valid object.
WARNING: [Vivado 12-584] No ports matched 'JC[5]'. [C:/Users/smdsbz/Projects/WasherController/WasherController.srcs/constrs_1/imports/实验1 - Vivado 设计流程_v3_2/Nexys4_Master.xdc:291]
CRITICAL WARNING: [Common 17-55] 'set_property' expects at least one object. [C:/Users/smdsbz/Projects/WasherController/WasherController.srcs/constrs_1/imports/实验1 - Vivado 设计流程_v3_2/Nexys4_Master.xdc:291]
Resolution: If [get_<value>] was used to populate the object, check to make sure this command returns at least one valid object.
WARNING: [Vivado 12-584] No ports matched 'JC[5]'. [C:/Users/smdsbz/Projects/WasherController/WasherController.srcs/constrs_1/imports/实验1 - Vivado 设计流程_v3_2/Nexys4_Master.xdc:292]
CRITICAL WARNING: [Common 17-55] 'set_property' expects at least one object. [C:/Users/smdsbz/Projects/WasherController/WasherController.srcs/constrs_1/imports/实验1 - Vivado 设计流程_v3_2/Nexys4_Master.xdc:292]
Resolution: If [get_<value>] was used to populate the object, check to make sure this command returns at least one valid object.
WARNING: [Vivado 12-584] No ports matched 'JC[6]'. [C:/Users/smdsbz/Projects/WasherController/WasherController.srcs/constrs_1/imports/实验1 - Vivado 设计流程_v3_2/Nexys4_Master.xdc:294]
CRITICAL WARNING: [Common 17-55] 'set_property' expects at least one object. [C:/Users/smdsbz/Projects/WasherController/WasherController.srcs/constrs_1/imports/实验1 - Vivado 设计流程_v3_2/Nexys4_Master.xdc:294]
Resolution: If [get_<value>] was used to populate the object, check to make sure this command returns at least one valid object.
WARNING: [Vivado 12-584] No ports matched 'JC[6]'. [C:/Users/smdsbz/Projects/WasherController/WasherController.srcs/constrs_1/imports/实验1 - Vivado 设计流程_v3_2/Nexys4_Master.xdc:295]
CRITICAL WARNING: [Common 17-55] 'set_property' expects at least one object. [C:/Users/smdsbz/Projects/WasherController/WasherController.srcs/constrs_1/imports/实验1 - Vivado 设计流程_v3_2/Nexys4_Master.xdc:295]
Resolution: If [get_<value>] was used to populate the object, check to make sure this command returns at least one valid object.
WARNING: [Vivado 12-584] No ports matched 'JC[7]'. [C:/Users/smdsbz/Projects/WasherController/WasherController.srcs/constrs_1/imports/实验1 - Vivado 设计流程_v3_2/Nexys4_Master.xdc:297]
CRITICAL WARNING: [Common 17-55] 'set_property' expects at least one object. [C:/Users/smdsbz/Projects/WasherController/WasherController.srcs/constrs_1/imports/实验1 - Vivado 设计流程_v3_2/Nexys4_Master.xdc:297]
Resolution: If [get_<value>] was used to populate the object, check to make sure this command returns at least one valid object.
WARNING: [Vivado 12-584] No ports matched 'JC[7]'. [C:/Users/smdsbz/Projects/WasherController/WasherController.srcs/constrs_1/imports/实验1 - Vivado 设计流程_v3_2/Nexys4_Master.xdc:298]
CRITICAL WARNING: [Common 17-55] 'set_property' expects at least one object. [C:/Users/smdsbz/Projects/WasherController/WasherController.srcs/constrs_1/imports/实验1 - Vivado 设计流程_v3_2/Nexys4_Master.xdc:298]
Resolution: If [get_<value>] was used to populate the object, check to make sure this command returns at least one valid object.
WARNING: [Vivado 12-584] No ports matched 'JD[0]'. [C:/Users/smdsbz/Projects/WasherController/WasherController.srcs/constrs_1/imports/实验1 - Vivado 设计流程_v3_2/Nexys4_Master.xdc:304]
CRITICAL WARNING: [Common 17-55] 'set_property' expects at least one object. [C:/Users/smdsbz/Projects/WasherController/WasherController.srcs/constrs_1/imports/实验1 - Vivado 设计流程_v3_2/Nexys4_Master.xdc:304]
Resolution: If [get_<value>] was used to populate the object, check to make sure this command returns at least one valid object.
WARNING: [Vivado 12-584] No ports matched 'JD[0]'. [C:/Users/smdsbz/Projects/WasherController/WasherController.srcs/constrs_1/imports/实验1 - Vivado 设计流程_v3_2/Nexys4_Master.xdc:305]
CRITICAL WARNING: [Common 17-55] 'set_property' expects at least one object. [C:/Users/smdsbz/Projects/WasherController/WasherController.srcs/constrs_1/imports/实验1 - Vivado 设计流程_v3_2/Nexys4_Master.xdc:305]
Resolution: If [get_<value>] was used to populate the object, check to make sure this command returns at least one valid object.
WARNING: [Vivado 12-584] No ports matched 'JD[1]'. [C:/Users/smdsbz/Projects/WasherController/WasherController.srcs/constrs_1/imports/实验1 - Vivado 设计流程_v3_2/Nexys4_Master.xdc:307]
CRITICAL WARNING: [Common 17-55] 'set_property' expects at least one object. [C:/Users/smdsbz/Projects/WasherController/WasherController.srcs/constrs_1/imports/实验1 - Vivado 设计流程_v3_2/Nexys4_Master.xdc:307]
Resolution: If [get_<value>] was used to populate the object, check to make sure this command returns at least one valid object.
WARNING: [Vivado 12-584] No ports matched 'JD[1]'. [C:/Users/smdsbz/Projects/WasherController/WasherController.srcs/constrs_1/imports/实验1 - Vivado 设计流程_v3_2/Nexys4_Master.xdc:308]
CRITICAL WARNING: [Common 17-55] 'set_property' expects at least one object. [C:/Users/smdsbz/Projects/WasherController/WasherController.srcs/constrs_1/imports/实验1 - Vivado 设计流程_v3_2/Nexys4_Master.xdc:308]
Resolution: If [get_<value>] was used to populate the object, check to make sure this command returns at least one valid object.
WARNING: [Vivado 12-584] No ports matched 'JD[2]'. [C:/Users/smdsbz/Projects/WasherController/WasherController.srcs/constrs_1/imports/实验1 - Vivado 设计流程_v3_2/Nexys4_Master.xdc:310]
CRITICAL WARNING: [Common 17-55] 'set_property' expects at least one object. [C:/Users/smdsbz/Projects/WasherController/WasherController.srcs/constrs_1/imports/实验1 - Vivado 设计流程_v3_2/Nexys4_Master.xdc:310]
Resolution: If [get_<value>] was used to populate the object, check to make sure this command returns at least one valid object.
WARNING: [Vivado 12-584] No ports matched 'JD[2]'. [C:/Users/smdsbz/Projects/WasherController/WasherController.srcs/constrs_1/imports/实验1 - Vivado 设计流程_v3_2/Nexys4_Master.xdc:311]
CRITICAL WARNING: [Common 17-55] 'set_property' expects at least one object. [C:/Users/smdsbz/Projects/WasherController/WasherController.srcs/constrs_1/imports/实验1 - Vivado 设计流程_v3_2/Nexys4_Master.xdc:311]
Resolution: If [get_<value>] was used to populate the object, check to make sure this command returns at least one valid object.
WARNING: [Vivado 12-584] No ports matched 'JD[3]'. [C:/Users/smdsbz/Projects/WasherController/WasherController.srcs/constrs_1/imports/实验1 - Vivado 设计流程_v3_2/Nexys4_Master.xdc:313]
CRITICAL WARNING: [Common 17-55] 'set_property' expects at least one object. [C:/Users/smdsbz/Projects/WasherController/WasherController.srcs/constrs_1/imports/实验1 - Vivado 设计流程_v3_2/Nexys4_Master.xdc:313]
Resolution: If [get_<value>] was used to populate the object, check to make sure this command returns at least one valid object.
WARNING: [Vivado 12-584] No ports matched 'JD[3]'. [C:/Users/smdsbz/Projects/WasherController/WasherController.srcs/constrs_1/imports/实验1 - Vivado 设计流程_v3_2/Nexys4_Master.xdc:314]
CRITICAL WARNING: [Common 17-55] 'set_property' expects at least one object. [C:/Users/smdsbz/Projects/WasherController/WasherController.srcs/constrs_1/imports/实验1 - Vivado 设计流程_v3_2/Nexys4_Master.xdc:314]
Resolution: If [get_<value>] was used to populate the object, check to make sure this command returns at least one valid object.
WARNING: [Vivado 12-584] No ports matched 'JD[4]'. [C:/Users/smdsbz/Projects/WasherController/WasherController.srcs/constrs_1/imports/实验1 - Vivado 设计流程_v3_2/Nexys4_Master.xdc:316]
CRITICAL WARNING: [Common 17-55] 'set_property' expects at least one object. [C:/Users/smdsbz/Projects/WasherController/WasherController.srcs/constrs_1/imports/实验1 - Vivado 设计流程_v3_2/Nexys4_Master.xdc:316]
Resolution: If [get_<value>] was used to populate the object, check to make sure this command returns at least one valid object.
WARNING: [Vivado 12-584] No ports matched 'JD[4]'. [C:/Users/smdsbz/Projects/WasherController/WasherController.srcs/constrs_1/imports/实验1 - Vivado 设计流程_v3_2/Nexys4_Master.xdc:317]
CRITICAL WARNING: [Common 17-55] 'set_property' expects at least one object. [C:/Users/smdsbz/Projects/WasherController/WasherController.srcs/constrs_1/imports/实验1 - Vivado 设计流程_v3_2/Nexys4_Master.xdc:317]
Resolution: If [get_<value>] was used to populate the object, check to make sure this command returns at least one valid object.
WARNING: [Vivado 12-584] No ports matched 'JD[5]'. [C:/Users/smdsbz/Projects/WasherController/WasherController.srcs/constrs_1/imports/实验1 - Vivado 设计流程_v3_2/Nexys4_Master.xdc:319]
CRITICAL WARNING: [Common 17-55] 'set_property' expects at least one object. [C:/Users/smdsbz/Projects/WasherController/WasherController.srcs/constrs_1/imports/实验1 - Vivado 设计流程_v3_2/Nexys4_Master.xdc:319]
Resolution: If [get_<value>] was used to populate the object, check to make sure this command returns at least one valid object.
WARNING: [Vivado 12-584] No ports matched 'JD[5]'. [C:/Users/smdsbz/Projects/WasherController/WasherController.srcs/constrs_1/imports/实验1 - Vivado 设计流程_v3_2/Nexys4_Master.xdc:320]
CRITICAL WARNING: [Common 17-55] 'set_property' expects at least one object. [C:/Users/smdsbz/Projects/WasherController/WasherController.srcs/constrs_1/imports/实验1 - Vivado 设计流程_v3_2/Nexys4_Master.xdc:320]
Resolution: If [get_<value>] was used to populate the object, check to make sure this command returns at least one valid object.
WARNING: [Vivado 12-584] No ports matched 'JD[6]'. [C:/Users/smdsbz/Projects/WasherController/WasherController.srcs/constrs_1/imports/实验1 - Vivado 设计流程_v3_2/Nexys4_Master.xdc:322]
CRITICAL WARNING: [Common 17-55] 'set_property' expects at least one object. [C:/Users/smdsbz/Projects/WasherController/WasherController.srcs/constrs_1/imports/实验1 - Vivado 设计流程_v3_2/Nexys4_Master.xdc:322]
Resolution: If [get_<value>] was used to populate the object, check to make sure this command returns at least one valid object.
WARNING: [Vivado 12-584] No ports matched 'JD[6]'. [C:/Users/smdsbz/Projects/WasherController/WasherController.srcs/constrs_1/imports/实验1 - Vivado 设计流程_v3_2/Nexys4_Master.xdc:323]
CRITICAL WARNING: [Common 17-55] 'set_property' expects at least one object. [C:/Users/smdsbz/Projects/WasherController/WasherController.srcs/constrs_1/imports/实验1 - Vivado 设计流程_v3_2/Nexys4_Master.xdc:323]
Resolution: If [get_<value>] was used to populate the object, check to make sure this command returns at least one valid object.
WARNING: [Vivado 12-584] No ports matched 'JD[7]'. [C:/Users/smdsbz/Projects/WasherController/WasherController.srcs/constrs_1/imports/实验1 - Vivado 设计流程_v3_2/Nexys4_Master.xdc:325]
CRITICAL WARNING: [Common 17-55] 'set_property' expects at least one object. [C:/Users/smdsbz/Projects/WasherController/WasherController.srcs/constrs_1/imports/实验1 - Vivado 设计流程_v3_2/Nexys4_Master.xdc:325]
Resolution: If [get_<value>] was used to populate the object, check to make sure this command returns at least one valid object.
WARNING: [Vivado 12-584] No ports matched 'JD[7]'. [C:/Users/smdsbz/Projects/WasherController/WasherController.srcs/constrs_1/imports/实验1 - Vivado 设计流程_v3_2/Nexys4_Master.xdc:326]
CRITICAL WARNING: [Common 17-55] 'set_property' expects at least one object. [C:/Users/smdsbz/Projects/WasherController/WasherController.srcs/constrs_1/imports/实验1 - Vivado 设计流程_v3_2/Nexys4_Master.xdc:326]
Resolution: If [get_<value>] was used to populate the object, check to make sure this command returns at least one valid object.
WARNING: [Vivado 12-584] No ports matched 'JXADC[0]'. [C:/Users/smdsbz/Projects/WasherController/WasherController.srcs/constrs_1/imports/实验1 - Vivado 设计流程_v3_2/Nexys4_Master.xdc:332]
CRITICAL WARNING: [Common 17-55] 'set_property' expects at least one object. [C:/Users/smdsbz/Projects/WasherController/WasherController.srcs/constrs_1/imports/实验1 - Vivado 设计流程_v3_2/Nexys4_Master.xdc:332]
Resolution: If [get_<value>] was used to populate the object, check to make sure this command returns at least one valid object.
WARNING: [Vivado 12-584] No ports matched 'JXADC[0]'. [C:/Users/smdsbz/Projects/WasherController/WasherController.srcs/constrs_1/imports/实验1 - Vivado 设计流程_v3_2/Nexys4_Master.xdc:333]
CRITICAL WARNING: [Common 17-55] 'set_property' expects at least one object. [C:/Users/smdsbz/Projects/WasherController/WasherController.srcs/constrs_1/imports/实验1 - Vivado 设计流程_v3_2/Nexys4_Master.xdc:333]
Resolution: If [get_<value>] was used to populate the object, check to make sure this command returns at least one valid object.
WARNING: [Vivado 12-584] No ports matched 'JXADC[1]'. [C:/Users/smdsbz/Projects/WasherController/WasherController.srcs/constrs_1/imports/实验1 - Vivado 设计流程_v3_2/Nexys4_Master.xdc:335]
CRITICAL WARNING: [Common 17-55] 'set_property' expects at least one object. [C:/Users/smdsbz/Projects/WasherController/WasherController.srcs/constrs_1/imports/实验1 - Vivado 设计流程_v3_2/Nexys4_Master.xdc:335]
Resolution: If [get_<value>] was used to populate the object, check to make sure this command returns at least one valid object.
WARNING: [Vivado 12-584] No ports matched 'JXADC[1]'. [C:/Users/smdsbz/Projects/WasherController/WasherController.srcs/constrs_1/imports/实验1 - Vivado 设计流程_v3_2/Nexys4_Master.xdc:336]
CRITICAL WARNING: [Common 17-55] 'set_property' expects at least one object. [C:/Users/smdsbz/Projects/WasherController/WasherController.srcs/constrs_1/imports/实验1 - Vivado 设计流程_v3_2/Nexys4_Master.xdc:336]
Resolution: If [get_<value>] was used to populate the object, check to make sure this command returns at least one valid object.
WARNING: [Vivado 12-584] No ports matched 'JXADC[2]'. [C:/Users/smdsbz/Projects/WasherController/WasherController.srcs/constrs_1/imports/实验1 - Vivado 设计流程_v3_2/Nexys4_Master.xdc:338]
CRITICAL WARNING: [Common 17-55] 'set_property' expects at least one object. [C:/Users/smdsbz/Projects/WasherController/WasherController.srcs/constrs_1/imports/实验1 - Vivado 设计流程_v3_2/Nexys4_Master.xdc:338]
Resolution: If [get_<value>] was used to populate the object, check to make sure this command returns at least one valid object.
WARNING: [Vivado 12-584] No ports matched 'JXADC[2]'. [C:/Users/smdsbz/Projects/WasherController/WasherController.srcs/constrs_1/imports/实验1 - Vivado 设计流程_v3_2/Nexys4_Master.xdc:339]
CRITICAL WARNING: [Common 17-55] 'set_property' expects at least one object. [C:/Users/smdsbz/Projects/WasherController/WasherController.srcs/constrs_1/imports/实验1 - Vivado 设计流程_v3_2/Nexys4_Master.xdc:339]
Resolution: If [get_<value>] was used to populate the object, check to make sure this command returns at least one valid object.
WARNING: [Vivado 12-584] No ports matched 'JXADC[3]'. [C:/Users/smdsbz/Projects/WasherController/WasherController.srcs/constrs_1/imports/实验1 - Vivado 设计流程_v3_2/Nexys4_Master.xdc:341]
CRITICAL WARNING: [Common 17-55] 'set_property' expects at least one object. [C:/Users/smdsbz/Projects/WasherController/WasherController.srcs/constrs_1/imports/实验1 - Vivado 设计流程_v3_2/Nexys4_Master.xdc:341]
Resolution: If [get_<value>] was used to populate the object, check to make sure this command returns at least one valid object.
WARNING: [Vivado 12-584] No ports matched 'JXADC[3]'. [C:/Users/smdsbz/Projects/WasherController/WasherController.srcs/constrs_1/imports/实验1 - Vivado 设计流程_v3_2/Nexys4_Master.xdc:342]
CRITICAL WARNING: [Common 17-55] 'set_property' expects at least one object. [C:/Users/smdsbz/Projects/WasherController/WasherController.srcs/constrs_1/imports/实验1 - Vivado 设计流程_v3_2/Nexys4_Master.xdc:342]
Resolution: If [get_<value>] was used to populate the object, check to make sure this command returns at least one valid object.
WARNING: [Vivado 12-584] No ports matched 'JXADC[4]'. [C:/Users/smdsbz/Projects/WasherController/WasherController.srcs/constrs_1/imports/实验1 - Vivado 设计流程_v3_2/Nexys4_Master.xdc:344]
CRITICAL WARNING: [Common 17-55] 'set_property' expects at least one object. [C:/Users/smdsbz/Projects/WasherController/WasherController.srcs/constrs_1/imports/实验1 - Vivado 设计流程_v3_2/Nexys4_Master.xdc:344]
Resolution: If [get_<value>] was used to populate the object, check to make sure this command returns at least one valid object.
WARNING: [Vivado 12-584] No ports matched 'JXADC[4]'. [C:/Users/smdsbz/Projects/WasherController/WasherController.srcs/constrs_1/imports/实验1 - Vivado 设计流程_v3_2/Nexys4_Master.xdc:345]
CRITICAL WARNING: [Common 17-55] 'set_property' expects at least one object. [C:/Users/smdsbz/Projects/WasherController/WasherController.srcs/constrs_1/imports/实验1 - Vivado 设计流程_v3_2/Nexys4_Master.xdc:345]
Resolution: If [get_<value>] was used to populate the object, check to make sure this command returns at least one valid object.
WARNING: [Vivado 12-584] No ports matched 'JXADC[5]'. [C:/Users/smdsbz/Projects/WasherController/WasherController.srcs/constrs_1/imports/实验1 - Vivado 设计流程_v3_2/Nexys4_Master.xdc:347]
CRITICAL WARNING: [Common 17-55] 'set_property' expects at least one object. [C:/Users/smdsbz/Projects/WasherController/WasherController.srcs/constrs_1/imports/实验1 - Vivado 设计流程_v3_2/Nexys4_Master.xdc:347]
Resolution: If [get_<value>] was used to populate the object, check to make sure this command returns at least one valid object.
WARNING: [Vivado 12-584] No ports matched 'JXADC[5]'. [C:/Users/smdsbz/Projects/WasherController/WasherController.srcs/constrs_1/imports/实验1 - Vivado 设计流程_v3_2/Nexys4_Master.xdc:348]
CRITICAL WARNING: [Common 17-55] 'set_property' expects at least one object. [C:/Users/smdsbz/Projects/WasherController/WasherController.srcs/constrs_1/imports/实验1 - Vivado 设计流程_v3_2/Nexys4_Master.xdc:348]
Resolution: If [get_<value>] was used to populate the object, check to make sure this command returns at least one valid object.
WARNING: [Vivado 12-584] No ports matched 'JXADC[6]'. [C:/Users/smdsbz/Projects/WasherController/WasherController.srcs/constrs_1/imports/实验1 - Vivado 设计流程_v3_2/Nexys4_Master.xdc:350]
CRITICAL WARNING: [Common 17-55] 'set_property' expects at least one object. [C:/Users/smdsbz/Projects/WasherController/WasherController.srcs/constrs_1/imports/实验1 - Vivado 设计流程_v3_2/Nexys4_Master.xdc:350]
Resolution: If [get_<value>] was used to populate the object, check to make sure this command returns at least one valid object.
WARNING: [Vivado 12-584] No ports matched 'JXADC[6]'. [C:/Users/smdsbz/Projects/WasherController/WasherController.srcs/constrs_1/imports/实验1 - Vivado 设计流程_v3_2/Nexys4_Master.xdc:351]
CRITICAL WARNING: [Common 17-55] 'set_property' expects at least one object. [C:/Users/smdsbz/Projects/WasherController/WasherController.srcs/constrs_1/imports/实验1 - Vivado 设计流程_v3_2/Nexys4_Master.xdc:351]
Resolution: If [get_<value>] was used to populate the object, check to make sure this command returns at least one valid object.
WARNING: [Vivado 12-584] No ports matched 'JXADC[7]'. [C:/Users/smdsbz/Projects/WasherController/WasherController.srcs/constrs_1/imports/实验1 - Vivado 设计流程_v3_2/Nexys4_Master.xdc:353]
CRITICAL WARNING: [Common 17-55] 'set_property' expects at least one object. [C:/Users/smdsbz/Projects/WasherController/WasherController.srcs/constrs_1/imports/实验1 - Vivado 设计流程_v3_2/Nexys4_Master.xdc:353]
Resolution: If [get_<value>] was used to populate the object, check to make sure this command returns at least one valid object.
WARNING: [Vivado 12-584] No ports matched 'JXADC[7]'. [C:/Users/smdsbz/Projects/WasherController/WasherController.srcs/constrs_1/imports/实验1 - Vivado 设计流程_v3_2/Nexys4_Master.xdc:354]
CRITICAL WARNING: [Common 17-55] 'set_property' expects at least one object. [C:/Users/smdsbz/Projects/WasherController/WasherController.srcs/constrs_1/imports/实验1 - Vivado 设计流程_v3_2/Nexys4_Master.xdc:354]
Resolution: If [get_<value>] was used to populate the object, check to make sure this command returns at least one valid object.
WARNING: [Vivado 12-584] No ports matched 'vgaRed[0]'. [C:/Users/smdsbz/Projects/WasherController/WasherController.srcs/constrs_1/imports/实验1 - Vivado 设计流程_v3_2/Nexys4_Master.xdc:360]
CRITICAL WARNING: [Common 17-55] 'set_property' expects at least one object. [C:/Users/smdsbz/Projects/WasherController/WasherController.srcs/constrs_1/imports/实验1 - Vivado 设计流程_v3_2/Nexys4_Master.xdc:360]
Resolution: If [get_<value>] was used to populate the object, check to make sure this command returns at least one valid object.
WARNING: [Vivado 12-584] No ports matched 'vgaRed[0]'. [C:/Users/smdsbz/Projects/WasherController/WasherController.srcs/constrs_1/imports/实验1 - Vivado 设计流程_v3_2/Nexys4_Master.xdc:361]
CRITICAL WARNING: [Common 17-55] 'set_property' expects at least one object. [C:/Users/smdsbz/Projects/WasherController/WasherController.srcs/constrs_1/imports/实验1 - Vivado 设计流程_v3_2/Nexys4_Master.xdc:361]
Resolution: If [get_<value>] was used to populate the object, check to make sure this command returns at least one valid object.
WARNING: [Vivado 12-584] No ports matched 'vgaRed[1]'. [C:/Users/smdsbz/Projects/WasherController/WasherController.srcs/constrs_1/imports/实验1 - Vivado 设计流程_v3_2/Nexys4_Master.xdc:363]
CRITICAL WARNING: [Common 17-55] 'set_property' expects at least one object. [C:/Users/smdsbz/Projects/WasherController/WasherController.srcs/constrs_1/imports/实验1 - Vivado 设计流程_v3_2/Nexys4_Master.xdc:363]
Resolution: If [get_<value>] was used to populate the object, check to make sure this command returns at least one valid object.
WARNING: [Vivado 12-584] No ports matched 'vgaRed[1]'. [C:/Users/smdsbz/Projects/WasherController/WasherController.srcs/constrs_1/imports/实验1 - Vivado 设计流程_v3_2/Nexys4_Master.xdc:364]
CRITICAL WARNING: [Common 17-55] 'set_property' expects at least one object. [C:/Users/smdsbz/Projects/WasherController/WasherController.srcs/constrs_1/imports/实验1 - Vivado 设计流程_v3_2/Nexys4_Master.xdc:364]
Resolution: If [get_<value>] was used to populate the object, check to make sure this command returns at least one valid object.
WARNING: [Vivado 12-584] No ports matched 'vgaRed[2]'. [C:/Users/smdsbz/Projects/WasherController/WasherController.srcs/constrs_1/imports/实验1 - Vivado 设计流程_v3_2/Nexys4_Master.xdc:366]
CRITICAL WARNING: [Common 17-55] 'set_property' expects at least one object. [C:/Users/smdsbz/Projects/WasherController/WasherController.srcs/constrs_1/imports/实验1 - Vivado 设计流程_v3_2/Nexys4_Master.xdc:366]
Resolution: If [get_<value>] was used to populate the object, check to make sure this command returns at least one valid object.
WARNING: [Vivado 12-584] No ports matched 'vgaRed[2]'. [C:/Users/smdsbz/Projects/WasherController/WasherController.srcs/constrs_1/imports/实验1 - Vivado 设计流程_v3_2/Nexys4_Master.xdc:367]
CRITICAL WARNING: [Common 17-55] 'set_property' expects at least one object. [C:/Users/smdsbz/Projects/WasherController/WasherController.srcs/constrs_1/imports/实验1 - Vivado 设计流程_v3_2/Nexys4_Master.xdc:367]
Resolution: If [get_<value>] was used to populate the object, check to make sure this command returns at least one valid object.
WARNING: [Vivado 12-584] No ports matched 'vgaRed[3]'. [C:/Users/smdsbz/Projects/WasherController/WasherController.srcs/constrs_1/imports/实验1 - Vivado 设计流程_v3_2/Nexys4_Master.xdc:369]
CRITICAL WARNING: [Common 17-55] 'set_property' expects at least one object. [C:/Users/smdsbz/Projects/WasherController/WasherController.srcs/constrs_1/imports/实验1 - Vivado 设计流程_v3_2/Nexys4_Master.xdc:369]
Resolution: If [get_<value>] was used to populate the object, check to make sure this command returns at least one valid object.
WARNING: [Vivado 12-584] No ports matched 'vgaRed[3]'. [C:/Users/smdsbz/Projects/WasherController/WasherController.srcs/constrs_1/imports/实验1 - Vivado 设计流程_v3_2/Nexys4_Master.xdc:370]
CRITICAL WARNING: [Common 17-55] 'set_property' expects at least one object. [C:/Users/smdsbz/Projects/WasherController/WasherController.srcs/constrs_1/imports/实验1 - Vivado 设计流程_v3_2/Nexys4_Master.xdc:370]
Resolution: If [get_<value>] was used to populate the object, check to make sure this command returns at least one valid object.
WARNING: [Vivado 12-584] No ports matched 'vgaBlue[0]'. [C:/Users/smdsbz/Projects/WasherController/WasherController.srcs/constrs_1/imports/实验1 - Vivado 设计流程_v3_2/Nexys4_Master.xdc:372]
CRITICAL WARNING: [Common 17-55] 'set_property' expects at least one object. [C:/Users/smdsbz/Projects/WasherController/WasherController.srcs/constrs_1/imports/实验1 - Vivado 设计流程_v3_2/Nexys4_Master.xdc:372]
Resolution: If [get_<value>] was used to populate the object, check to make sure this command returns at least one valid object.
WARNING: [Vivado 12-584] No ports matched 'vgaBlue[0]'. [C:/Users/smdsbz/Projects/WasherController/WasherController.srcs/constrs_1/imports/实验1 - Vivado 设计流程_v3_2/Nexys4_Master.xdc:373]
CRITICAL WARNING: [Common 17-55] 'set_property' expects at least one object. [C:/Users/smdsbz/Projects/WasherController/WasherController.srcs/constrs_1/imports/实验1 - Vivado 设计流程_v3_2/Nexys4_Master.xdc:373]
Resolution: If [get_<value>] was used to populate the object, check to make sure this command returns at least one valid object.
WARNING: [Vivado 12-584] No ports matched 'vgaBlue[1]'. [C:/Users/smdsbz/Projects/WasherController/WasherController.srcs/constrs_1/imports/实验1 - Vivado 设计流程_v3_2/Nexys4_Master.xdc:375]
CRITICAL WARNING: [Common 17-55] 'set_property' expects at least one object. [C:/Users/smdsbz/Projects/WasherController/WasherController.srcs/constrs_1/imports/实验1 - Vivado 设计流程_v3_2/Nexys4_Master.xdc:375]
Resolution: If [get_<value>] was used to populate the object, check to make sure this command returns at least one valid object.
WARNING: [Vivado 12-584] No ports matched 'vgaBlue[1]'. [C:/Users/smdsbz/Projects/WasherController/WasherController.srcs/constrs_1/imports/实验1 - Vivado 设计流程_v3_2/Nexys4_Master.xdc:376]
WARNING: [Vivado 12-584] No ports matched 'vgaBlue[2]'. [C:/Users/smdsbz/Projects/WasherController/WasherController.srcs/constrs_1/imports/实验1 - Vivado 设计流程_v3_2/Nexys4_Master.xdc:378]
WARNING: [Vivado 12-584] No ports matched 'vgaBlue[2]'. [C:/Users/smdsbz/Projects/WasherController/WasherController.srcs/constrs_1/imports/实验1 - Vivado 设计流程_v3_2/Nexys4_Master.xdc:379]
INFO: [Common 17-14] Message 'Vivado 12-584' appears 100 times and further instances of the messages will be disabled. Use the Tcl command set_msg_config to change the current settings. [C:/Users/smdsbz/Projects/WasherController/WasherController.srcs/constrs_1/imports/实验1 - Vivado 设计流程_v3_2/Nexys4_Master.xdc:379]
Finished Parsing XDC File [C:/Users/smdsbz/Projects/WasherController/WasherController.srcs/constrs_1/imports/实验1 - Vivado 设计流程_v3_2/Nexys4_Master.xdc]
INFO: [Project 1-236] Implementation specific constraints were found while reading constraint file [C:/Users/smdsbz/Projects/WasherController/WasherController.srcs/constrs_1/imports/实验1 - Vivado 设计流程_v3_2/Nexys4_Master.xdc]. These constraints will be ignored for synthesis but will be used in implementation. Impacted constraints are listed in the file [.Xil/ElevatorEmulator_propImpl.xdc].
Resolution: To avoid this warning, move constraints listed in [.Xil/ElevatorEmulator_propImpl.xdc] to another XDC file and exclude this new file from synthesis with the used_in_synthesis property (File Properties dialog in GUI) and re-run elaboration/synthesis.
Completed Processing XDC Constraints

INFO: [Project 1-111] Unisim Transformation Summary:
No Unisim elements were transformed.

Constraint Validation Runtime : Time (s): cpu = 00:00:00 ; elapsed = 00:00:00.006 . Memory (MB): peak = 767.191 ; gain = 0.000
---------------------------------------------------------------------------------
Finished Constraint Validation : Time (s): cpu = 00:00:11 ; elapsed = 00:00:12 . Memory (MB): peak = 767.191 ; gain = 508.805
---------------------------------------------------------------------------------
---------------------------------------------------------------------------------
Start Loading Part and Timing Information
---------------------------------------------------------------------------------
Loading part: xc7a100tcsg324-1
---------------------------------------------------------------------------------
Finished Loading Part and Timing Information : Time (s): cpu = 00:00:11 ; elapsed = 00:00:12 . Memory (MB): peak = 767.191 ; gain = 508.805
---------------------------------------------------------------------------------
---------------------------------------------------------------------------------
Start Applying 'set_property' XDC Constraints
---------------------------------------------------------------------------------
---------------------------------------------------------------------------------
Finished applying 'set_property' XDC Constraints : Time (s): cpu = 00:00:11 ; elapsed = 00:00:12 . Memory (MB): peak = 767.191 ; gain = 508.805
---------------------------------------------------------------------------------
INFO: [Synth 8-5545] ROM "counter" won't be mapped to RAM because address size (32) is larger than maximum supported(25)
INFO: [Synth 8-5545] ROM "counter" won't be mapped to RAM because address size (32) is larger than maximum supported(25)
INFO: [Synth 8-5545] ROM "clk1hz" won't be mapped to RAM because address size (32) is larger than maximum supported(25)
INFO: [Synth 8-5545] ROM "counter" won't be mapped to RAM because address size (32) is larger than maximum supported(25)
INFO: [Synth 8-5545] ROM "clkout" won't be mapped to RAM because address size (32) is larger than maximum supported(25)
INFO: [Synth 8-5545] ROM "counter" won't be mapped to RAM because address size (32) is larger than maximum supported(25)
INFO: [Synth 8-5545] ROM "counter" won't be mapped to RAM because address size (32) is larger than maximum supported(25)
INFO: [Synth 8-5545] ROM "clk1hz" won't be mapped to RAM because address size (32) is larger than maximum supported(25)
INFO: [Synth 8-5544] ROM "delay_enable" won't be mapped to Block RAM because address size (4) smaller than threshold (5)
INFO: [Synth 8-5544] ROM "door_ctl" won't be mapped to Block RAM because address size (4) smaller than threshold (5)
INFO: [Synth 8-5544] ROM "last_move" won't be mapped to Block RAM because address size (4) smaller than threshold (5)
WARNING: [Synth 8-327] inferring latch for variable 'segments_reg' [C:/Users/smdsbz/Projects/WasherController/WasherController.srcs/sources_1/new/SevenSegDisplay.v:88]
WARNING: [Synth 8-327] inferring latch for variable 'door_ctl_reg' [C:/Users/smdsbz/Projects/WasherController/WasherController.srcs/sources_1/new/ElevatorFSM.v:172]
WARNING: [Synth 8-327] inferring latch for variable 'last_move_reg' [C:/Users/smdsbz/Projects/WasherController/WasherController.srcs/sources_1/new/ElevatorFSM.v:90]
WARNING: [Synth 8-327] inferring latch for variable 'move_up_reg' [C:/Users/smdsbz/Projects/WasherController/WasherController.srcs/sources_1/new/ElevatorFSM.v:167]
WARNING: [Synth 8-327] inferring latch for variable 'move_down_reg' [C:/Users/smdsbz/Projects/WasherController/WasherController.srcs/sources_1/new/ElevatorFSM.v:168]
WARNING: [Synth 8-327] inferring latch for variable 'delay_enable_reg' [C:/Users/smdsbz/Projects/WasherController/WasherController.srcs/sources_1/new/ElevatorFSM.v:45]
---------------------------------------------------------------------------------
Finished RTL Optimization Phase 2 : Time (s): cpu = 00:00:12 ; elapsed = 00:00:13 . Memory (MB): peak = 767.191 ; gain = 508.805
---------------------------------------------------------------------------------

Report RTL Partitions: 
+-+--------------+------------+----------+
| |RTL Partition |Replication |Instances |
+-+--------------+------------+----------+
+-+--------------+------------+----------+
---------------------------------------------------------------------------------
Start RTL Component Statistics 
---------------------------------------------------------------------------------
Detailed RTL Component Info : 
+---Adders : 
	   2 Input     32 Bit       Adders := 3     
	   2 Input      5 Bit       Adders := 1     
	   2 Input      4 Bit       Adders := 26    
+---Registers : 
	               32 Bit    Registers := 3     
	                8 Bit    Registers := 4     
	                4 Bit    Registers := 5     
	                1 Bit    Registers := 6     
+---Muxes : 
	   3 Input     32 Bit        Muxes := 2     
	   2 Input     32 Bit        Muxes := 3     
	   9 Input      8 Bit        Muxes := 1     
	   2 Input      8 Bit        Muxes := 2     
	   2 Input      7 Bit        Muxes := 1     
	   2 Input      4 Bit        Muxes := 17    
	   3 Input      2 Bit        Muxes := 3     
	   2 Input      2 Bit        Muxes := 2     
	   4 Input      2 Bit        Muxes := 4     
	   2 Input      1 Bit        Muxes := 38    
	   4 Input      1 Bit        Muxes := 7     
	   3 Input      1 Bit        Muxes := 4     
---------------------------------------------------------------------------------
Finished RTL Component Statistics 
---------------------------------------------------------------------------------
---------------------------------------------------------------------------------
Start RTL Hierarchical Component Statistics 
---------------------------------------------------------------------------------
Hierarchical RTL Component report 
Module ElevatorEmulator 
Detailed RTL Component Info : 
+---Muxes : 
	   2 Input      8 Bit        Muxes := 2     
	   2 Input      7 Bit        Muxes := 1     
	   2 Input      1 Bit        Muxes := 16    
Module DelaySignalNS 
Detailed RTL Component Info : 
+---Adders : 
	   2 Input     32 Bit       Adders := 1     
	   2 Input      4 Bit       Adders := 1     
+---Registers : 
	               32 Bit    Registers := 1     
	                4 Bit    Registers := 1     
	                1 Bit    Registers := 2     
+---Muxes : 
	   3 Input     32 Bit        Muxes := 1     
	   2 Input     32 Bit        Muxes := 1     
	   3 Input      2 Bit        Muxes := 1     
	   2 Input      1 Bit        Muxes := 3     
Module MotorSimulator 
Detailed RTL Component Info : 
+---Adders : 
	   2 Input      4 Bit       Adders := 2     
+---Registers : 
	                4 Bit    Registers := 2     
	                1 Bit    Registers := 1     
+---Muxes : 
	   2 Input      4 Bit        Muxes := 2     
	   2 Input      1 Bit        Muxes := 1     
Module ClockSignal1S 
Detailed RTL Component Info : 
+---Adders : 
	   2 Input     32 Bit       Adders := 1     
+---Registers : 
	               32 Bit    Registers := 1     
	                1 Bit    Registers := 1     
+---Muxes : 
	   2 Input     32 Bit        Muxes := 1     
	   2 Input      1 Bit        Muxes := 1     
Module BinaryToBCDConverter 
Detailed RTL Component Info : 
+---Adders : 
	   2 Input      4 Bit       Adders := 11    
+---Muxes : 
	   2 Input      4 Bit        Muxes := 7     
Module DisplayInterfaceDriver 
Detailed RTL Component Info : 
+---Registers : 
	                8 Bit    Registers := 1     
+---Muxes : 
	   9 Input      8 Bit        Muxes := 1     
Module DelaySignalNS__parameterized0 
Detailed RTL Component Info : 
+---Adders : 
	   2 Input     32 Bit       Adders := 1     
	   2 Input      4 Bit       Adders := 1     
+---Registers : 
	               32 Bit    Registers := 1     
	                4 Bit    Registers := 1     
	                1 Bit    Registers := 2     
+---Muxes : 
	   3 Input     32 Bit        Muxes := 1     
	   2 Input     32 Bit        Muxes := 1     
	   3 Input      2 Bit        Muxes := 1     
	   2 Input      1 Bit        Muxes := 3     
Module ElevatorFSM 
Detailed RTL Component Info : 
+---Registers : 
	                4 Bit    Registers := 1     
+---Muxes : 
	   2 Input      4 Bit        Muxes := 1     
	   2 Input      2 Bit        Muxes := 2     
	   4 Input      2 Bit        Muxes := 4     
	   3 Input      2 Bit        Muxes := 1     
	   2 Input      1 Bit        Muxes := 14    
	   4 Input      1 Bit        Muxes := 7     
	   3 Input      1 Bit        Muxes := 4     
Module ElevatorFiles 
Detailed RTL Component Info : 
+---Adders : 
	   2 Input      5 Bit       Adders := 1     
+---Registers : 
	                8 Bit    Registers := 3     
---------------------------------------------------------------------------------
Finished RTL Hierarchical Component Statistics
---------------------------------------------------------------------------------
---------------------------------------------------------------------------------
Start Part Resource Summary
---------------------------------------------------------------------------------
Part Resources:
DSPs: 240 (col length:80)
BRAMs: 270 (col length: RAMB18 80 RAMB36 40)
---------------------------------------------------------------------------------
Finished Part Resource Summary
---------------------------------------------------------------------------------
---------------------------------------------------------------------------------
Start Cross Boundary and Area Optimization
---------------------------------------------------------------------------------
Warning: Parallel synthesis criteria is not met 
WARNING: [Synth 8-6014] Unused sequential element EE_MotorSimMod/__MS_MotorDelayMod/clk1hz_reg was removed.  [C:/Users/smdsbz/Projects/WasherController/WasherController.srcs/sources_1/imports/sources_1/new/Clock.v:47]
WARNING: [Synth 8-6014] Unused sequential element EE_FSMMod/FSM_DelayMod/clk1hz_reg was removed.  [C:/Users/smdsbz/Projects/WasherController/WasherController.srcs/sources_1/imports/sources_1/new/Clock.v:47]
INFO: [Synth 8-5545] ROM "EE_MotorSimMod/__MS_MotorDelayMod/counter" won't be mapped to RAM because address size (32) is larger than maximum supported(25)
INFO: [Synth 8-5545] ROM "EE_MotorSimMod/__MS_MotorDelayMod/counter" won't be mapped to RAM because address size (32) is larger than maximum supported(25)
INFO: [Synth 8-5545] ROM "__EE_SlowerClock/counter" won't be mapped to RAM because address size (32) is larger than maximum supported(25)
INFO: [Synth 8-5545] ROM "__EE_SlowerClock/clkout" won't be mapped to RAM because address size (32) is larger than maximum supported(25)
INFO: [Synth 8-5545] ROM "EE_FSMMod/FSM_DelayMod/counter" won't be mapped to RAM because address size (32) is larger than maximum supported(25)
INFO: [Synth 8-5545] ROM "EE_FSMMod/FSM_DelayMod/counter" won't be mapped to RAM because address size (32) is larger than maximum supported(25)
WARNING: [Synth 8-3331] design ElevatorEmulator has unconnected port sw[14]
WARNING: [Synth 8-3331] design ElevatorEmulator has unconnected port sw[12]
WARNING: [Synth 8-3331] design ElevatorEmulator has unconnected port sw[10]
WARNING: [Synth 8-3331] design ElevatorEmulator has unconnected port sw[8]
WARNING: [Synth 8-3331] design ElevatorEmulator has unconnected port sw[6]
WARNING: [Synth 8-3331] design ElevatorEmulator has unconnected port sw[4]
WARNING: [Synth 8-3331] design ElevatorEmulator has unconnected port sw[0]
INFO: [Synth 8-3886] merging instance 'EE_FSMMod/current_state_reg[2]' (FDR) to 'EE_FSMMod/current_state_reg[3]'
INFO: [Synth 8-3333] propagating constant 0 across sequential element (\EE_FSMMod/current_state_reg[3] )
WARNING: [Synth 8-3332] Sequential element (EE_FSMMod/move_up_reg) is unused and will be removed from module ElevatorEmulator.
WARNING: [Synth 8-3332] Sequential element (EE_FSMMod/move_down_reg) is unused and will be removed from module ElevatorEmulator.
WARNING: [Synth 8-3332] Sequential element (EE_FSMMod/delay_enable_reg) is unused and will be removed from module ElevatorEmulator.
WARNING: [Synth 8-3332] Sequential element (EE_FSMMod/current_state_reg[3]) is unused and will be removed from module ElevatorEmulator.
WARNING: [Synth 8-3332] Sequential element (EE_FileMod/up_requests_reg[7]) is unused and will be removed from module ElevatorEmulator.
WARNING: [Synth 8-3332] Sequential element (EE_FileMod/down_requests_reg[0]) is unused and will be removed from module ElevatorEmulator.
INFO: [Synth 8-3333] propagating constant 1 across sequential element (\EE_DispMod/segments_reg[0] )
WARNING: [Synth 8-3332] Sequential element (EE_DispMod/segments_reg[0]) is unused and will be removed from module ElevatorEmulator.
---------------------------------------------------------------------------------
Finished Cross Boundary and Area Optimization : Time (s): cpu = 00:00:14 ; elapsed = 00:00:15 . Memory (MB): peak = 767.191 ; gain = 508.805
---------------------------------------------------------------------------------

Report RTL Partitions: 
+-+--------------+------------+----------+
| |RTL Partition |Replication |Instances |
+-+--------------+------------+----------+
+-+--------------+------------+----------+
---------------------------------------------------------------------------------
Start Applying XDC Timing Constraints
---------------------------------------------------------------------------------
---------------------------------------------------------------------------------
Finished Applying XDC Timing Constraints : Time (s): cpu = 00:00:21 ; elapsed = 00:00:23 . Memory (MB): peak = 767.191 ; gain = 508.805
---------------------------------------------------------------------------------
---------------------------------------------------------------------------------
Start Timing Optimization
---------------------------------------------------------------------------------
---------------------------------------------------------------------------------
Finished Timing Optimization : Time (s): cpu = 00:00:21 ; elapsed = 00:00:23 . Memory (MB): peak = 778.297 ; gain = 519.910
---------------------------------------------------------------------------------

Report RTL Partitions: 
+-+--------------+------------+----------+
| |RTL Partition |Replication |Instances |
+-+--------------+------------+----------+
+-+--------------+------------+----------+
---------------------------------------------------------------------------------
Start Technology Mapping
---------------------------------------------------------------------------------
---------------------------------------------------------------------------------
Finished Technology Mapping : Time (s): cpu = 00:00:21 ; elapsed = 00:00:24 . Memory (MB): peak = 781.164 ; gain = 522.777
---------------------------------------------------------------------------------

Report RTL Partitions: 
+-+--------------+------------+----------+
| |RTL Partition |Replication |Instances |
+-+--------------+------------+----------+
+-+--------------+------------+----------+
---------------------------------------------------------------------------------
Start IO Insertion
---------------------------------------------------------------------------------
---------------------------------------------------------------------------------
Start Flattening Before IO Insertion
---------------------------------------------------------------------------------
---------------------------------------------------------------------------------
Finished Flattening Before IO Insertion
---------------------------------------------------------------------------------
---------------------------------------------------------------------------------
Start Final Netlist Cleanup
---------------------------------------------------------------------------------
---------------------------------------------------------------------------------
Finished Final Netlist Cleanup
---------------------------------------------------------------------------------
---------------------------------------------------------------------------------
Finished IO Insertion : Time (s): cpu = 00:00:22 ; elapsed = 00:00:24 . Memory (MB): peak = 781.164 ; gain = 522.777
---------------------------------------------------------------------------------

Report Check Netlist: 
+------+------------------+-------+---------+-------+------------------+
|      |Item              |Errors |Warnings |Status |Description       |
+------+------------------+-------+---------+-------+------------------+
|1     |multi_driven_nets |      0|        0|Passed |Multi driven nets |
+------+------------------+-------+---------+-------+------------------+
---------------------------------------------------------------------------------
Start Renaming Generated Instances
---------------------------------------------------------------------------------
---------------------------------------------------------------------------------
Finished Renaming Generated Instances : Time (s): cpu = 00:00:22 ; elapsed = 00:00:24 . Memory (MB): peak = 781.164 ; gain = 522.777
---------------------------------------------------------------------------------

Report RTL Partitions: 
+-+--------------+------------+----------+
| |RTL Partition |Replication |Instances |
+-+--------------+------------+----------+
+-+--------------+------------+----------+
---------------------------------------------------------------------------------
Start Rebuilding User Hierarchy
---------------------------------------------------------------------------------
---------------------------------------------------------------------------------
Finished Rebuilding User Hierarchy : Time (s): cpu = 00:00:22 ; elapsed = 00:00:25 . Memory (MB): peak = 781.164 ; gain = 522.777
---------------------------------------------------------------------------------
---------------------------------------------------------------------------------
Start Renaming Generated Ports
---------------------------------------------------------------------------------
---------------------------------------------------------------------------------
Finished Renaming Generated Ports : Time (s): cpu = 00:00:22 ; elapsed = 00:00:25 . Memory (MB): peak = 781.164 ; gain = 522.777
---------------------------------------------------------------------------------
---------------------------------------------------------------------------------
Start Handling Custom Attributes
---------------------------------------------------------------------------------
---------------------------------------------------------------------------------
Finished Handling Custom Attributes : Time (s): cpu = 00:00:22 ; elapsed = 00:00:25 . Memory (MB): peak = 781.164 ; gain = 522.777
---------------------------------------------------------------------------------
---------------------------------------------------------------------------------
Start Renaming Generated Nets
---------------------------------------------------------------------------------
---------------------------------------------------------------------------------
Finished Renaming Generated Nets : Time (s): cpu = 00:00:22 ; elapsed = 00:00:25 . Memory (MB): peak = 781.164 ; gain = 522.777
---------------------------------------------------------------------------------
---------------------------------------------------------------------------------
Start Writing Synthesis Report
---------------------------------------------------------------------------------

Report BlackBoxes: 
+-+--------------+----------+
| |BlackBox name |Instances |
+-+--------------+----------+
+-+--------------+----------+

Report Cell Usage: 
+------+-------+------+
|      |Cell   |Count |
+------+-------+------+
|1     |BUFG   |     2|
|2     |CARRY4 |    24|
|3     |LUT1   |     9|
|4     |LUT2   |    22|
|5     |LUT3   |    41|
|6     |LUT4   |    53|
|7     |LUT5   |    78|
|8     |LUT6   |    69|
|9     |FDCE   |     4|
|10    |FDPE   |     4|
|11    |FDRE   |   136|
|12    |FDSE   |     8|
|13    |LD     |     2|
|14    |LDC    |     4|
|15    |LDP    |     7|
|16    |IBUF   |    15|
|17    |OBUF   |    36|
+------+-------+------+

Report Instance Areas: 
+------+-----------------------+------------------------------+------+
|      |Instance               |Module                        |Cells |
+------+-----------------------+------------------------------+------+
|1     |top                    |                              |   514|
|2     |  EE_DispMod           |DisplayInterfaceDriver        |    27|
|3     |  EE_FSMMod            |ElevatorFSM                   |   115|
|4     |    FSM_DelayMod       |DelaySignalNS__parameterized0 |    99|
|5     |  EE_FileMod           |ElevatorFiles                 |    87|
|6     |  EE_MotorSimMod       |MotorSimulator                |   180|
|7     |    __MS_MotorDelayMod |DelaySignalNS                 |   107|
|8     |  __EE_SlowerClock     |ClockSignal1S                 |    52|
+------+-----------------------+------------------------------+------+
---------------------------------------------------------------------------------
Finished Writing Synthesis Report : Time (s): cpu = 00:00:22 ; elapsed = 00:00:25 . Memory (MB): peak = 781.164 ; gain = 522.777
---------------------------------------------------------------------------------
Synthesis finished with 0 errors, 0 critical warnings and 22 warnings.
Synthesis Optimization Runtime : Time (s): cpu = 00:00:13 ; elapsed = 00:00:18 . Memory (MB): peak = 781.164 ; gain = 168.547
Synthesis Optimization Complete : Time (s): cpu = 00:00:22 ; elapsed = 00:00:25 . Memory (MB): peak = 781.164 ; gain = 522.777
INFO: [Project 1-571] Translating synthesized netlist
INFO: [Netlist 29-17] Analyzing 52 Unisim elements for replacement
INFO: [Netlist 29-28] Unisim Transformation completed in 0 CPU seconds
INFO: [Project 1-570] Preparing netlist for logic optimization
INFO: [Opt 31-138] Pushed 0 inverter(s) to 0 load pin(s).
INFO: [Project 1-111] Unisim Transformation Summary:
  A total of 13 instances were transformed.
  LD => LDCE: 2 instances
  LDC => LDCE: 4 instances
  LDP => LDPE: 7 instances

INFO: [Common 17-83] Releasing license: Synthesis
55 Infos, 137 Warnings, 100 Critical Warnings and 0 Errors encountered.
synth_design completed successfully
synth_design: Time (s): cpu = 00:00:24 ; elapsed = 00:00:27 . Memory (MB): peak = 781.164 ; gain = 535.688
WARNING: [Constraints 18-5210] No constraint will be written out.
INFO: [Common 17-1381] The checkpoint 'C:/Users/smdsbz/Projects/WasherController/WasherController.runs/synth_1/ElevatorEmulator.dcp' has been generated.
INFO: [runtcl-4] Executing : report_utilization -file ElevatorEmulator_utilization_synth.rpt -pb ElevatorEmulator_utilization_synth.pb
report_utilization: Time (s): cpu = 00:00:00 ; elapsed = 00:00:00.038 . Memory (MB): peak = 781.164 ; gain = 0.000
INFO: [Common 17-206] Exiting Vivado at Sun Sep 23 22:26:24 2018...
